	.text
	.syntax unified
	.eabi_attribute	67, "2.09"	@ Tag_conformance
	.cpu	cortex-m23
	.eabi_attribute	6, 16	@ Tag_CPU_arch
	.eabi_attribute	7, 77	@ Tag_CPU_arch_profile
	.eabi_attribute	8, 0	@ Tag_ARM_ISA_use
	.eabi_attribute	9, 3	@ Tag_THUMB_ISA_use
	.eabi_attribute	34, 0	@ Tag_CPU_unaligned_access
	.eabi_attribute	17, 1	@ Tag_ABI_PCS_GOT_use
	.eabi_attribute	20, 2	@ Tag_ABI_FP_denormal
	.eabi_attribute	21, 0	@ Tag_ABI_FP_exceptions
	.eabi_attribute	23, 1	@ Tag_ABI_FP_number_model
	.eabi_attribute	24, 1	@ Tag_ABI_align_needed
	.eabi_attribute	25, 1	@ Tag_ABI_align_preserved
	.eabi_attribute	38, 1	@ Tag_ABI_FP_16bit_format
	.eabi_attribute	18, 2	@ Tag_ABI_PCS_wchar_t
	.eabi_attribute	26, 1	@ Tag_ABI_enum_size
	.eabi_attribute	14, 0	@ Tag_ABI_PCS_R9_use
	.file	"MyFunc_CLI_Commands.c"
	.file	1 "C:\\Work\\Keil WorkSpace\\Furbo\\Keil" "../MYx/Inc\\MyFunc_CLI.h"
	.file	2 "C:\\Work\\Keil WorkSpace\\Furbo\\Keil" "../MYx/Src/MyFunc_CLI_Commands.c"
	.hidden	helpAction              @ -- Begin function helpAction
	.globl	helpAction
	.p2align	2
	.type	helpAction,%function
	.code	16                      @ @helpAction
	.thumb_func
helpAction:
.Lfunc_begin0:
	.loc	2 42 0                  @ ../MYx/Src/MyFunc_CLI_Commands.c:42:0
	.fnstart
	.cfi_sections .debug_frame
	.cfi_startproc
@ %bb.0:
	.save	{r7, lr}
	push	{r7, lr}
	.cfi_def_cfa_offset 8
	.cfi_offset lr, -4
	.cfi_offset r7, -8
	.pad	#8
	sub	sp, #8
	.cfi_def_cfa_offset 16
.Ltmp0:
	.loc	2 45 12 prologue_end    @ ../MYx/Src/MyFunc_CLI_Commands.c:45:12
	ldr	r0, __arm_cp.0_0
	str	r0, [sp, #4]
	.loc	2 45 8 is_stmt 0        @ ../MYx/Src/MyFunc_CLI_Commands.c:45:8
	b	.LBB0_1
.LBB0_1:                                @ =>This Inner Loop Header: Depth=1
.Ltmp1:
	.loc	2 45 28                 @ ../MYx/Src/MyFunc_CLI_Commands.c:45:28
	ldr	r0, [sp, #4]
	.loc	2 45 33                 @ ../MYx/Src/MyFunc_CLI_Commands.c:45:33
	ldr	r0, [r0]
.Ltmp2:
	.loc	2 45 3                  @ ../MYx/Src/MyFunc_CLI_Commands.c:45:3
	cmp	r0, #0
	beq	.LBB0_12
	b	.LBB0_2
.LBB0_2:                                @   in Loop: Header=BB0_1 Depth=1
.Ltmp3:
	.loc	2 46 9 is_stmt 1        @ ../MYx/Src/MyFunc_CLI_Commands.c:46:9
	ldr	r0, [sp, #4]
	ldr	r0, [r0]
	ldr	r1, __arm_cp.0_1
	bl	strcmp
	cmp	r0, #0
	beq	.LBB0_10
	b	.LBB0_3
.LBB0_3:                                @   in Loop: Header=BB0_1 Depth=1
	ldr	r0, [sp, #4]
	ldr	r0, [r0]
	ldr	r1, __arm_cp.0_2
	bl	strcmp
	cmp	r0, #0
	beq	.LBB0_10
	b	.LBB0_4
.LBB0_4:                                @   in Loop: Header=BB0_1 Depth=1
	ldr	r0, [sp, #4]
	ldr	r0, [r0]
	ldr	r1, __arm_cp.0_3
	bl	strcmp
	cmp	r0, #0
	beq	.LBB0_10
	b	.LBB0_5
.LBB0_5:                                @   in Loop: Header=BB0_1 Depth=1
	ldr	r0, [sp, #4]
	ldr	r0, [r0]
	ldr	r1, __arm_cp.0_4
	bl	strcmp
	cmp	r0, #0
	beq	.LBB0_10
	b	.LBB0_6
.LBB0_6:                                @   in Loop: Header=BB0_1 Depth=1
	ldr	r0, [sp, #4]
	ldr	r0, [r0]
	ldr	r1, __arm_cp.0_5
	bl	strcmp
	cmp	r0, #0
	beq	.LBB0_10
	b	.LBB0_7
.LBB0_7:                                @   in Loop: Header=BB0_1 Depth=1
	ldr	r0, [sp, #4]
	ldr	r0, [r0]
	ldr	r1, __arm_cp.0_6
	bl	strcmp
	cmp	r0, #0
	beq	.LBB0_10
	b	.LBB0_8
.LBB0_8:                                @   in Loop: Header=BB0_1 Depth=1
	ldr	r0, [sp, #4]
	ldr	r0, [r0]
	ldr	r1, __arm_cp.0_7
	bl	strcmp
.Ltmp4:
	.loc	2 46 8 is_stmt 0        @ ../MYx/Src/MyFunc_CLI_Commands.c:46:8
	cmp	r0, #0
	beq	.LBB0_10
	b	.LBB0_9
.LBB0_9:                                @   in Loop: Header=BB0_1 Depth=1
.Ltmp5:
	.loc	2 48 35 is_stmt 1       @ ../MYx/Src/MyFunc_CLI_Commands.c:48:35
	ldr	r0, [sp, #4]
	.loc	2 48 40 is_stmt 0       @ ../MYx/Src/MyFunc_CLI_Commands.c:48:40
	ldr	r1, [r0]
	.loc	2 48 51                 @ ../MYx/Src/MyFunc_CLI_Commands.c:48:51
	ldr	r2, [r0, #8]
	.loc	2 48 71                 @ ../MYx/Src/MyFunc_CLI_Commands.c:48:71
	ldr	r3, [r0, #12]
	.loc	2 48 7                  @ ../MYx/Src/MyFunc_CLI_Commands.c:48:7
	ldr	r0, __arm_cp.0_8
	bl	printf
	.loc	2 49 5 is_stmt 1        @ ../MYx/Src/MyFunc_CLI_Commands.c:49:5
	b	.LBB0_10
.Ltmp6:
.LBB0_10:                               @   in Loop: Header=BB0_1 Depth=1
	.loc	2 50 3                  @ ../MYx/Src/MyFunc_CLI_Commands.c:50:3
	b	.LBB0_11
.Ltmp7:
.LBB0_11:                               @   in Loop: Header=BB0_1 Depth=1
	.loc	2 45 50                 @ ../MYx/Src/MyFunc_CLI_Commands.c:45:50
	ldr	r0, [sp, #4]
	adds	r0, #16
	str	r0, [sp, #4]
	.loc	2 45 3 is_stmt 0        @ ../MYx/Src/MyFunc_CLI_Commands.c:45:3
	b	.LBB0_1
.Ltmp8:
.LBB0_12:
	.loc	2 51 1 is_stmt 1        @ ../MYx/Src/MyFunc_CLI_Commands.c:51:1
	add	sp, #8
	pop	{r7, pc}
.Ltmp9:
	.p2align	2
@ %bb.13:
	.loc	2 0 1 is_stmt 0         @ ../MYx/Src/MyFunc_CLI_Commands.c:0:1
__arm_cp.0_0:
	.long	CommandTable
.Lcpi_end0:
	.size	__arm_cp.0_0, .Lcpi_end0-__arm_cp.0_0
__arm_cp.0_1:
	.long	.L.str.21
.Lcpi_end1:
	.size	__arm_cp.0_1, .Lcpi_end1-__arm_cp.0_1
__arm_cp.0_2:
	.long	.L.str.22
.Lcpi_end2:
	.size	__arm_cp.0_2, .Lcpi_end2-__arm_cp.0_2
__arm_cp.0_3:
	.long	.L.str.23
.Lcpi_end3:
	.size	__arm_cp.0_3, .Lcpi_end3-__arm_cp.0_3
__arm_cp.0_4:
	.long	.L.str.24
.Lcpi_end4:
	.size	__arm_cp.0_4, .Lcpi_end4-__arm_cp.0_4
__arm_cp.0_5:
	.long	.L.str.25
.Lcpi_end5:
	.size	__arm_cp.0_5, .Lcpi_end5-__arm_cp.0_5
__arm_cp.0_6:
	.long	.L.str.26
.Lcpi_end6:
	.size	__arm_cp.0_6, .Lcpi_end6-__arm_cp.0_6
__arm_cp.0_7:
	.long	.L.str.27
.Lcpi_end7:
	.size	__arm_cp.0_7, .Lcpi_end7-__arm_cp.0_7
__arm_cp.0_8:
	.long	.L.str.28
.Lcpi_end8:
	.size	__arm_cp.0_8, .Lcpi_end8-__arm_cp.0_8
.Lfunc_end0:
	.size	helpAction, .Lfunc_end0-helpAction
	.cfi_endproc
	.cantunwind
	.fnend
                                        @ -- End function
	.hidden	MyCLI_RebootAction      @ -- Begin function MyCLI_RebootAction
	.globl	MyCLI_RebootAction
	.p2align	2
	.type	MyCLI_RebootAction,%function
	.code	16                      @ @MyCLI_RebootAction
	.thumb_func
MyCLI_RebootAction:
.Lfunc_begin1:
	.loc	2 54 0 is_stmt 1        @ ../MYx/Src/MyFunc_CLI_Commands.c:54:0
	.fnstart
	.cfi_startproc
@ %bb.0:
	.save	{r7, lr}
	push	{r7, lr}
	.cfi_def_cfa_offset 8
	.cfi_offset lr, -4
	.cfi_offset r7, -8
.Ltmp10:
	.loc	2 55 3 prologue_end     @ ../MYx/Src/MyFunc_CLI_Commands.c:55:3
	ldr	r0, __arm_cp.1_0
	bl	My_printf
	.loc	2 63 2                  @ ../MYx/Src/MyFunc_CLI_Commands.c:63:2
	bl	SYS_ResetChip
	.loc	2 67 1                  @ ../MYx/Src/MyFunc_CLI_Commands.c:67:1
	pop	{r7, pc}
.Ltmp11:
	.p2align	2
@ %bb.1:
	.loc	2 0 1 is_stmt 0         @ ../MYx/Src/MyFunc_CLI_Commands.c:0:1
__arm_cp.1_0:
	.long	.L.str.29
.Lcpi_end9:
	.size	__arm_cp.1_0, .Lcpi_end9-__arm_cp.1_0
.Lfunc_end1:
	.size	MyCLI_RebootAction, .Lfunc_end1-MyCLI_RebootAction
	.cfi_endproc
	.cantunwind
	.fnend
                                        @ -- End function
	.type	.L.str,%object          @ @.str
	.section	.rodata.str1.1,"aMS",%progbits,1
.L.str:
	.asciz	"help"
	.size	.L.str, 5

	.type	.L.str.1,%object        @ @.str.1
.L.str.1:
	.zero	1
	.size	.L.str.1, 1

	.type	.L.str.2,%object        @ @.str.2
.L.str.2:
	.asciz	"List commands"
	.size	.L.str.2, 14

	.type	.L.str.3,%object        @ @.str.3
.L.str.3:
	.asciz	"reboot"
	.size	.L.str.3, 7

	.type	.L.str.4,%object        @ @.str.4
.L.str.4:
	.asciz	"Reboot device"
	.size	.L.str.4, 14

	.type	.L.str.5,%object        @ @.str.5
.L.str.5:
	.asciz	"IO_Init"
	.size	.L.str.5, 8

	.type	.L.str.6,%object        @ @.str.6
.L.str.6:
	.asciz	" GPIO INIT"
	.size	.L.str.6, 11

	.type	.L.str.7,%object        @ @.str.7
.L.str.7:
	.asciz	"IO_W"
	.size	.L.str.7, 5

	.type	.L.str.8,%object        @ @.str.8
.L.str.8:
	.asciz	"uuu"
	.size	.L.str.8, 4

	.type	.L.str.9,%object        @ @.str.9
.L.str.9:
	.asciz	" GPIO_Write ex: \"IO_W Port Pin Status\"\r\n GPIO Port Number ex: 0:PortA ~ 3:PortD \r\n GPIO Pin Number 0:Pin0 ~ 15:Pin15 \r\n GPIO Pin Status Set 0:Low 1:High"
	.size	.L.str.9, 153

	.type	.L.str.10,%object       @ @.str.10
.L.str.10:
	.asciz	"IO_R"
	.size	.L.str.10, 5

	.type	.L.str.11,%object       @ @.str.11
.L.str.11:
	.asciz	"uu"
	.size	.L.str.11, 3

	.type	.L.str.12,%object       @ @.str.12
.L.str.12:
	.asciz	" GPIO_Read ex: \"IO_R Port Pin \"\r\n GPIO Port Number ex: 0:PortA ~ 3:PortD \r\n GPIO Pin Number 0:Pin0 ~ 15:Pin15 "
	.size	.L.str.12, 111

	.type	.L.str.13,%object       @ @.str.13
.L.str.13:
	.asciz	"IO_S2I"
	.size	.L.str.13, 7

	.type	.L.str.14,%object       @ @.str.14
.L.str.14:
	.asciz	" GPIO_Set2InputMode ex: \"IO_S2I Port Pin \"\r\n GPIO Port Number ex: 0:PortA ~ 3:PortD \r\n GPIO Pin Number 0:Pin0 ~ 15:Pin15 "
	.size	.L.str.14, 122

	.type	.L.str.15,%object       @ @.str.15
.L.str.15:
	.asciz	"IO_S2O"
	.size	.L.str.15, 7

	.type	.L.str.16,%object       @ @.str.16
.L.str.16:
	.asciz	" GPIO_Set2OutputMode ex: \"IO_S2O Port Pin \"\r\n GPIO Port Number ex: 0:PortA ~ 3:PortD \r\n GPIO Pin Number 0:Pin0 ~ 15:Pin15 "
	.size	.L.str.16, 123

	.type	.L.str.17,%object       @ @.str.17
.L.str.17:
	.asciz	"Dummy"
	.size	.L.str.17, 6

	.type	.L.str.18,%object       @ @.str.18
.L.str.18:
	.asciz	"PIRI"
	.size	.L.str.18, 5

	.type	.L.str.19,%object       @ @.str.19
.L.str.19:
	.asciz	"PIRS"
	.size	.L.str.19, 5

	.type	.L.str.20,%object       @ @.str.20
.L.str.20:
	.asciz	"PIRR"
	.size	.L.str.20, 5

	.hidden	CommandTable            @ @CommandTable
	.type	CommandTable,%object
	.section	.data.CommandTable,"aw",%progbits
	.globl	CommandTable
	.p2align	2
CommandTable:
.LCommandTable$local:
	.long	.L.str
	.long	helpAction
	.long	.L.str.1
	.long	.L.str.2
	.long	.L.str.3
	.long	MyCLI_RebootAction
	.long	.L.str.1
	.long	.L.str.4
	.long	.L.str.5
	.long	MyGPIO_Init
	.long	.L.str.1
	.long	.L.str.6
	.long	.L.str.7
	.long	MyGPIO_CLI_WritePin
	.long	.L.str.8
	.long	.L.str.9
	.long	.L.str.10
	.long	MyGPIO_CLI_ReadPin
	.long	.L.str.11
	.long	.L.str.12
	.long	.L.str.13
	.long	MyGPIO_CLI_Set2InputMode
	.long	.L.str.11
	.long	.L.str.14
	.long	.L.str.15
	.long	MyGPIO_CLI_Set2OutputMode
	.long	.L.str.11
	.long	.L.str.16
	.long	.L.str.17
	.long	MyGPIO_Init
	.long	.L.str.1
	.long	.L.str.1
	.long	.L.str.18
	.long	MyPIR_Init
	.long	.L.str.1
	.long	.L.str.1
	.long	.L.str.19
	.long	MyPIR_WriterRegisterValue
	.long	.L.str.1
	.long	.L.str.1
	.long	.L.str.20
	.long	MyPIR_ReadDirectLink
	.long	.L.str.1
	.long	.L.str.1
	.zero	16
	.size	CommandTable, 192

	.type	.L.str.21,%object       @ @.str.21
	.section	.rodata.str1.1,"aMS",%progbits,1
.L.str.21:
	.asciz	"EepromWritePage"
	.size	.L.str.21, 16

	.type	.L.str.22,%object       @ @.str.22
.L.str.22:
	.asciz	"EepromReadPage"
	.size	.L.str.22, 15

	.type	.L.str.23,%object       @ @.str.23
.L.str.23:
	.asciz	"EepromStatus"
	.size	.L.str.23, 13

	.type	.L.str.24,%object       @ @.str.24
.L.str.24:
	.asciz	"interactive"
	.size	.L.str.24, 12

	.type	.L.str.25,%object       @ @.str.25
.L.str.25:
	.asciz	"dfu"
	.size	.L.str.25, 4

	.type	.L.str.26,%object       @ @.str.26
.L.str.26:
	.asciz	"RegulateVRf"
	.size	.L.str.26, 12

	.type	.L.str.27,%object       @ @.str.27
.L.str.27:
	.asciz	"GetVRf"
	.size	.L.str.27, 7

	.type	.L.str.28,%object       @ @.str.28
.L.str.28:
	.asciz	"%s %s %s\r\n\r\n"
	.size	.L.str.28, 13

	.type	.L.str.29,%object       @ @.str.29
.L.str.29:
	.asciz	"{&N API call...&ts} reboot"
	.size	.L.str.29, 27

	.section	.debug_str,"MS",%progbits,1
.Linfo_string0:
	.asciz	"Component: ARM Compiler 6.14 Tool: armclang [5db06c00]" @ string offset=0
.Linfo_string1:
	.asciz	"../MYx/Src\\MyFunc_CLI_Commands.c" @ string offset=55
.Linfo_string2:
	.asciz	"C:\\Work\\Keil WorkSpace\\Furbo\\Keil" @ string offset=88
.Linfo_string3:
	.asciz	"CommandTable"          @ string offset=122
.Linfo_string4:
	.asciz	"name"                  @ string offset=135
.Linfo_string5:
	.asciz	"char"                  @ string offset=140
.Linfo_string6:
	.asciz	"action"                @ string offset=145
.Linfo_string7:
	.asciz	"CommandAction"         @ string offset=152
.Linfo_string8:
	.asciz	"argumentTypes"         @ string offset=166
.Linfo_string9:
	.asciz	"description"           @ string offset=180
.Linfo_string10:
	.asciz	"CommandEntry"          @ string offset=192
.Linfo_string11:
	.asciz	"__ARRAY_SIZE_TYPE__"   @ string offset=205
.Linfo_string12:
	.asciz	"helpAction"            @ string offset=225
.Linfo_string13:
	.asciz	"MyCLI_RebootAction"    @ string offset=236
.Linfo_string14:
	.asciz	"cmd"                   @ string offset=255
	.section	.debug_abbrev,"",%progbits
	.byte	1                       @ Abbreviation Code
	.byte	17                      @ DW_TAG_compile_unit
	.byte	1                       @ DW_CHILDREN_yes
	.byte	37                      @ DW_AT_producer
	.byte	14                      @ DW_FORM_strp
	.byte	19                      @ DW_AT_language
	.byte	5                       @ DW_FORM_data2
	.byte	3                       @ DW_AT_name
	.byte	14                      @ DW_FORM_strp
	.byte	16                      @ DW_AT_stmt_list
	.byte	6                       @ DW_FORM_data4
	.byte	27                      @ DW_AT_comp_dir
	.byte	14                      @ DW_FORM_strp
	.byte	17                      @ DW_AT_low_pc
	.byte	1                       @ DW_FORM_addr
	.byte	18                      @ DW_AT_high_pc
	.byte	1                       @ DW_FORM_addr
	.byte	0                       @ EOM(1)
	.byte	0                       @ EOM(2)
	.byte	2                       @ Abbreviation Code
	.byte	52                      @ DW_TAG_variable
	.byte	0                       @ DW_CHILDREN_no
	.byte	3                       @ DW_AT_name
	.byte	14                      @ DW_FORM_strp
	.byte	73                      @ DW_AT_type
	.byte	19                      @ DW_FORM_ref4
	.byte	63                      @ DW_AT_external
	.byte	12                      @ DW_FORM_flag
	.byte	58                      @ DW_AT_decl_file
	.byte	11                      @ DW_FORM_data1
	.byte	59                      @ DW_AT_decl_line
	.byte	11                      @ DW_FORM_data1
	.byte	2                       @ DW_AT_location
	.byte	10                      @ DW_FORM_block1
	.byte	0                       @ EOM(1)
	.byte	0                       @ EOM(2)
	.byte	3                       @ Abbreviation Code
	.byte	1                       @ DW_TAG_array_type
	.byte	1                       @ DW_CHILDREN_yes
	.byte	73                      @ DW_AT_type
	.byte	19                      @ DW_FORM_ref4
	.byte	0                       @ EOM(1)
	.byte	0                       @ EOM(2)
	.byte	4                       @ Abbreviation Code
	.byte	33                      @ DW_TAG_subrange_type
	.byte	0                       @ DW_CHILDREN_no
	.byte	73                      @ DW_AT_type
	.byte	19                      @ DW_FORM_ref4
	.byte	55                      @ DW_AT_count
	.byte	11                      @ DW_FORM_data1
	.byte	0                       @ EOM(1)
	.byte	0                       @ EOM(2)
	.byte	5                       @ Abbreviation Code
	.byte	22                      @ DW_TAG_typedef
	.byte	0                       @ DW_CHILDREN_no
	.byte	73                      @ DW_AT_type
	.byte	19                      @ DW_FORM_ref4
	.byte	3                       @ DW_AT_name
	.byte	14                      @ DW_FORM_strp
	.byte	58                      @ DW_AT_decl_file
	.byte	11                      @ DW_FORM_data1
	.byte	59                      @ DW_AT_decl_line
	.byte	11                      @ DW_FORM_data1
	.byte	0                       @ EOM(1)
	.byte	0                       @ EOM(2)
	.byte	6                       @ Abbreviation Code
	.byte	19                      @ DW_TAG_structure_type
	.byte	1                       @ DW_CHILDREN_yes
	.byte	11                      @ DW_AT_byte_size
	.byte	11                      @ DW_FORM_data1
	.byte	58                      @ DW_AT_decl_file
	.byte	11                      @ DW_FORM_data1
	.byte	59                      @ DW_AT_decl_line
	.byte	11                      @ DW_FORM_data1
	.byte	0                       @ EOM(1)
	.byte	0                       @ EOM(2)
	.byte	7                       @ Abbreviation Code
	.byte	13                      @ DW_TAG_member
	.byte	0                       @ DW_CHILDREN_no
	.byte	3                       @ DW_AT_name
	.byte	14                      @ DW_FORM_strp
	.byte	73                      @ DW_AT_type
	.byte	19                      @ DW_FORM_ref4
	.byte	58                      @ DW_AT_decl_file
	.byte	11                      @ DW_FORM_data1
	.byte	59                      @ DW_AT_decl_line
	.byte	11                      @ DW_FORM_data1
	.byte	56                      @ DW_AT_data_member_location
	.byte	11                      @ DW_FORM_data1
	.byte	0                       @ EOM(1)
	.byte	0                       @ EOM(2)
	.byte	8                       @ Abbreviation Code
	.byte	15                      @ DW_TAG_pointer_type
	.byte	0                       @ DW_CHILDREN_no
	.byte	73                      @ DW_AT_type
	.byte	19                      @ DW_FORM_ref4
	.byte	0                       @ EOM(1)
	.byte	0                       @ EOM(2)
	.byte	9                       @ Abbreviation Code
	.byte	38                      @ DW_TAG_const_type
	.byte	0                       @ DW_CHILDREN_no
	.byte	73                      @ DW_AT_type
	.byte	19                      @ DW_FORM_ref4
	.byte	0                       @ EOM(1)
	.byte	0                       @ EOM(2)
	.byte	10                      @ Abbreviation Code
	.byte	36                      @ DW_TAG_base_type
	.byte	0                       @ DW_CHILDREN_no
	.byte	3                       @ DW_AT_name
	.byte	14                      @ DW_FORM_strp
	.byte	62                      @ DW_AT_encoding
	.byte	11                      @ DW_FORM_data1
	.byte	11                      @ DW_AT_byte_size
	.byte	11                      @ DW_FORM_data1
	.byte	0                       @ EOM(1)
	.byte	0                       @ EOM(2)
	.byte	11                      @ Abbreviation Code
	.byte	21                      @ DW_TAG_subroutine_type
	.byte	0                       @ DW_CHILDREN_no
	.byte	39                      @ DW_AT_prototyped
	.byte	12                      @ DW_FORM_flag
	.byte	0                       @ EOM(1)
	.byte	0                       @ EOM(2)
	.byte	12                      @ Abbreviation Code
	.byte	36                      @ DW_TAG_base_type
	.byte	0                       @ DW_CHILDREN_no
	.byte	3                       @ DW_AT_name
	.byte	14                      @ DW_FORM_strp
	.byte	11                      @ DW_AT_byte_size
	.byte	11                      @ DW_FORM_data1
	.byte	62                      @ DW_AT_encoding
	.byte	11                      @ DW_FORM_data1
	.byte	0                       @ EOM(1)
	.byte	0                       @ EOM(2)
	.byte	13                      @ Abbreviation Code
	.byte	46                      @ DW_TAG_subprogram
	.byte	1                       @ DW_CHILDREN_yes
	.byte	17                      @ DW_AT_low_pc
	.byte	1                       @ DW_FORM_addr
	.byte	18                      @ DW_AT_high_pc
	.byte	1                       @ DW_FORM_addr
	.byte	64                      @ DW_AT_frame_base
	.byte	10                      @ DW_FORM_block1
	.byte	3                       @ DW_AT_name
	.byte	14                      @ DW_FORM_strp
	.byte	58                      @ DW_AT_decl_file
	.byte	11                      @ DW_FORM_data1
	.byte	59                      @ DW_AT_decl_line
	.byte	11                      @ DW_FORM_data1
	.byte	39                      @ DW_AT_prototyped
	.byte	12                      @ DW_FORM_flag
	.byte	63                      @ DW_AT_external
	.byte	12                      @ DW_FORM_flag
	.byte	0                       @ EOM(1)
	.byte	0                       @ EOM(2)
	.byte	14                      @ Abbreviation Code
	.byte	52                      @ DW_TAG_variable
	.byte	0                       @ DW_CHILDREN_no
	.byte	2                       @ DW_AT_location
	.byte	10                      @ DW_FORM_block1
	.byte	3                       @ DW_AT_name
	.byte	14                      @ DW_FORM_strp
	.byte	58                      @ DW_AT_decl_file
	.byte	11                      @ DW_FORM_data1
	.byte	59                      @ DW_AT_decl_line
	.byte	11                      @ DW_FORM_data1
	.byte	73                      @ DW_AT_type
	.byte	19                      @ DW_FORM_ref4
	.byte	0                       @ EOM(1)
	.byte	0                       @ EOM(2)
	.byte	15                      @ Abbreviation Code
	.byte	46                      @ DW_TAG_subprogram
	.byte	0                       @ DW_CHILDREN_no
	.byte	17                      @ DW_AT_low_pc
	.byte	1                       @ DW_FORM_addr
	.byte	18                      @ DW_AT_high_pc
	.byte	1                       @ DW_FORM_addr
	.byte	64                      @ DW_AT_frame_base
	.byte	10                      @ DW_FORM_block1
	.byte	3                       @ DW_AT_name
	.byte	14                      @ DW_FORM_strp
	.byte	58                      @ DW_AT_decl_file
	.byte	11                      @ DW_FORM_data1
	.byte	59                      @ DW_AT_decl_line
	.byte	11                      @ DW_FORM_data1
	.byte	39                      @ DW_AT_prototyped
	.byte	12                      @ DW_FORM_flag
	.byte	63                      @ DW_AT_external
	.byte	12                      @ DW_FORM_flag
	.byte	0                       @ EOM(1)
	.byte	0                       @ EOM(2)
	.byte	0                       @ EOM(3)
	.section	.debug_info,"",%progbits
.Lcu_begin0:
	.long	.Ldebug_info_end0-.Ldebug_info_start0 @ Length of Unit
.Ldebug_info_start0:
	.short	3                       @ DWARF version number
	.long	.debug_abbrev           @ Offset Into Abbrev. Section
	.byte	4                       @ Address Size (in bytes)
	.byte	1                       @ Abbrev [1] 0xb:0xde DW_TAG_compile_unit
	.long	.Linfo_string0          @ DW_AT_producer
	.short	1                       @ DW_AT_language
	.long	.Linfo_string1          @ DW_AT_name
	.long	.Lline_table_start0     @ DW_AT_stmt_list
	.long	.Linfo_string2          @ DW_AT_comp_dir
	.long	.Lfunc_begin0           @ DW_AT_low_pc
	.long	.Lfunc_end1             @ DW_AT_high_pc
	.byte	2                       @ Abbrev [2] 0x26:0x12 DW_TAG_variable
	.long	.Linfo_string3          @ DW_AT_name
	.long	56                      @ DW_AT_type
	.byte	1                       @ DW_AT_external
	.byte	2                       @ DW_AT_decl_file
	.byte	15                      @ DW_AT_decl_line
	.byte	5                       @ DW_AT_location
	.byte	3
	.long	CommandTable
	.byte	3                       @ Abbrev [3] 0x38:0xc DW_TAG_array_type
	.long	68                      @ DW_AT_type
	.byte	4                       @ Abbrev [4] 0x3d:0x6 DW_TAG_subrange_type
	.long	167                     @ DW_AT_type
	.byte	12                      @ DW_AT_count
	.byte	0                       @ End Of Children Mark
	.byte	5                       @ Abbrev [5] 0x44:0xb DW_TAG_typedef
	.long	79                      @ DW_AT_type
	.long	.Linfo_string10         @ DW_AT_name
	.byte	1                       @ DW_AT_decl_file
	.byte	57                      @ DW_AT_decl_line
	.byte	6                       @ Abbrev [6] 0x4f:0x35 DW_TAG_structure_type
	.byte	16                      @ DW_AT_byte_size
	.byte	1                       @ DW_AT_decl_file
	.byte	24                      @ DW_AT_decl_line
	.byte	7                       @ Abbrev [7] 0x53:0xc DW_TAG_member
	.long	.Linfo_string4          @ DW_AT_name
	.long	132                     @ DW_AT_type
	.byte	1                       @ DW_AT_decl_file
	.byte	28                      @ DW_AT_decl_line
	.byte	0                       @ DW_AT_data_member_location
	.byte	7                       @ Abbrev [7] 0x5f:0xc DW_TAG_member
	.long	.Linfo_string6          @ DW_AT_name
	.long	149                     @ DW_AT_type
	.byte	1                       @ DW_AT_decl_file
	.byte	32                      @ DW_AT_decl_line
	.byte	4                       @ DW_AT_data_member_location
	.byte	7                       @ Abbrev [7] 0x6b:0xc DW_TAG_member
	.long	.Linfo_string8          @ DW_AT_name
	.long	132                     @ DW_AT_type
	.byte	1                       @ DW_AT_decl_file
	.byte	53                      @ DW_AT_decl_line
	.byte	8                       @ DW_AT_data_member_location
	.byte	7                       @ Abbrev [7] 0x77:0xc DW_TAG_member
	.long	.Linfo_string9          @ DW_AT_name
	.long	132                     @ DW_AT_type
	.byte	1                       @ DW_AT_decl_file
	.byte	56                      @ DW_AT_decl_line
	.byte	12                      @ DW_AT_data_member_location
	.byte	0                       @ End Of Children Mark
	.byte	8                       @ Abbrev [8] 0x84:0x5 DW_TAG_pointer_type
	.long	137                     @ DW_AT_type
	.byte	9                       @ Abbrev [9] 0x89:0x5 DW_TAG_const_type
	.long	142                     @ DW_AT_type
	.byte	10                      @ Abbrev [10] 0x8e:0x7 DW_TAG_base_type
	.long	.Linfo_string5          @ DW_AT_name
	.byte	8                       @ DW_AT_encoding
	.byte	1                       @ DW_AT_byte_size
	.byte	5                       @ Abbrev [5] 0x95:0xb DW_TAG_typedef
	.long	160                     @ DW_AT_type
	.long	.Linfo_string7          @ DW_AT_name
	.byte	1                       @ DW_AT_decl_file
	.byte	21                      @ DW_AT_decl_line
	.byte	8                       @ Abbrev [8] 0xa0:0x5 DW_TAG_pointer_type
	.long	165                     @ DW_AT_type
	.byte	11                      @ Abbrev [11] 0xa5:0x2 DW_TAG_subroutine_type
	.byte	1                       @ DW_AT_prototyped
	.byte	12                      @ Abbrev [12] 0xa7:0x7 DW_TAG_base_type
	.long	.Linfo_string11         @ DW_AT_name
	.byte	8                       @ DW_AT_byte_size
	.byte	7                       @ DW_AT_encoding
	.byte	13                      @ Abbrev [13] 0xae:0x22 DW_TAG_subprogram
	.long	.Lfunc_begin0           @ DW_AT_low_pc
	.long	.Lfunc_end0             @ DW_AT_high_pc
	.byte	1                       @ DW_AT_frame_base
	.byte	93
	.long	.Linfo_string12         @ DW_AT_name
	.byte	2                       @ DW_AT_decl_file
	.byte	41                      @ DW_AT_decl_line
	.byte	1                       @ DW_AT_prototyped
	.byte	1                       @ DW_AT_external
	.byte	14                      @ Abbrev [14] 0xc1:0xe DW_TAG_variable
	.byte	2                       @ DW_AT_location
	.byte	145
	.byte	4
	.long	.Linfo_string14         @ DW_AT_name
	.byte	2                       @ DW_AT_decl_file
	.byte	43                      @ DW_AT_decl_line
	.long	227                     @ DW_AT_type
	.byte	0                       @ End Of Children Mark
	.byte	15                      @ Abbrev [15] 0xd0:0x13 DW_TAG_subprogram
	.long	.Lfunc_begin1           @ DW_AT_low_pc
	.long	.Lfunc_end1             @ DW_AT_high_pc
	.byte	1                       @ DW_AT_frame_base
	.byte	93
	.long	.Linfo_string13         @ DW_AT_name
	.byte	2                       @ DW_AT_decl_file
	.byte	53                      @ DW_AT_decl_line
	.byte	1                       @ DW_AT_prototyped
	.byte	1                       @ DW_AT_external
	.byte	8                       @ Abbrev [8] 0xe3:0x5 DW_TAG_pointer_type
	.long	68                      @ DW_AT_type
	.byte	0                       @ End Of Children Mark
.Ldebug_info_end0:
	.ident	"Component: ARM Compiler 6.14 Tool: armclang [5db06c00]"
	.section	".note.GNU-stack","",%progbits
	.eabi_attribute	30, 6	@ Tag_ABI_optimization_goals
	.ARM_attribute	16, 1	@ Tag_AV_eba
	.section	.debug_line,"",%progbits
.Lline_table_start0:
