	.text
	.syntax unified
	.eabi_attribute	67, "2.09"	@ Tag_conformance
	.cpu	cortex-m23
	.eabi_attribute	6, 16	@ Tag_CPU_arch
	.eabi_attribute	7, 77	@ Tag_CPU_arch_profile
	.eabi_attribute	8, 0	@ Tag_ARM_ISA_use
	.eabi_attribute	9, 3	@ Tag_THUMB_ISA_use
	.eabi_attribute	34, 0	@ Tag_CPU_unaligned_access
	.eabi_attribute	17, 1	@ Tag_ABI_PCS_GOT_use
	.eabi_attribute	20, 2	@ Tag_ABI_FP_denormal
	.eabi_attribute	21, 0	@ Tag_ABI_FP_exceptions
	.eabi_attribute	23, 1	@ Tag_ABI_FP_number_model
	.eabi_attribute	24, 1	@ Tag_ABI_align_needed
	.eabi_attribute	25, 1	@ Tag_ABI_align_preserved
	.eabi_attribute	38, 1	@ Tag_ABI_FP_16bit_format
	.eabi_attribute	18, 2	@ Tag_ABI_PCS_wchar_t
	.eabi_attribute	26, 1	@ Tag_ABI_enum_size
	.eabi_attribute	14, 0	@ Tag_ABI_PCS_R9_use
	.file	"MyMCU_GPIO.c"
	.file	1 "C:\\" "Keil_v5\\ARM\\ARMCLANG\\Bin\\..\\include\\stdint.h"
	.file	2 "C:\\Work\\Keil WorkSpace\\Furbo\\Keil" "../../Library/Nuvoton/M251_252_Series/Device/Nuvoton/M251/Include/gpio_reg.h"
	.file	3 "C:\\Work\\Keil WorkSpace\\Furbo\\Keil" "../MYx/Core/Src/MyMCU_GPIO.c"
	.file	4 "C:\\Work\\Keil WorkSpace\\Furbo\\Keil" "../MYx/Core/Inc/MyMCU_GPIO.h"
	.file	5 "C:\\Work\\Keil WorkSpace\\Furbo\\Keil" "../../Library/Nuvoton/M251_252_Series/CMSIS/Include\\core_cm23.h"
	.hidden	MyGPIO_Init             @ -- Begin function MyGPIO_Init
	.globl	MyGPIO_Init
	.p2align	2
	.type	MyGPIO_Init,%function
	.code	16                      @ @MyGPIO_Init
	.thumb_func
MyGPIO_Init:
.Lfunc_begin0:
	.loc	3 25 0                  @ ../MYx/Core/Src/MyMCU_GPIO.c:25:0
	.fnstart
	.cfi_sections .debug_frame
	.cfi_startproc
@ %bb.0:
	.save	{r7, lr}
	push	{r7, lr}
	.cfi_def_cfa_offset 8
	.cfi_offset lr, -4
	.cfi_offset r7, -8
	movs	r0, #2
	movs	r1, #5
.Ltmp0:
	.loc	3 53 2 prologue_end     @ ../MYx/Core/Src/MyMCU_GPIO.c:53:2
	bl	MyGPIO_Conf2Output
	.loc	3 55 2                  @ ../MYx/Core/Src/MyMCU_GPIO.c:55:2
	b	.LBB0_1
.LBB0_1:
.Ltmp1:
	.loc	3 55 2 is_stmt 0        @ ../MYx/Core/Src/MyMCU_GPIO.c:55:2
	ldr	r0, __arm_cp.0_0
	ldrh	r1, [r0, #10]
	mvns	r1, r1
	ldr	r2, __arm_cp.0_1
	ldr	r3, [r2, #8]
	str	r1, [r3, #12]
	ldrh	r0, [r0, #10]
	mvns	r0, r0
	ldr	r1, [r2, #8]
	str	r0, [r1, #8]
	b	.LBB0_2
.Ltmp2:
.LBB0_2:
	.loc	3 62 1 is_stmt 1        @ ../MYx/Core/Src/MyMCU_GPIO.c:62:1
	pop	{r7, pc}
.Ltmp3:
	.p2align	2
@ %bb.3:
	.loc	3 0 1 is_stmt 0         @ ../MYx/Core/Src/MyMCU_GPIO.c:0:1
__arm_cp.0_0:
	.long	GPIO_Pin
.Lcpi_end0:
	.size	__arm_cp.0_0, .Lcpi_end0-__arm_cp.0_0
__arm_cp.0_1:
	.long	GPIO_Port
.Lcpi_end1:
	.size	__arm_cp.0_1, .Lcpi_end1-__arm_cp.0_1
.Lfunc_end0:
	.size	MyGPIO_Init, .Lfunc_end0-MyGPIO_Init
	.cfi_endproc
	.cantunwind
	.fnend
                                        @ -- End function
	.hidden	MyGPIO_Conf2Output      @ -- Begin function MyGPIO_Conf2Output
	.globl	MyGPIO_Conf2Output
	.p2align	2
	.type	MyGPIO_Conf2Output,%function
	.code	16                      @ @MyGPIO_Conf2Output
	.thumb_func
MyGPIO_Conf2Output:
.Lfunc_begin1:
	.loc	3 67 0 is_stmt 1        @ ../MYx/Core/Src/MyMCU_GPIO.c:67:0
	.fnstart
	.cfi_startproc
@ %bb.0:
	.save	{r4, lr}
	push	{r4, lr}
	.cfi_def_cfa_offset 8
	.cfi_offset lr, -4
	.cfi_offset r4, -8
	.pad	#24
	sub	sp, #24
	.cfi_def_cfa_offset 32
	mov	r2, r1
	mov	r3, r0
	add	r4, sp, #20
	strb	r0, [r4]
	add	r0, sp, #16
	strb	r1, [r0]
.Ltmp4:
	.loc	3 79 25 prologue_end    @ ../MYx/Core/Src/MyMCU_GPIO.c:79:25
	ldrb	r1, [r4]
	.loc	3 79 15 is_stmt 0       @ ../MYx/Core/Src/MyMCU_GPIO.c:79:15
	lsls	r1, r1, #2
	ldr	r4, __arm_cp.1_0
	ldr	r1, [r4, r1]
	.loc	3 79 41                 @ ../MYx/Core/Src/MyMCU_GPIO.c:79:41
	ldrb	r0, [r0]
	.loc	3 79 32                 @ ../MYx/Core/Src/MyMCU_GPIO.c:79:32
	lsls	r0, r0, #1
	ldr	r4, __arm_cp.1_1
	ldrh	r0, [r4, r0]
	movs	r4, #1
	.loc	3 79 2                  @ ../MYx/Core/Src/MyMCU_GPIO.c:79:2
	str	r0, [sp, #12]           @ 4-byte Spill
	mov	r0, r1
	ldr	r1, [sp, #12]           @ 4-byte Reload
	str	r2, [sp, #8]            @ 4-byte Spill
	mov	r2, r4
	str	r3, [sp, #4]            @ 4-byte Spill
	bl	GPIO_SetMode
	.loc	3 82 1 is_stmt 1        @ ../MYx/Core/Src/MyMCU_GPIO.c:82:1
	add	sp, #24
	pop	{r4, pc}
.Ltmp5:
	.p2align	2
@ %bb.1:
	.loc	3 0 1 is_stmt 0         @ ../MYx/Core/Src/MyMCU_GPIO.c:0:1
__arm_cp.1_0:
	.long	GPIO_Port
.Lcpi_end2:
	.size	__arm_cp.1_0, .Lcpi_end2-__arm_cp.1_0
__arm_cp.1_1:
	.long	GPIO_Pin
.Lcpi_end3:
	.size	__arm_cp.1_1, .Lcpi_end3-__arm_cp.1_1
.Lfunc_end1:
	.size	MyGPIO_Conf2Output, .Lfunc_end1-MyGPIO_Conf2Output
	.cfi_endproc
	.cantunwind
	.fnend
                                        @ -- End function
	.hidden	MyGPIO_Conf2Input       @ -- Begin function MyGPIO_Conf2Input
	.globl	MyGPIO_Conf2Input
	.p2align	2
	.type	MyGPIO_Conf2Input,%function
	.code	16                      @ @MyGPIO_Conf2Input
	.thumb_func
MyGPIO_Conf2Input:
.Lfunc_begin2:
	.loc	3 85 0 is_stmt 1        @ ../MYx/Core/Src/MyMCU_GPIO.c:85:0
	.fnstart
	.cfi_startproc
@ %bb.0:
	.save	{r4, lr}
	push	{r4, lr}
	.cfi_def_cfa_offset 8
	.cfi_offset lr, -4
	.cfi_offset r4, -8
	.pad	#24
	sub	sp, #24
	.cfi_def_cfa_offset 32
	mov	r2, r1
	mov	r3, r0
	add	r4, sp, #20
	strb	r0, [r4]
	add	r0, sp, #16
	strb	r1, [r0]
.Ltmp6:
	.loc	3 96 25 prologue_end    @ ../MYx/Core/Src/MyMCU_GPIO.c:96:25
	ldrb	r1, [r4]
	.loc	3 96 15 is_stmt 0       @ ../MYx/Core/Src/MyMCU_GPIO.c:96:15
	lsls	r1, r1, #2
	ldr	r4, __arm_cp.2_0
	ldr	r1, [r4, r1]
	.loc	3 96 41                 @ ../MYx/Core/Src/MyMCU_GPIO.c:96:41
	ldrb	r0, [r0]
	.loc	3 96 32                 @ ../MYx/Core/Src/MyMCU_GPIO.c:96:32
	lsls	r0, r0, #1
	ldr	r4, __arm_cp.2_1
	ldrh	r0, [r4, r0]
	movs	r4, #0
	.loc	3 96 2                  @ ../MYx/Core/Src/MyMCU_GPIO.c:96:2
	str	r0, [sp, #12]           @ 4-byte Spill
	mov	r0, r1
	ldr	r1, [sp, #12]           @ 4-byte Reload
	str	r2, [sp, #8]            @ 4-byte Spill
	mov	r2, r4
	str	r3, [sp, #4]            @ 4-byte Spill
	bl	GPIO_SetMode
	.loc	3 99 1 is_stmt 1        @ ../MYx/Core/Src/MyMCU_GPIO.c:99:1
	add	sp, #24
	pop	{r4, pc}
.Ltmp7:
	.p2align	2
@ %bb.1:
	.loc	3 0 1 is_stmt 0         @ ../MYx/Core/Src/MyMCU_GPIO.c:0:1
__arm_cp.2_0:
	.long	GPIO_Port
.Lcpi_end4:
	.size	__arm_cp.2_0, .Lcpi_end4-__arm_cp.2_0
__arm_cp.2_1:
	.long	GPIO_Pin
.Lcpi_end5:
	.size	__arm_cp.2_1, .Lcpi_end5-__arm_cp.2_1
.Lfunc_end2:
	.size	MyGPIO_Conf2Input, .Lfunc_end2-MyGPIO_Conf2Input
	.cfi_endproc
	.cantunwind
	.fnend
                                        @ -- End function
	.hidden	MyGPIO_ReadPin          @ -- Begin function MyGPIO_ReadPin
	.globl	MyGPIO_ReadPin
	.p2align	2
	.type	MyGPIO_ReadPin,%function
	.code	16                      @ @MyGPIO_ReadPin
	.thumb_func
MyGPIO_ReadPin:
.Lfunc_begin3:
	.loc	3 106 0 is_stmt 1       @ ../MYx/Core/Src/MyMCU_GPIO.c:106:0
	.fnstart
	.cfi_startproc
@ %bb.0:
	.save	{r4, lr}
	push	{r4, lr}
	.cfi_def_cfa_offset 8
	.cfi_offset lr, -4
	.cfi_offset r4, -8
	.pad	#8
	sub	sp, #8
	.cfi_def_cfa_offset 16
	mov	r2, r1
	mov	r3, r0
	add	r4, sp, #4
	strb	r0, [r4]
	mov	r0, sp
	strb	r1, [r0]
.Ltmp8:
	.loc	3 113 9 prologue_end    @ ../MYx/Core/Src/MyMCU_GPIO.c:113:9
	ldrb	r1, [r4]
	lsls	r1, r1, #2
	ldr	r4, __arm_cp.3_0
	ldr	r1, [r4, r1]
	ldr	r1, [r1, #16]
	ldrb	r0, [r0]
	lsls	r0, r0, #1
	ldr	r4, __arm_cp.3_1
	ldrh	r0, [r4, r0]
	ands	r1, r0
	.loc	3 113 2 is_stmt 0       @ ../MYx/Core/Src/MyMCU_GPIO.c:113:2
	uxtb	r0, r1
	add	sp, #8
	pop	{r4, pc}
.Ltmp9:
	.p2align	2
@ %bb.1:
	.loc	3 0 2                   @ ../MYx/Core/Src/MyMCU_GPIO.c:0:2
__arm_cp.3_0:
	.long	GPIO_Port
.Lcpi_end6:
	.size	__arm_cp.3_0, .Lcpi_end6-__arm_cp.3_0
__arm_cp.3_1:
	.long	GPIO_Pin
.Lcpi_end7:
	.size	__arm_cp.3_1, .Lcpi_end7-__arm_cp.3_1
.Lfunc_end3:
	.size	MyGPIO_ReadPin, .Lfunc_end3-MyGPIO_ReadPin
	.cfi_endproc
	.cantunwind
	.fnend
                                        @ -- End function
	.hidden	MyGPIO_WritePin         @ -- Begin function MyGPIO_WritePin
	.globl	MyGPIO_WritePin
	.p2align	2
	.type	MyGPIO_WritePin,%function
	.code	16                      @ @MyGPIO_WritePin
	.thumb_func
MyGPIO_WritePin:
.Lfunc_begin4:
	.loc	3 119 0 is_stmt 1       @ ../MYx/Core/Src/MyMCU_GPIO.c:119:0
	.fnstart
	.cfi_startproc
@ %bb.0:
	.save	{r4, r5, r6, lr}
	push	{r4, r5, r6, lr}
	.cfi_def_cfa_offset 16
	.cfi_offset lr, -4
	.cfi_offset r6, -8
	.cfi_offset r5, -12
	.cfi_offset r4, -16
	.pad	#12
	sub	sp, #12
	.cfi_def_cfa_offset 28
	mov	r3, r2
	mov	r4, r1
	mov	r5, r0
	add	r6, sp, #8
	strb	r0, [r6]
	add	r0, sp, #4
	strb	r1, [r0]
	mov	r0, sp
	strb	r2, [r0]
.Ltmp10:
	.loc	3 126 6 prologue_end    @ ../MYx/Core/Src/MyMCU_GPIO.c:126:6
	ldrb	r0, [r0]
.Ltmp11:
	.loc	3 126 6 is_stmt 0       @ ../MYx/Core/Src/MyMCU_GPIO.c:126:6
	cmp	r0, #1
	bne	.LBB4_4
	b	.LBB4_1
.LBB4_1:
.Ltmp12:
	.loc	3 127 3 is_stmt 1       @ ../MYx/Core/Src/MyMCU_GPIO.c:127:3
	b	.LBB4_2
.LBB4_2:
	.loc	3 0 3 is_stmt 0         @ ../MYx/Core/Src/MyMCU_GPIO.c:0:3
	add	r0, sp, #4
.Ltmp13:
	.loc	3 127 3                 @ ../MYx/Core/Src/MyMCU_GPIO.c:127:3
	ldrb	r1, [r0]
	lsls	r1, r1, #1
	ldr	r2, __arm_cp.4_0
	ldrh	r1, [r2, r1]
	mvns	r1, r1
	add	r3, sp, #8
	ldrb	r4, [r3]
	lsls	r4, r4, #2
	ldr	r5, __arm_cp.4_1
	ldr	r4, [r5, r4]
	str	r1, [r4, #12]
	ldrb	r0, [r0]
	lsls	r0, r0, #1
	ldrh	r0, [r2, r0]
	ldrb	r1, [r3]
	lsls	r1, r1, #2
	ldr	r1, [r5, r1]
	str	r0, [r1, #8]
	b	.LBB4_3
.LBB4_3:
	b	.LBB4_7
.Ltmp14:
.LBB4_4:
	.loc	3 129 3 is_stmt 1       @ ../MYx/Core/Src/MyMCU_GPIO.c:129:3
	b	.LBB4_5
.LBB4_5:
	.loc	3 0 3 is_stmt 0         @ ../MYx/Core/Src/MyMCU_GPIO.c:0:3
	add	r0, sp, #4
.Ltmp15:
	.loc	3 129 3                 @ ../MYx/Core/Src/MyMCU_GPIO.c:129:3
	ldrb	r1, [r0]
	lsls	r1, r1, #1
	ldr	r2, __arm_cp.4_0
	ldrh	r1, [r2, r1]
	mvns	r1, r1
	add	r3, sp, #8
	ldrb	r4, [r3]
	lsls	r4, r4, #2
	ldr	r5, __arm_cp.4_1
	ldr	r4, [r5, r4]
	str	r1, [r4, #12]
	ldrb	r0, [r0]
	lsls	r0, r0, #1
	ldrh	r0, [r2, r0]
	mvns	r0, r0
	ldrb	r1, [r3]
	lsls	r1, r1, #2
	ldr	r1, [r5, r1]
	str	r0, [r1, #8]
	b	.LBB4_6
.Ltmp16:
.LBB4_6:
	.loc	3 0 3                   @ ../MYx/Core/Src/MyMCU_GPIO.c:0:3
	b	.LBB4_7
.LBB4_7:
	.loc	3 132 1 is_stmt 1       @ ../MYx/Core/Src/MyMCU_GPIO.c:132:1
	add	sp, #12
	pop	{r4, r5, r6, pc}
.Ltmp17:
	.p2align	2
@ %bb.8:
	.loc	3 0 1 is_stmt 0         @ ../MYx/Core/Src/MyMCU_GPIO.c:0:1
__arm_cp.4_0:
	.long	GPIO_Pin
.Lcpi_end8:
	.size	__arm_cp.4_0, .Lcpi_end8-__arm_cp.4_0
__arm_cp.4_1:
	.long	GPIO_Port
.Lcpi_end9:
	.size	__arm_cp.4_1, .Lcpi_end9-__arm_cp.4_1
.Lfunc_end4:
	.size	MyGPIO_WritePin, .Lfunc_end4-MyGPIO_WritePin
	.cfi_endproc
	.cantunwind
	.fnend
                                        @ -- End function
	.hidden	MyGPIO_SelfTest         @ -- Begin function MyGPIO_SelfTest
	.globl	MyGPIO_SelfTest
	.p2align	2
	.type	MyGPIO_SelfTest,%function
	.code	16                      @ @MyGPIO_SelfTest
	.thumb_func
MyGPIO_SelfTest:
.Lfunc_begin5:
	.loc	3 136 0 is_stmt 1       @ ../MYx/Core/Src/MyMCU_GPIO.c:136:0
	.fnstart
	.cfi_startproc
@ %bb.0:
	.save	{r7, lr}
	push	{r7, lr}
	.cfi_def_cfa_offset 8
	.cfi_offset lr, -4
	.cfi_offset r7, -8
	.pad	#8
	sub	sp, #8
	.cfi_def_cfa_offset 16
.Ltmp18:
	.loc	3 137 2 prologue_end    @ ../MYx/Core/Src/MyMCU_GPIO.c:137:2
	b	.LBB5_1
.LBB5_1:                                @ =>This Inner Loop Header: Depth=1
	.loc	3 0 2 is_stmt 0         @ ../MYx/Core/Src/MyMCU_GPIO.c:0:2
	movs	r0, #2
	movs	r1, #13
.Ltmp19:
	.loc	3 140 7 is_stmt 1       @ ../MYx/Core/Src/MyMCU_GPIO.c:140:7
	bl	MyGPIO_ReadPin
.Ltmp20:
	.loc	3 140 7 is_stmt 0       @ ../MYx/Core/Src/MyMCU_GPIO.c:140:7
	cmp	r0, #0
	beq	.LBB5_17
	b	.LBB5_2
.LBB5_2:                                @   in Loop: Header=BB5_1 Depth=1
	.loc	3 0 7                   @ ../MYx/Core/Src/MyMCU_GPIO.c:0:7
	movs	r1, #3
	movs	r0, #1
.Ltmp21:
	.loc	3 142 4 is_stmt 1       @ ../MYx/Core/Src/MyMCU_GPIO.c:142:4
	str	r0, [sp, #4]            @ 4-byte Spill
	ldr	r2, [sp, #4]            @ 4-byte Reload
	bl	MyGPIO_WritePin
.Ltmp22:
	.loc	3 144 9                 @ ../MYx/Core/Src/MyMCU_GPIO.c:144:9
	ldr	r0, __arm_cp.5_0
	ldr	r0, [r0, #8]
	ldr	r0, [r0, #16]
	ldr	r1, __arm_cp.5_1
	ldrh	r1, [r1]
	ands	r0, r1
.Ltmp23:
	.loc	3 144 8 is_stmt 0       @ ../MYx/Core/Src/MyMCU_GPIO.c:144:8
	cmp	r0, #1
	bne	.LBB5_6
	b	.LBB5_3
.LBB5_3:                                @   in Loop: Header=BB5_1 Depth=1
.Ltmp24:
	.loc	3 145 5 is_stmt 1       @ ../MYx/Core/Src/MyMCU_GPIO.c:145:5
	b	.LBB5_4
.LBB5_4:                                @   in Loop: Header=BB5_1 Depth=1
.Ltmp25:
	.loc	3 145 5 is_stmt 0       @ ../MYx/Core/Src/MyMCU_GPIO.c:145:5
	ldr	r0, __arm_cp.5_1
	ldrh	r1, [r0, #10]
	mvns	r1, r1
	ldr	r2, __arm_cp.5_0
	ldr	r3, [r2]
	str	r1, [r3, #12]
	ldrh	r0, [r0, #10]
	ldr	r1, [r2]
	str	r0, [r1, #8]
	b	.LBB5_5
.LBB5_5:                                @   in Loop: Header=BB5_1 Depth=1
	b	.LBB5_9
.Ltmp26:
.LBB5_6:                                @   in Loop: Header=BB5_1 Depth=1
	.loc	3 147 5 is_stmt 1       @ ../MYx/Core/Src/MyMCU_GPIO.c:147:5
	b	.LBB5_7
.LBB5_7:                                @   in Loop: Header=BB5_1 Depth=1
.Ltmp27:
	.loc	3 147 5 is_stmt 0       @ ../MYx/Core/Src/MyMCU_GPIO.c:147:5
	ldr	r0, __arm_cp.5_1
	ldrh	r1, [r0, #10]
	mvns	r1, r1
	ldr	r2, __arm_cp.5_0
	ldr	r3, [r2]
	str	r1, [r3, #12]
	ldrh	r0, [r0, #10]
	mvns	r0, r0
	ldr	r1, [r2]
	str	r0, [r1, #8]
	b	.LBB5_8
.Ltmp28:
.LBB5_8:                                @   in Loop: Header=BB5_1 Depth=1
	.loc	3 0 5                   @ ../MYx/Core/Src/MyMCU_GPIO.c:0:5
	b	.LBB5_9
.LBB5_9:                                @   in Loop: Header=BB5_1 Depth=1
	ldr	r0, __arm_cp.5_2
	.loc	3 148 4 is_stmt 1       @ ../MYx/Core/Src/MyMCU_GPIO.c:148:4
	bl	CLK_SysTickLongDelay
	movs	r0, #1
	movs	r1, #3
	movs	r2, #0
	.loc	3 150 4                 @ ../MYx/Core/Src/MyMCU_GPIO.c:150:4
	bl	MyGPIO_WritePin
.Ltmp29:
	.loc	3 152 9                 @ ../MYx/Core/Src/MyMCU_GPIO.c:152:9
	ldr	r0, __arm_cp.5_0
	ldr	r0, [r0, #8]
	ldr	r0, [r0, #16]
	ldr	r1, __arm_cp.5_1
	ldrh	r1, [r1]
	ands	r0, r1
.Ltmp30:
	.loc	3 152 8 is_stmt 0       @ ../MYx/Core/Src/MyMCU_GPIO.c:152:8
	cmp	r0, #1
	bne	.LBB5_13
	b	.LBB5_10
.LBB5_10:                               @   in Loop: Header=BB5_1 Depth=1
.Ltmp31:
	.loc	3 153 5 is_stmt 1       @ ../MYx/Core/Src/MyMCU_GPIO.c:153:5
	b	.LBB5_11
.LBB5_11:                               @   in Loop: Header=BB5_1 Depth=1
.Ltmp32:
	.loc	3 153 5 is_stmt 0       @ ../MYx/Core/Src/MyMCU_GPIO.c:153:5
	ldr	r0, __arm_cp.5_1
	ldrh	r1, [r0, #10]
	mvns	r1, r1
	ldr	r2, __arm_cp.5_0
	ldr	r3, [r2]
	str	r1, [r3, #12]
	ldrh	r0, [r0, #10]
	ldr	r1, [r2]
	str	r0, [r1, #8]
	b	.LBB5_12
.LBB5_12:                               @   in Loop: Header=BB5_1 Depth=1
	b	.LBB5_16
.Ltmp33:
.LBB5_13:                               @   in Loop: Header=BB5_1 Depth=1
	.loc	3 155 5 is_stmt 1       @ ../MYx/Core/Src/MyMCU_GPIO.c:155:5
	b	.LBB5_14
.LBB5_14:                               @   in Loop: Header=BB5_1 Depth=1
.Ltmp34:
	.loc	3 155 5 is_stmt 0       @ ../MYx/Core/Src/MyMCU_GPIO.c:155:5
	ldr	r0, __arm_cp.5_1
	ldrh	r1, [r0, #10]
	mvns	r1, r1
	ldr	r2, __arm_cp.5_0
	ldr	r3, [r2]
	str	r1, [r3, #12]
	ldrh	r0, [r0, #10]
	mvns	r0, r0
	ldr	r1, [r2]
	str	r0, [r1, #8]
	b	.LBB5_15
.Ltmp35:
.LBB5_15:                               @   in Loop: Header=BB5_1 Depth=1
	.loc	3 0 5                   @ ../MYx/Core/Src/MyMCU_GPIO.c:0:5
	b	.LBB5_16
.LBB5_16:                               @   in Loop: Header=BB5_1 Depth=1
	ldr	r0, __arm_cp.5_2
	.loc	3 156 4 is_stmt 1       @ ../MYx/Core/Src/MyMCU_GPIO.c:156:4
	bl	CLK_SysTickLongDelay
	.loc	3 157 3                 @ ../MYx/Core/Src/MyMCU_GPIO.c:157:3
	b	.LBB5_17
.Ltmp36:
.LBB5_17:                               @   in Loop: Header=BB5_1 Depth=1
	.loc	3 137 2                 @ ../MYx/Core/Src/MyMCU_GPIO.c:137:2
	b	.LBB5_1
.Ltmp37:
	.p2align	2
@ %bb.18:
	.loc	3 0 2 is_stmt 0         @ ../MYx/Core/Src/MyMCU_GPIO.c:0:2
__arm_cp.5_0:
	.long	GPIO_Port
.Lcpi_end10:
	.size	__arm_cp.5_0, .Lcpi_end10-__arm_cp.5_0
__arm_cp.5_1:
	.long	GPIO_Pin
.Lcpi_end11:
	.size	__arm_cp.5_1, .Lcpi_end11-__arm_cp.5_1
__arm_cp.5_2:
	.long	500000                  @ 0x7a120
.Lcpi_end12:
	.size	__arm_cp.5_2, .Lcpi_end12-__arm_cp.5_2
.Lfunc_end5:
	.size	MyGPIO_SelfTest, .Lfunc_end5-MyGPIO_SelfTest
	.cfi_endproc
	.cantunwind
	.fnend
                                        @ -- End function
	.p2align	2               @ -- Begin function CLK_SysTickLongDelay
	.type	CLK_SysTickLongDelay,%function
	.code	16                      @ @CLK_SysTickLongDelay
	.thumb_func
CLK_SysTickLongDelay:
.Lfunc_begin6:
	.file	6 "C:\\Work\\Keil WorkSpace\\Furbo\\Keil" "../../Library/Nuvoton/M251_252_Series/StdDriver/inc\\clk.h"
	.loc	6 582 0 is_stmt 1       @ ../../Library/Nuvoton/M251_252_Series/StdDriver/inc\clk.h:582:0
	.fnstart
	.cfi_startproc
@ %bb.0:
	.pad	#8
	sub	sp, #8
	.cfi_def_cfa_offset 8
	str	r0, [sp, #4]
	ldr	r0, __arm_cp.6_0
.Ltmp38:
	.loc	6 586 14 prologue_end   @ ../../Library/Nuvoton/M251_252_Series/StdDriver/inc\clk.h:586:14
	str	r0, [sp]
	.loc	6 588 5                 @ ../../Library/Nuvoton/M251_252_Series/StdDriver/inc\clk.h:588:5
	b	.LBB6_1
.LBB6_1:                                @ =>This Loop Header: Depth=1
                                        @     Child Loop BB6_5 Depth 2
.Ltmp39:
	.loc	6 590 13                @ ../../Library/Nuvoton/M251_252_Series/StdDriver/inc\clk.h:590:13
	ldr	r0, [sp, #4]
	.loc	6 590 23 is_stmt 0      @ ../../Library/Nuvoton/M251_252_Series/StdDriver/inc\clk.h:590:23
	ldr	r1, [sp]
.Ltmp40:
	.loc	6 590 13                @ ../../Library/Nuvoton/M251_252_Series/StdDriver/inc\clk.h:590:13
	cmp	r0, r1
	bls	.LBB6_3
	b	.LBB6_2
.LBB6_2:                                @   in Loop: Header=BB6_1 Depth=1
.Ltmp41:
	.loc	6 592 24 is_stmt 1      @ ../../Library/Nuvoton/M251_252_Series/StdDriver/inc\clk.h:592:24
	ldr	r0, [sp]
	.loc	6 592 21 is_stmt 0      @ ../../Library/Nuvoton/M251_252_Series/StdDriver/inc\clk.h:592:21
	ldr	r1, [sp, #4]
	subs	r0, r1, r0
	str	r0, [sp, #4]
	.loc	6 593 9 is_stmt 1       @ ../../Library/Nuvoton/M251_252_Series/StdDriver/inc\clk.h:593:9
	b	.LBB6_4
.Ltmp42:
.LBB6_3:                                @   in Loop: Header=BB6_1 Depth=1
	.loc	6 596 24                @ ../../Library/Nuvoton/M251_252_Series/StdDriver/inc\clk.h:596:24
	ldr	r0, [sp, #4]
	.loc	6 596 22 is_stmt 0      @ ../../Library/Nuvoton/M251_252_Series/StdDriver/inc\clk.h:596:22
	str	r0, [sp]
	movs	r0, #0
	.loc	6 597 21 is_stmt 1      @ ../../Library/Nuvoton/M251_252_Series/StdDriver/inc\clk.h:597:21
	str	r0, [sp, #4]
	b	.LBB6_4
.Ltmp43:
.LBB6_4:                                @   in Loop: Header=BB6_1 Depth=1
	.loc	6 600 25                @ ../../Library/Nuvoton/M251_252_Series/StdDriver/inc\clk.h:600:25
	ldr	r0, [sp]
	.loc	6 600 36 is_stmt 0      @ ../../Library/Nuvoton/M251_252_Series/StdDriver/inc\clk.h:600:36
	ldr	r1, __arm_cp.6_1
	ldr	r1, [r1]
	.loc	6 600 34                @ ../../Library/Nuvoton/M251_252_Series/StdDriver/inc\clk.h:600:34
	muls	r1, r0, r1
	ldr	r0, __arm_cp.6_2
	.loc	6 600 23                @ ../../Library/Nuvoton/M251_252_Series/StdDriver/inc\clk.h:600:23
	str	r1, [r0]
	ldr	r0, __arm_cp.6_3
	movs	r1, #0
	.loc	6 601 23 is_stmt 1      @ ../../Library/Nuvoton/M251_252_Series/StdDriver/inc\clk.h:601:23
	str	r1, [r0]
	ldr	r0, __arm_cp.6_4
	movs	r1, #5
	.loc	6 602 23                @ ../../Library/Nuvoton/M251_252_Series/StdDriver/inc\clk.h:602:23
	str	r1, [r0]
	.loc	6 605 9                 @ ../../Library/Nuvoton/M251_252_Series/StdDriver/inc\clk.h:605:9
	b	.LBB6_5
.LBB6_5:                                @   Parent Loop BB6_1 Depth=1
                                        @ =>  This Inner Loop Header: Depth=2
	.loc	6 0 9 is_stmt 0         @ ../../Library/Nuvoton/M251_252_Series/StdDriver/inc\clk.h:0:9
	ldr	r0, __arm_cp.6_4
	.loc	6 605 26                @ ../../Library/Nuvoton/M251_252_Series/StdDriver/inc\clk.h:605:26
	ldr	r0, [r0]
	.loc	6 605 9                 @ ../../Library/Nuvoton/M251_252_Series/StdDriver/inc\clk.h:605:9
	lsls	r0, r0, #15
	cmp	r0, #0
	bmi	.LBB6_7
	b	.LBB6_6
.LBB6_6:                                @   in Loop: Header=BB6_5 Depth=2
	b	.LBB6_5
.LBB6_7:                                @   in Loop: Header=BB6_1 Depth=1
	.loc	6 0 9                   @ ../../Library/Nuvoton/M251_252_Series/StdDriver/inc\clk.h:0:9
	ldr	r0, __arm_cp.6_4
	movs	r1, #0
	.loc	6 610 23 is_stmt 1      @ ../../Library/Nuvoton/M251_252_Series/StdDriver/inc\clk.h:610:23
	str	r1, [r0]
	.loc	6 612 5                 @ ../../Library/Nuvoton/M251_252_Series/StdDriver/inc\clk.h:612:5
	b	.LBB6_8
.Ltmp44:
.LBB6_8:                                @   in Loop: Header=BB6_1 Depth=1
	.loc	6 612 14 is_stmt 0      @ ../../Library/Nuvoton/M251_252_Series/StdDriver/inc\clk.h:612:14
	ldr	r0, [sp, #4]
.Ltmp45:
	.loc	6 612 5                 @ ../../Library/Nuvoton/M251_252_Series/StdDriver/inc\clk.h:612:5
	cmp	r0, #0
	bne	.LBB6_1
	b	.LBB6_9
.Ltmp46:
.LBB6_9:
	.loc	6 614 1 is_stmt 1       @ ../../Library/Nuvoton/M251_252_Series/StdDriver/inc\clk.h:614:1
	add	sp, #8
	bx	lr
.Ltmp47:
	.p2align	2
@ %bb.10:
	.loc	6 0 1 is_stmt 0         @ ../../Library/Nuvoton/M251_252_Series/StdDriver/inc\clk.h:0:1
__arm_cp.6_0:
	.long	349525                  @ 0x55555
.Lcpi_end13:
	.size	__arm_cp.6_0, .Lcpi_end13-__arm_cp.6_0
__arm_cp.6_1:
	.long	CyclesPerUs
.Lcpi_end14:
	.size	__arm_cp.6_1, .Lcpi_end14-__arm_cp.6_1
__arm_cp.6_2:
	.long	3758153748              @ 0xe000e014
.Lcpi_end15:
	.size	__arm_cp.6_2, .Lcpi_end15-__arm_cp.6_2
__arm_cp.6_3:
	.long	3758153752              @ 0xe000e018
.Lcpi_end16:
	.size	__arm_cp.6_3, .Lcpi_end16-__arm_cp.6_3
__arm_cp.6_4:
	.long	3758153744              @ 0xe000e010
.Lcpi_end17:
	.size	__arm_cp.6_4, .Lcpi_end17-__arm_cp.6_4
.Lfunc_end6:
	.size	CLK_SysTickLongDelay, .Lfunc_end6-CLK_SysTickLongDelay
	.cfi_endproc
	.cantunwind
	.fnend
                                        @ -- End function
	.hidden	MyGPIO_CLI_WritePin     @ -- Begin function MyGPIO_CLI_WritePin
	.globl	MyGPIO_CLI_WritePin
	.p2align	1
	.type	MyGPIO_CLI_WritePin,%function
	.code	16                      @ @MyGPIO_CLI_WritePin
	.thumb_func
MyGPIO_CLI_WritePin:
.Lfunc_begin7:
	.loc	3 164 0 is_stmt 1       @ ../MYx/Core/Src/MyMCU_GPIO.c:164:0
	.fnstart
	.cfi_startproc
@ %bb.0:
	.save	{r7, lr}
	push	{r7, lr}
	.cfi_def_cfa_offset 8
	.cfi_offset lr, -4
	.cfi_offset r7, -8
	.pad	#24
	sub	sp, #24
	.cfi_def_cfa_offset 32
	movs	r0, #0
.Ltmp48:
	.loc	3 165 42 prologue_end   @ ../MYx/Core/Src/MyMCU_GPIO.c:165:42
	bl	MyCLI_UnsignedCommandArgument
	add	r1, sp, #20
	.loc	3 165 18 is_stmt 0      @ ../MYx/Core/Src/MyMCU_GPIO.c:165:18
	strb	r0, [r1]
	movs	r0, #1
	.loc	3 166 39 is_stmt 1      @ ../MYx/Core/Src/MyMCU_GPIO.c:166:39
	str	r1, [sp, #8]            @ 4-byte Spill
	bl	MyCLI_UnsignedCommandArgument
	add	r1, sp, #16
	.loc	3 166 17 is_stmt 0      @ ../MYx/Core/Src/MyMCU_GPIO.c:166:17
	strb	r0, [r1]
	movs	r0, #2
	.loc	3 167 39 is_stmt 1      @ ../MYx/Core/Src/MyMCU_GPIO.c:167:39
	str	r1, [sp, #4]            @ 4-byte Spill
	bl	MyCLI_UnsignedCommandArgument
	add	r1, sp, #12
	.loc	3 167 16 is_stmt 0      @ ../MYx/Core/Src/MyMCU_GPIO.c:167:16
	strb	r0, [r1]
	.loc	3 169 25 is_stmt 1      @ ../MYx/Core/Src/MyMCU_GPIO.c:169:25
	ldrb	r0, [r1]
	.loc	3 169 12 is_stmt 0      @ ../MYx/Core/Src/MyMCU_GPIO.c:169:12
	str	r1, [sp]                @ 4-byte Spill
	bl	int2str
	.loc	3 169 2                 @ ../MYx/Core/Src/MyMCU_GPIO.c:169:2
	bl	My_printf
	.loc	3 171 18 is_stmt 1      @ ../MYx/Core/Src/MyMCU_GPIO.c:171:18
	ldr	r0, [sp, #8]            @ 4-byte Reload
	ldrb	r0, [r0]
	.loc	3 171 23 is_stmt 0      @ ../MYx/Core/Src/MyMCU_GPIO.c:171:23
	ldr	r1, [sp, #4]            @ 4-byte Reload
	ldrb	r1, [r1]
	.loc	3 171 27                @ ../MYx/Core/Src/MyMCU_GPIO.c:171:27
	ldr	r2, [sp]                @ 4-byte Reload
	ldrb	r2, [r2]
	.loc	3 171 2                 @ ../MYx/Core/Src/MyMCU_GPIO.c:171:2
	bl	MyGPIO_WritePin
	.loc	3 172 1 is_stmt 1       @ ../MYx/Core/Src/MyMCU_GPIO.c:172:1
	add	sp, #24
	pop	{r7, pc}
.Ltmp49:
.Lfunc_end7:
	.size	MyGPIO_CLI_WritePin, .Lfunc_end7-MyGPIO_CLI_WritePin
	.cfi_endproc
	.cantunwind
	.fnend
                                        @ -- End function
	.hidden	MyGPIO_CLI_ReadPin      @ -- Begin function MyGPIO_CLI_ReadPin
	.globl	MyGPIO_CLI_ReadPin
	.p2align	1
	.type	MyGPIO_CLI_ReadPin,%function
	.code	16                      @ @MyGPIO_CLI_ReadPin
	.thumb_func
MyGPIO_CLI_ReadPin:
.Lfunc_begin8:
	.loc	3 175 0                 @ ../MYx/Core/Src/MyMCU_GPIO.c:175:0
	.fnstart
	.cfi_startproc
@ %bb.0:
	.save	{r7, lr}
	push	{r7, lr}
	.cfi_def_cfa_offset 8
	.cfi_offset lr, -4
	.cfi_offset r7, -8
	.pad	#16
	sub	sp, #16
	.cfi_def_cfa_offset 24
	movs	r0, #0
.Ltmp50:
	.loc	3 177 42 prologue_end   @ ../MYx/Core/Src/MyMCU_GPIO.c:177:42
	bl	MyCLI_UnsignedCommandArgument
	add	r1, sp, #8
	.loc	3 177 18 is_stmt 0      @ ../MYx/Core/Src/MyMCU_GPIO.c:177:18
	strb	r0, [r1]
	movs	r0, #1
	.loc	3 178 39 is_stmt 1      @ ../MYx/Core/Src/MyMCU_GPIO.c:178:39
	str	r1, [sp]                @ 4-byte Spill
	bl	MyCLI_UnsignedCommandArgument
	add	r1, sp, #4
	.loc	3 178 17 is_stmt 0      @ ../MYx/Core/Src/MyMCU_GPIO.c:178:17
	strb	r0, [r1]
	.loc	3 180 26 is_stmt 1      @ ../MYx/Core/Src/MyMCU_GPIO.c:180:26
	ldr	r0, [sp]                @ 4-byte Reload
	ldrb	r0, [r0]
	.loc	3 180 31 is_stmt 0      @ ../MYx/Core/Src/MyMCU_GPIO.c:180:31
	ldrb	r1, [r1]
	.loc	3 180 11                @ ../MYx/Core/Src/MyMCU_GPIO.c:180:11
	bl	MyGPIO_ReadPin
	.loc	3 180 9                 @ ../MYx/Core/Src/MyMCU_GPIO.c:180:9
	str	r0, [sp, #12]
	.loc	3 182 20 is_stmt 1      @ ../MYx/Core/Src/MyMCU_GPIO.c:182:20
	ldr	r0, [sp, #12]
	.loc	3 182 12 is_stmt 0      @ ../MYx/Core/Src/MyMCU_GPIO.c:182:12
	bl	int2str
	.loc	3 182 2                 @ ../MYx/Core/Src/MyMCU_GPIO.c:182:2
	bl	My_printf
	.loc	3 184 1 is_stmt 1       @ ../MYx/Core/Src/MyMCU_GPIO.c:184:1
	add	sp, #16
	pop	{r7, pc}
.Ltmp51:
.Lfunc_end8:
	.size	MyGPIO_CLI_ReadPin, .Lfunc_end8-MyGPIO_CLI_ReadPin
	.cfi_endproc
	.cantunwind
	.fnend
                                        @ -- End function
	.hidden	MyGPIO_CLI_Set2InputMode @ -- Begin function MyGPIO_CLI_Set2InputMode
	.globl	MyGPIO_CLI_Set2InputMode
	.p2align	1
	.type	MyGPIO_CLI_Set2InputMode,%function
	.code	16                      @ @MyGPIO_CLI_Set2InputMode
	.thumb_func
MyGPIO_CLI_Set2InputMode:
.Lfunc_begin9:
	.loc	3 187 0                 @ ../MYx/Core/Src/MyMCU_GPIO.c:187:0
	.fnstart
	.cfi_startproc
@ %bb.0:
	.save	{r7, lr}
	push	{r7, lr}
	.cfi_def_cfa_offset 8
	.cfi_offset lr, -4
	.cfi_offset r7, -8
	.pad	#16
	sub	sp, #16
	.cfi_def_cfa_offset 24
	movs	r0, #0
.Ltmp52:
	.loc	3 188 42 prologue_end   @ ../MYx/Core/Src/MyMCU_GPIO.c:188:42
	bl	MyCLI_UnsignedCommandArgument
	add	r1, sp, #12
	.loc	3 188 18 is_stmt 0      @ ../MYx/Core/Src/MyMCU_GPIO.c:188:18
	strb	r0, [r1]
	movs	r0, #1
	.loc	3 189 39 is_stmt 1      @ ../MYx/Core/Src/MyMCU_GPIO.c:189:39
	str	r1, [sp, #4]            @ 4-byte Spill
	bl	MyCLI_UnsignedCommandArgument
	add	r1, sp, #8
	.loc	3 189 17 is_stmt 0      @ ../MYx/Core/Src/MyMCU_GPIO.c:189:17
	strb	r0, [r1]
	.loc	3 191 20 is_stmt 1      @ ../MYx/Core/Src/MyMCU_GPIO.c:191:20
	ldr	r0, [sp, #4]            @ 4-byte Reload
	ldrb	r0, [r0]
	.loc	3 191 25 is_stmt 0      @ ../MYx/Core/Src/MyMCU_GPIO.c:191:25
	ldrb	r1, [r1]
	.loc	3 191 2                 @ ../MYx/Core/Src/MyMCU_GPIO.c:191:2
	bl	MyGPIO_Conf2Input
	.loc	3 192 1 is_stmt 1       @ ../MYx/Core/Src/MyMCU_GPIO.c:192:1
	add	sp, #16
	pop	{r7, pc}
.Ltmp53:
.Lfunc_end9:
	.size	MyGPIO_CLI_Set2InputMode, .Lfunc_end9-MyGPIO_CLI_Set2InputMode
	.cfi_endproc
	.cantunwind
	.fnend
                                        @ -- End function
	.hidden	MyGPIO_CLI_Set2OutputMode @ -- Begin function MyGPIO_CLI_Set2OutputMode
	.globl	MyGPIO_CLI_Set2OutputMode
	.p2align	1
	.type	MyGPIO_CLI_Set2OutputMode,%function
	.code	16                      @ @MyGPIO_CLI_Set2OutputMode
	.thumb_func
MyGPIO_CLI_Set2OutputMode:
.Lfunc_begin10:
	.loc	3 195 0                 @ ../MYx/Core/Src/MyMCU_GPIO.c:195:0
	.fnstart
	.cfi_startproc
@ %bb.0:
	.save	{r7, lr}
	push	{r7, lr}
	.cfi_def_cfa_offset 8
	.cfi_offset lr, -4
	.cfi_offset r7, -8
	.pad	#16
	sub	sp, #16
	.cfi_def_cfa_offset 24
	movs	r0, #0
.Ltmp54:
	.loc	3 196 42 prologue_end   @ ../MYx/Core/Src/MyMCU_GPIO.c:196:42
	bl	MyCLI_UnsignedCommandArgument
	add	r1, sp, #12
	.loc	3 196 18 is_stmt 0      @ ../MYx/Core/Src/MyMCU_GPIO.c:196:18
	strb	r0, [r1]
	movs	r0, #1
	.loc	3 197 39 is_stmt 1      @ ../MYx/Core/Src/MyMCU_GPIO.c:197:39
	str	r1, [sp, #4]            @ 4-byte Spill
	bl	MyCLI_UnsignedCommandArgument
	add	r1, sp, #8
	.loc	3 197 17 is_stmt 0      @ ../MYx/Core/Src/MyMCU_GPIO.c:197:17
	strb	r0, [r1]
	.loc	3 199 21 is_stmt 1      @ ../MYx/Core/Src/MyMCU_GPIO.c:199:21
	ldr	r0, [sp, #4]            @ 4-byte Reload
	ldrb	r0, [r0]
	.loc	3 199 26 is_stmt 0      @ ../MYx/Core/Src/MyMCU_GPIO.c:199:26
	ldrb	r1, [r1]
	.loc	3 199 2                 @ ../MYx/Core/Src/MyMCU_GPIO.c:199:2
	bl	MyGPIO_Conf2Output
	.loc	3 200 1 is_stmt 1       @ ../MYx/Core/Src/MyMCU_GPIO.c:200:1
	add	sp, #16
	pop	{r7, pc}
.Ltmp55:
.Lfunc_end10:
	.size	MyGPIO_CLI_Set2OutputMode, .Lfunc_end10-MyGPIO_CLI_Set2OutputMode
	.cfi_endproc
	.cantunwind
	.fnend
                                        @ -- End function
	.hidden	GPIO_Port               @ @GPIO_Port
	.type	GPIO_Port,%object
	.section	.data.GPIO_Port,"aw",%progbits
	.globl	GPIO_Port
	.p2align	2
GPIO_Port:
.LGPIO_Port$local:
	.long	1073758208
	.long	1073758272
	.long	1073758336
	.long	1073758400
	.size	GPIO_Port, 16

	.hidden	GPIO_Pin                @ @GPIO_Pin
	.type	GPIO_Pin,%object
	.section	.data.GPIO_Pin,"aw",%progbits
	.globl	GPIO_Pin
	.p2align	1
GPIO_Pin:
.LGPIO_Pin$local:
	.short	1                       @ 0x1
	.short	2                       @ 0x2
	.short	4                       @ 0x4
	.short	8                       @ 0x8
	.short	16                      @ 0x10
	.short	32                      @ 0x20
	.short	64                      @ 0x40
	.short	128                     @ 0x80
	.short	256                     @ 0x100
	.short	512                     @ 0x200
	.short	1024                    @ 0x400
	.short	2048                    @ 0x800
	.short	4096                    @ 0x1000
	.short	8192                    @ 0x2000
	.short	16384                   @ 0x4000
	.short	32768                   @ 0x8000
	.short	0                       @ 0x0
	.size	GPIO_Pin, 34

	.section	.debug_str,"MS",%progbits,1
.Linfo_string0:
	.asciz	"Component: ARM Compiler 6.14 Tool: armclang [5db06c00]" @ string offset=0
.Linfo_string1:
	.asciz	"../MYx/Core/Src\\MyMCU_GPIO.c" @ string offset=55
.Linfo_string2:
	.asciz	"C:\\Work\\Keil WorkSpace\\Furbo\\Keil" @ string offset=84
.Linfo_string3:
	.asciz	"GPIO_Port"             @ string offset=118
.Linfo_string4:
	.asciz	"MODE"                  @ string offset=128
.Linfo_string5:
	.asciz	"unsigned int"          @ string offset=133
.Linfo_string6:
	.asciz	"uint32_t"              @ string offset=146
.Linfo_string7:
	.asciz	"DINOFF"                @ string offset=155
.Linfo_string8:
	.asciz	"DOUT"                  @ string offset=162
.Linfo_string9:
	.asciz	"DATMSK"                @ string offset=167
.Linfo_string10:
	.asciz	"PIN"                   @ string offset=174
.Linfo_string11:
	.asciz	"DBEN"                  @ string offset=178
.Linfo_string12:
	.asciz	"INTTYPE"               @ string offset=183
.Linfo_string13:
	.asciz	"INTEN"                 @ string offset=191
.Linfo_string14:
	.asciz	"INTSRC"                @ string offset=197
.Linfo_string15:
	.asciz	"SMTEN"                 @ string offset=204
.Linfo_string16:
	.asciz	"SLEWCTL"               @ string offset=210
.Linfo_string17:
	.asciz	"RESERVE0"              @ string offset=218
.Linfo_string18:
	.asciz	"__ARRAY_SIZE_TYPE__"   @ string offset=227
.Linfo_string19:
	.asciz	"PUSEL"                 @ string offset=247
.Linfo_string20:
	.asciz	"GPIO_T"                @ string offset=253
.Linfo_string21:
	.asciz	"GPIO_Pin"              @ string offset=260
.Linfo_string22:
	.asciz	"unsigned short"        @ string offset=269
.Linfo_string23:
	.asciz	"uint16_t"              @ string offset=284
.Linfo_string24:
	.asciz	"unsigned char"         @ string offset=293
.Linfo_string25:
	.asciz	"GPIO_PA"               @ string offset=307
.Linfo_string26:
	.asciz	"GPIO_PB"               @ string offset=315
.Linfo_string27:
	.asciz	"GPIO_PC"               @ string offset=323
.Linfo_string28:
	.asciz	"GPIO_PD"               @ string offset=331
.Linfo_string29:
	.asciz	"GPIO_Num_Port"         @ string offset=339
.Linfo_string30:
	.asciz	"GPIO_Pin0"             @ string offset=353
.Linfo_string31:
	.asciz	"GPIO_Pin1"             @ string offset=363
.Linfo_string32:
	.asciz	"GPIO_Pin2"             @ string offset=373
.Linfo_string33:
	.asciz	"GPIO_Pin3"             @ string offset=383
.Linfo_string34:
	.asciz	"GPIO_Pin4"             @ string offset=393
.Linfo_string35:
	.asciz	"GPIO_Pin5"             @ string offset=403
.Linfo_string36:
	.asciz	"GPIO_Pin6"             @ string offset=413
.Linfo_string37:
	.asciz	"GPIO_Pin7"             @ string offset=423
.Linfo_string38:
	.asciz	"GPIO_Pin8"             @ string offset=433
.Linfo_string39:
	.asciz	"GPIO_Pin9"             @ string offset=443
.Linfo_string40:
	.asciz	"GPIO_Pin10"            @ string offset=453
.Linfo_string41:
	.asciz	"GPIO_Pin11"            @ string offset=464
.Linfo_string42:
	.asciz	"GPIO_Pin12"            @ string offset=475
.Linfo_string43:
	.asciz	"GPIO_Pin13"            @ string offset=486
.Linfo_string44:
	.asciz	"GPIO_Pin14"            @ string offset=497
.Linfo_string45:
	.asciz	"GPIO_Pin15"            @ string offset=508
.Linfo_string46:
	.asciz	"GPIO_PinALL"           @ string offset=519
.Linfo_string47:
	.asciz	"GPIO_Num_Pin"          @ string offset=531
.Linfo_string48:
	.asciz	"GPIOPIN_RESET"         @ string offset=544
.Linfo_string49:
	.asciz	"GPIOPIN_SET"           @ string offset=558
.Linfo_string50:
	.asciz	"GPIO_Port_Index"       @ string offset=570
.Linfo_string51:
	.asciz	"GPIO_Pin_Index"        @ string offset=586
.Linfo_string52:
	.asciz	"GPIOPin_State"         @ string offset=601
.Linfo_string53:
	.asciz	"int"                   @ string offset=615
.Linfo_string54:
	.asciz	"CTRL"                  @ string offset=619
.Linfo_string55:
	.asciz	"LOAD"                  @ string offset=624
.Linfo_string56:
	.asciz	"VAL"                   @ string offset=629
.Linfo_string57:
	.asciz	"CALIB"                 @ string offset=633
.Linfo_string58:
	.asciz	"SysTick_Type"          @ string offset=639
.Linfo_string59:
	.asciz	"MyGPIO_Init"           @ string offset=652
.Linfo_string60:
	.asciz	"MyGPIO_Conf2Output"    @ string offset=664
.Linfo_string61:
	.asciz	"MyGPIO_Conf2Input"     @ string offset=683
.Linfo_string62:
	.asciz	"MyGPIO_ReadPin"        @ string offset=701
.Linfo_string63:
	.asciz	"MyGPIO_WritePin"       @ string offset=716
.Linfo_string64:
	.asciz	"MyGPIO_SelfTest"       @ string offset=732
.Linfo_string65:
	.asciz	"CLK_SysTickLongDelay"  @ string offset=748
.Linfo_string66:
	.asciz	"MyGPIO_CLI_WritePin"   @ string offset=769
.Linfo_string67:
	.asciz	"MyGPIO_CLI_ReadPin"    @ string offset=789
.Linfo_string68:
	.asciz	"MyGPIO_CLI_Set2InputMode" @ string offset=808
.Linfo_string69:
	.asciz	"MyGPIO_CLI_Set2OutputMode" @ string offset=833
.Linfo_string70:
	.asciz	"Port"                  @ string offset=859
.Linfo_string71:
	.asciz	"Pin"                   @ string offset=864
.Linfo_string72:
	.asciz	"State"                 @ string offset=868
.Linfo_string73:
	.asciz	"u32USec"               @ string offset=874
.Linfo_string74:
	.asciz	"u32Delay"              @ string offset=882
.Linfo_string75:
	.asciz	"result"                @ string offset=891
	.section	.debug_abbrev,"",%progbits
	.byte	1                       @ Abbreviation Code
	.byte	17                      @ DW_TAG_compile_unit
	.byte	1                       @ DW_CHILDREN_yes
	.byte	37                      @ DW_AT_producer
	.byte	14                      @ DW_FORM_strp
	.byte	19                      @ DW_AT_language
	.byte	5                       @ DW_FORM_data2
	.byte	3                       @ DW_AT_name
	.byte	14                      @ DW_FORM_strp
	.byte	16                      @ DW_AT_stmt_list
	.byte	6                       @ DW_FORM_data4
	.byte	27                      @ DW_AT_comp_dir
	.byte	14                      @ DW_FORM_strp
	.byte	17                      @ DW_AT_low_pc
	.byte	1                       @ DW_FORM_addr
	.byte	18                      @ DW_AT_high_pc
	.byte	1                       @ DW_FORM_addr
	.byte	0                       @ EOM(1)
	.byte	0                       @ EOM(2)
	.byte	2                       @ Abbreviation Code
	.byte	52                      @ DW_TAG_variable
	.byte	0                       @ DW_CHILDREN_no
	.byte	3                       @ DW_AT_name
	.byte	14                      @ DW_FORM_strp
	.byte	73                      @ DW_AT_type
	.byte	19                      @ DW_FORM_ref4
	.byte	63                      @ DW_AT_external
	.byte	12                      @ DW_FORM_flag
	.byte	58                      @ DW_AT_decl_file
	.byte	11                      @ DW_FORM_data1
	.byte	59                      @ DW_AT_decl_line
	.byte	11                      @ DW_FORM_data1
	.byte	2                       @ DW_AT_location
	.byte	10                      @ DW_FORM_block1
	.byte	0                       @ EOM(1)
	.byte	0                       @ EOM(2)
	.byte	3                       @ Abbreviation Code
	.byte	1                       @ DW_TAG_array_type
	.byte	1                       @ DW_CHILDREN_yes
	.byte	73                      @ DW_AT_type
	.byte	19                      @ DW_FORM_ref4
	.byte	0                       @ EOM(1)
	.byte	0                       @ EOM(2)
	.byte	4                       @ Abbreviation Code
	.byte	33                      @ DW_TAG_subrange_type
	.byte	0                       @ DW_CHILDREN_no
	.byte	73                      @ DW_AT_type
	.byte	19                      @ DW_FORM_ref4
	.byte	55                      @ DW_AT_count
	.byte	11                      @ DW_FORM_data1
	.byte	0                       @ EOM(1)
	.byte	0                       @ EOM(2)
	.byte	5                       @ Abbreviation Code
	.byte	15                      @ DW_TAG_pointer_type
	.byte	0                       @ DW_CHILDREN_no
	.byte	73                      @ DW_AT_type
	.byte	19                      @ DW_FORM_ref4
	.byte	0                       @ EOM(1)
	.byte	0                       @ EOM(2)
	.byte	6                       @ Abbreviation Code
	.byte	22                      @ DW_TAG_typedef
	.byte	0                       @ DW_CHILDREN_no
	.byte	73                      @ DW_AT_type
	.byte	19                      @ DW_FORM_ref4
	.byte	3                       @ DW_AT_name
	.byte	14                      @ DW_FORM_strp
	.byte	58                      @ DW_AT_decl_file
	.byte	11                      @ DW_FORM_data1
	.byte	59                      @ DW_AT_decl_line
	.byte	11                      @ DW_FORM_data1
	.byte	0                       @ EOM(1)
	.byte	0                       @ EOM(2)
	.byte	7                       @ Abbreviation Code
	.byte	19                      @ DW_TAG_structure_type
	.byte	1                       @ DW_CHILDREN_yes
	.byte	11                      @ DW_AT_byte_size
	.byte	11                      @ DW_FORM_data1
	.byte	58                      @ DW_AT_decl_file
	.byte	11                      @ DW_FORM_data1
	.byte	59                      @ DW_AT_decl_line
	.byte	11                      @ DW_FORM_data1
	.byte	0                       @ EOM(1)
	.byte	0                       @ EOM(2)
	.byte	8                       @ Abbreviation Code
	.byte	13                      @ DW_TAG_member
	.byte	0                       @ DW_CHILDREN_no
	.byte	3                       @ DW_AT_name
	.byte	14                      @ DW_FORM_strp
	.byte	73                      @ DW_AT_type
	.byte	19                      @ DW_FORM_ref4
	.byte	58                      @ DW_AT_decl_file
	.byte	11                      @ DW_FORM_data1
	.byte	59                      @ DW_AT_decl_line
	.byte	11                      @ DW_FORM_data1
	.byte	56                      @ DW_AT_data_member_location
	.byte	11                      @ DW_FORM_data1
	.byte	0                       @ EOM(1)
	.byte	0                       @ EOM(2)
	.byte	9                       @ Abbreviation Code
	.byte	53                      @ DW_TAG_volatile_type
	.byte	0                       @ DW_CHILDREN_no
	.byte	73                      @ DW_AT_type
	.byte	19                      @ DW_FORM_ref4
	.byte	0                       @ EOM(1)
	.byte	0                       @ EOM(2)
	.byte	10                      @ Abbreviation Code
	.byte	36                      @ DW_TAG_base_type
	.byte	0                       @ DW_CHILDREN_no
	.byte	3                       @ DW_AT_name
	.byte	14                      @ DW_FORM_strp
	.byte	62                      @ DW_AT_encoding
	.byte	11                      @ DW_FORM_data1
	.byte	11                      @ DW_AT_byte_size
	.byte	11                      @ DW_FORM_data1
	.byte	0                       @ EOM(1)
	.byte	0                       @ EOM(2)
	.byte	11                      @ Abbreviation Code
	.byte	38                      @ DW_TAG_const_type
	.byte	0                       @ DW_CHILDREN_no
	.byte	73                      @ DW_AT_type
	.byte	19                      @ DW_FORM_ref4
	.byte	0                       @ EOM(1)
	.byte	0                       @ EOM(2)
	.byte	12                      @ Abbreviation Code
	.byte	36                      @ DW_TAG_base_type
	.byte	0                       @ DW_CHILDREN_no
	.byte	3                       @ DW_AT_name
	.byte	14                      @ DW_FORM_strp
	.byte	11                      @ DW_AT_byte_size
	.byte	11                      @ DW_FORM_data1
	.byte	62                      @ DW_AT_encoding
	.byte	11                      @ DW_FORM_data1
	.byte	0                       @ EOM(1)
	.byte	0                       @ EOM(2)
	.byte	13                      @ Abbreviation Code
	.byte	4                       @ DW_TAG_enumeration_type
	.byte	1                       @ DW_CHILDREN_yes
	.byte	73                      @ DW_AT_type
	.byte	19                      @ DW_FORM_ref4
	.byte	11                      @ DW_AT_byte_size
	.byte	11                      @ DW_FORM_data1
	.byte	58                      @ DW_AT_decl_file
	.byte	11                      @ DW_FORM_data1
	.byte	59                      @ DW_AT_decl_line
	.byte	11                      @ DW_FORM_data1
	.byte	0                       @ EOM(1)
	.byte	0                       @ EOM(2)
	.byte	14                      @ Abbreviation Code
	.byte	40                      @ DW_TAG_enumerator
	.byte	0                       @ DW_CHILDREN_no
	.byte	3                       @ DW_AT_name
	.byte	14                      @ DW_FORM_strp
	.byte	28                      @ DW_AT_const_value
	.byte	15                      @ DW_FORM_udata
	.byte	0                       @ EOM(1)
	.byte	0                       @ EOM(2)
	.byte	15                      @ Abbreviation Code
	.byte	22                      @ DW_TAG_typedef
	.byte	0                       @ DW_CHILDREN_no
	.byte	73                      @ DW_AT_type
	.byte	19                      @ DW_FORM_ref4
	.byte	3                       @ DW_AT_name
	.byte	14                      @ DW_FORM_strp
	.byte	58                      @ DW_AT_decl_file
	.byte	11                      @ DW_FORM_data1
	.byte	59                      @ DW_AT_decl_line
	.byte	5                       @ DW_FORM_data2
	.byte	0                       @ EOM(1)
	.byte	0                       @ EOM(2)
	.byte	16                      @ Abbreviation Code
	.byte	19                      @ DW_TAG_structure_type
	.byte	1                       @ DW_CHILDREN_yes
	.byte	11                      @ DW_AT_byte_size
	.byte	11                      @ DW_FORM_data1
	.byte	58                      @ DW_AT_decl_file
	.byte	11                      @ DW_FORM_data1
	.byte	59                      @ DW_AT_decl_line
	.byte	5                       @ DW_FORM_data2
	.byte	0                       @ EOM(1)
	.byte	0                       @ EOM(2)
	.byte	17                      @ Abbreviation Code
	.byte	13                      @ DW_TAG_member
	.byte	0                       @ DW_CHILDREN_no
	.byte	3                       @ DW_AT_name
	.byte	14                      @ DW_FORM_strp
	.byte	73                      @ DW_AT_type
	.byte	19                      @ DW_FORM_ref4
	.byte	58                      @ DW_AT_decl_file
	.byte	11                      @ DW_FORM_data1
	.byte	59                      @ DW_AT_decl_line
	.byte	5                       @ DW_FORM_data2
	.byte	56                      @ DW_AT_data_member_location
	.byte	11                      @ DW_FORM_data1
	.byte	0                       @ EOM(1)
	.byte	0                       @ EOM(2)
	.byte	18                      @ Abbreviation Code
	.byte	46                      @ DW_TAG_subprogram
	.byte	0                       @ DW_CHILDREN_no
	.byte	17                      @ DW_AT_low_pc
	.byte	1                       @ DW_FORM_addr
	.byte	18                      @ DW_AT_high_pc
	.byte	1                       @ DW_FORM_addr
	.byte	64                      @ DW_AT_frame_base
	.byte	10                      @ DW_FORM_block1
	.byte	3                       @ DW_AT_name
	.byte	14                      @ DW_FORM_strp
	.byte	58                      @ DW_AT_decl_file
	.byte	11                      @ DW_FORM_data1
	.byte	59                      @ DW_AT_decl_line
	.byte	11                      @ DW_FORM_data1
	.byte	63                      @ DW_AT_external
	.byte	12                      @ DW_FORM_flag
	.byte	0                       @ EOM(1)
	.byte	0                       @ EOM(2)
	.byte	19                      @ Abbreviation Code
	.byte	46                      @ DW_TAG_subprogram
	.byte	1                       @ DW_CHILDREN_yes
	.byte	17                      @ DW_AT_low_pc
	.byte	1                       @ DW_FORM_addr
	.byte	18                      @ DW_AT_high_pc
	.byte	1                       @ DW_FORM_addr
	.byte	64                      @ DW_AT_frame_base
	.byte	10                      @ DW_FORM_block1
	.byte	3                       @ DW_AT_name
	.byte	14                      @ DW_FORM_strp
	.byte	58                      @ DW_AT_decl_file
	.byte	11                      @ DW_FORM_data1
	.byte	59                      @ DW_AT_decl_line
	.byte	11                      @ DW_FORM_data1
	.byte	39                      @ DW_AT_prototyped
	.byte	12                      @ DW_FORM_flag
	.byte	63                      @ DW_AT_external
	.byte	12                      @ DW_FORM_flag
	.byte	0                       @ EOM(1)
	.byte	0                       @ EOM(2)
	.byte	20                      @ Abbreviation Code
	.byte	5                       @ DW_TAG_formal_parameter
	.byte	0                       @ DW_CHILDREN_no
	.byte	2                       @ DW_AT_location
	.byte	10                      @ DW_FORM_block1
	.byte	3                       @ DW_AT_name
	.byte	14                      @ DW_FORM_strp
	.byte	58                      @ DW_AT_decl_file
	.byte	11                      @ DW_FORM_data1
	.byte	59                      @ DW_AT_decl_line
	.byte	11                      @ DW_FORM_data1
	.byte	73                      @ DW_AT_type
	.byte	19                      @ DW_FORM_ref4
	.byte	0                       @ EOM(1)
	.byte	0                       @ EOM(2)
	.byte	21                      @ Abbreviation Code
	.byte	46                      @ DW_TAG_subprogram
	.byte	1                       @ DW_CHILDREN_yes
	.byte	17                      @ DW_AT_low_pc
	.byte	1                       @ DW_FORM_addr
	.byte	18                      @ DW_AT_high_pc
	.byte	1                       @ DW_FORM_addr
	.byte	64                      @ DW_AT_frame_base
	.byte	10                      @ DW_FORM_block1
	.byte	3                       @ DW_AT_name
	.byte	14                      @ DW_FORM_strp
	.byte	58                      @ DW_AT_decl_file
	.byte	11                      @ DW_FORM_data1
	.byte	59                      @ DW_AT_decl_line
	.byte	11                      @ DW_FORM_data1
	.byte	39                      @ DW_AT_prototyped
	.byte	12                      @ DW_FORM_flag
	.byte	73                      @ DW_AT_type
	.byte	19                      @ DW_FORM_ref4
	.byte	63                      @ DW_AT_external
	.byte	12                      @ DW_FORM_flag
	.byte	0                       @ EOM(1)
	.byte	0                       @ EOM(2)
	.byte	22                      @ Abbreviation Code
	.byte	46                      @ DW_TAG_subprogram
	.byte	1                       @ DW_CHILDREN_yes
	.byte	17                      @ DW_AT_low_pc
	.byte	1                       @ DW_FORM_addr
	.byte	18                      @ DW_AT_high_pc
	.byte	1                       @ DW_FORM_addr
	.byte	64                      @ DW_AT_frame_base
	.byte	10                      @ DW_FORM_block1
	.byte	3                       @ DW_AT_name
	.byte	14                      @ DW_FORM_strp
	.byte	58                      @ DW_AT_decl_file
	.byte	11                      @ DW_FORM_data1
	.byte	59                      @ DW_AT_decl_line
	.byte	5                       @ DW_FORM_data2
	.byte	39                      @ DW_AT_prototyped
	.byte	12                      @ DW_FORM_flag
	.byte	0                       @ EOM(1)
	.byte	0                       @ EOM(2)
	.byte	23                      @ Abbreviation Code
	.byte	5                       @ DW_TAG_formal_parameter
	.byte	0                       @ DW_CHILDREN_no
	.byte	2                       @ DW_AT_location
	.byte	10                      @ DW_FORM_block1
	.byte	3                       @ DW_AT_name
	.byte	14                      @ DW_FORM_strp
	.byte	58                      @ DW_AT_decl_file
	.byte	11                      @ DW_FORM_data1
	.byte	59                      @ DW_AT_decl_line
	.byte	5                       @ DW_FORM_data2
	.byte	73                      @ DW_AT_type
	.byte	19                      @ DW_FORM_ref4
	.byte	0                       @ EOM(1)
	.byte	0                       @ EOM(2)
	.byte	24                      @ Abbreviation Code
	.byte	52                      @ DW_TAG_variable
	.byte	0                       @ DW_CHILDREN_no
	.byte	2                       @ DW_AT_location
	.byte	10                      @ DW_FORM_block1
	.byte	3                       @ DW_AT_name
	.byte	14                      @ DW_FORM_strp
	.byte	58                      @ DW_AT_decl_file
	.byte	11                      @ DW_FORM_data1
	.byte	59                      @ DW_AT_decl_line
	.byte	5                       @ DW_FORM_data2
	.byte	73                      @ DW_AT_type
	.byte	19                      @ DW_FORM_ref4
	.byte	0                       @ EOM(1)
	.byte	0                       @ EOM(2)
	.byte	25                      @ Abbreviation Code
	.byte	46                      @ DW_TAG_subprogram
	.byte	1                       @ DW_CHILDREN_yes
	.byte	17                      @ DW_AT_low_pc
	.byte	1                       @ DW_FORM_addr
	.byte	18                      @ DW_AT_high_pc
	.byte	1                       @ DW_FORM_addr
	.byte	64                      @ DW_AT_frame_base
	.byte	10                      @ DW_FORM_block1
	.byte	3                       @ DW_AT_name
	.byte	14                      @ DW_FORM_strp
	.byte	58                      @ DW_AT_decl_file
	.byte	11                      @ DW_FORM_data1
	.byte	59                      @ DW_AT_decl_line
	.byte	11                      @ DW_FORM_data1
	.byte	63                      @ DW_AT_external
	.byte	12                      @ DW_FORM_flag
	.byte	0                       @ EOM(1)
	.byte	0                       @ EOM(2)
	.byte	26                      @ Abbreviation Code
	.byte	52                      @ DW_TAG_variable
	.byte	0                       @ DW_CHILDREN_no
	.byte	2                       @ DW_AT_location
	.byte	10                      @ DW_FORM_block1
	.byte	3                       @ DW_AT_name
	.byte	14                      @ DW_FORM_strp
	.byte	58                      @ DW_AT_decl_file
	.byte	11                      @ DW_FORM_data1
	.byte	59                      @ DW_AT_decl_line
	.byte	11                      @ DW_FORM_data1
	.byte	73                      @ DW_AT_type
	.byte	19                      @ DW_FORM_ref4
	.byte	0                       @ EOM(1)
	.byte	0                       @ EOM(2)
	.byte	0                       @ EOM(3)
	.section	.debug_info,"",%progbits
.Lcu_begin0:
	.long	.Ldebug_info_end0-.Ldebug_info_start0 @ Length of Unit
.Ldebug_info_start0:
	.short	3                       @ DWARF version number
	.long	.debug_abbrev           @ Offset Into Abbrev. Section
	.byte	4                       @ Address Size (in bytes)
	.byte	1                       @ Abbrev [1] 0xb:0x475 DW_TAG_compile_unit
	.long	.Linfo_string0          @ DW_AT_producer
	.short	1                       @ DW_AT_language
	.long	.Linfo_string1          @ DW_AT_name
	.long	.Lline_table_start0     @ DW_AT_stmt_list
	.long	.Linfo_string2          @ DW_AT_comp_dir
	.long	.Lfunc_begin0           @ DW_AT_low_pc
	.long	.Lfunc_end10            @ DW_AT_high_pc
	.byte	2                       @ Abbrev [2] 0x26:0x12 DW_TAG_variable
	.long	.Linfo_string3          @ DW_AT_name
	.long	56                      @ DW_AT_type
	.byte	1                       @ DW_AT_external
	.byte	3                       @ DW_AT_decl_file
	.byte	18                      @ DW_AT_decl_line
	.byte	5                       @ DW_AT_location
	.byte	3
	.long	GPIO_Port
	.byte	3                       @ Abbrev [3] 0x38:0xc DW_TAG_array_type
	.long	68                      @ DW_AT_type
	.byte	4                       @ Abbrev [4] 0x3d:0x6 DW_TAG_subrange_type
	.long	285                     @ DW_AT_type
	.byte	4                       @ DW_AT_count
	.byte	0                       @ End Of Children Mark
	.byte	5                       @ Abbrev [5] 0x44:0x5 DW_TAG_pointer_type
	.long	73                      @ DW_AT_type
	.byte	6                       @ Abbrev [6] 0x49:0xb DW_TAG_typedef
	.long	84                      @ DW_AT_type
	.long	.Linfo_string20         @ DW_AT_name
	.byte	2                       @ DW_AT_decl_file
	.byte	223                     @ DW_AT_decl_line
	.byte	7                       @ Abbrev [7] 0x54:0xa1 DW_TAG_structure_type
	.byte	52                      @ DW_AT_byte_size
	.byte	2                       @ DW_AT_decl_file
	.byte	27                      @ DW_AT_decl_line
	.byte	8                       @ Abbrev [8] 0x58:0xc DW_TAG_member
	.long	.Linfo_string4          @ DW_AT_name
	.long	245                     @ DW_AT_type
	.byte	2                       @ DW_AT_decl_file
	.byte	208                     @ DW_AT_decl_line
	.byte	0                       @ DW_AT_data_member_location
	.byte	8                       @ Abbrev [8] 0x64:0xc DW_TAG_member
	.long	.Linfo_string7          @ DW_AT_name
	.long	245                     @ DW_AT_type
	.byte	2                       @ DW_AT_decl_file
	.byte	209                     @ DW_AT_decl_line
	.byte	4                       @ DW_AT_data_member_location
	.byte	8                       @ Abbrev [8] 0x70:0xc DW_TAG_member
	.long	.Linfo_string8          @ DW_AT_name
	.long	245                     @ DW_AT_type
	.byte	2                       @ DW_AT_decl_file
	.byte	210                     @ DW_AT_decl_line
	.byte	8                       @ DW_AT_data_member_location
	.byte	8                       @ Abbrev [8] 0x7c:0xc DW_TAG_member
	.long	.Linfo_string9          @ DW_AT_name
	.long	245                     @ DW_AT_type
	.byte	2                       @ DW_AT_decl_file
	.byte	211                     @ DW_AT_decl_line
	.byte	12                      @ DW_AT_data_member_location
	.byte	8                       @ Abbrev [8] 0x88:0xc DW_TAG_member
	.long	.Linfo_string10         @ DW_AT_name
	.long	268                     @ DW_AT_type
	.byte	2                       @ DW_AT_decl_file
	.byte	212                     @ DW_AT_decl_line
	.byte	16                      @ DW_AT_data_member_location
	.byte	8                       @ Abbrev [8] 0x94:0xc DW_TAG_member
	.long	.Linfo_string11         @ DW_AT_name
	.long	245                     @ DW_AT_type
	.byte	2                       @ DW_AT_decl_file
	.byte	213                     @ DW_AT_decl_line
	.byte	20                      @ DW_AT_data_member_location
	.byte	8                       @ Abbrev [8] 0xa0:0xc DW_TAG_member
	.long	.Linfo_string12         @ DW_AT_name
	.long	245                     @ DW_AT_type
	.byte	2                       @ DW_AT_decl_file
	.byte	214                     @ DW_AT_decl_line
	.byte	24                      @ DW_AT_data_member_location
	.byte	8                       @ Abbrev [8] 0xac:0xc DW_TAG_member
	.long	.Linfo_string13         @ DW_AT_name
	.long	245                     @ DW_AT_type
	.byte	2                       @ DW_AT_decl_file
	.byte	215                     @ DW_AT_decl_line
	.byte	28                      @ DW_AT_data_member_location
	.byte	8                       @ Abbrev [8] 0xb8:0xc DW_TAG_member
	.long	.Linfo_string14         @ DW_AT_name
	.long	245                     @ DW_AT_type
	.byte	2                       @ DW_AT_decl_file
	.byte	216                     @ DW_AT_decl_line
	.byte	32                      @ DW_AT_data_member_location
	.byte	8                       @ Abbrev [8] 0xc4:0xc DW_TAG_member
	.long	.Linfo_string15         @ DW_AT_name
	.long	245                     @ DW_AT_type
	.byte	2                       @ DW_AT_decl_file
	.byte	217                     @ DW_AT_decl_line
	.byte	36                      @ DW_AT_data_member_location
	.byte	8                       @ Abbrev [8] 0xd0:0xc DW_TAG_member
	.long	.Linfo_string16         @ DW_AT_name
	.long	245                     @ DW_AT_type
	.byte	2                       @ DW_AT_decl_file
	.byte	218                     @ DW_AT_decl_line
	.byte	40                      @ DW_AT_data_member_location
	.byte	8                       @ Abbrev [8] 0xdc:0xc DW_TAG_member
	.long	.Linfo_string17         @ DW_AT_name
	.long	273                     @ DW_AT_type
	.byte	2                       @ DW_AT_decl_file
	.byte	220                     @ DW_AT_decl_line
	.byte	44                      @ DW_AT_data_member_location
	.byte	8                       @ Abbrev [8] 0xe8:0xc DW_TAG_member
	.long	.Linfo_string19         @ DW_AT_name
	.long	245                     @ DW_AT_type
	.byte	2                       @ DW_AT_decl_file
	.byte	222                     @ DW_AT_decl_line
	.byte	48                      @ DW_AT_data_member_location
	.byte	0                       @ End Of Children Mark
	.byte	9                       @ Abbrev [9] 0xf5:0x5 DW_TAG_volatile_type
	.long	250                     @ DW_AT_type
	.byte	6                       @ Abbrev [6] 0xfa:0xb DW_TAG_typedef
	.long	261                     @ DW_AT_type
	.long	.Linfo_string6          @ DW_AT_name
	.byte	1                       @ DW_AT_decl_file
	.byte	64                      @ DW_AT_decl_line
	.byte	10                      @ Abbrev [10] 0x105:0x7 DW_TAG_base_type
	.long	.Linfo_string5          @ DW_AT_name
	.byte	7                       @ DW_AT_encoding
	.byte	4                       @ DW_AT_byte_size
	.byte	11                      @ Abbrev [11] 0x10c:0x5 DW_TAG_const_type
	.long	245                     @ DW_AT_type
	.byte	3                       @ Abbrev [3] 0x111:0xc DW_TAG_array_type
	.long	268                     @ DW_AT_type
	.byte	4                       @ Abbrev [4] 0x116:0x6 DW_TAG_subrange_type
	.long	285                     @ DW_AT_type
	.byte	1                       @ DW_AT_count
	.byte	0                       @ End Of Children Mark
	.byte	12                      @ Abbrev [12] 0x11d:0x7 DW_TAG_base_type
	.long	.Linfo_string18         @ DW_AT_name
	.byte	8                       @ DW_AT_byte_size
	.byte	7                       @ DW_AT_encoding
	.byte	2                       @ Abbrev [2] 0x124:0x12 DW_TAG_variable
	.long	.Linfo_string21         @ DW_AT_name
	.long	310                     @ DW_AT_type
	.byte	1                       @ DW_AT_external
	.byte	3                       @ DW_AT_decl_file
	.byte	19                      @ DW_AT_decl_line
	.byte	5                       @ DW_AT_location
	.byte	3
	.long	GPIO_Pin
	.byte	3                       @ Abbrev [3] 0x136:0xc DW_TAG_array_type
	.long	322                     @ DW_AT_type
	.byte	4                       @ Abbrev [4] 0x13b:0x6 DW_TAG_subrange_type
	.long	285                     @ DW_AT_type
	.byte	17                      @ DW_AT_count
	.byte	0                       @ End Of Children Mark
	.byte	6                       @ Abbrev [6] 0x142:0xb DW_TAG_typedef
	.long	333                     @ DW_AT_type
	.long	.Linfo_string23         @ DW_AT_name
	.byte	1                       @ DW_AT_decl_file
	.byte	63                      @ DW_AT_decl_line
	.byte	10                      @ Abbrev [10] 0x14d:0x7 DW_TAG_base_type
	.long	.Linfo_string22         @ DW_AT_name
	.byte	7                       @ DW_AT_encoding
	.byte	2                       @ DW_AT_byte_size
	.byte	13                      @ Abbrev [13] 0x154:0x27 DW_TAG_enumeration_type
	.long	379                     @ DW_AT_type
	.byte	1                       @ DW_AT_byte_size
	.byte	4                       @ DW_AT_decl_file
	.byte	13                      @ DW_AT_decl_line
	.byte	14                      @ Abbrev [14] 0x15c:0x6 DW_TAG_enumerator
	.long	.Linfo_string25         @ DW_AT_name
	.byte	0                       @ DW_AT_const_value
	.byte	14                      @ Abbrev [14] 0x162:0x6 DW_TAG_enumerator
	.long	.Linfo_string26         @ DW_AT_name
	.byte	1                       @ DW_AT_const_value
	.byte	14                      @ Abbrev [14] 0x168:0x6 DW_TAG_enumerator
	.long	.Linfo_string27         @ DW_AT_name
	.byte	2                       @ DW_AT_const_value
	.byte	14                      @ Abbrev [14] 0x16e:0x6 DW_TAG_enumerator
	.long	.Linfo_string28         @ DW_AT_name
	.byte	3                       @ DW_AT_const_value
	.byte	14                      @ Abbrev [14] 0x174:0x6 DW_TAG_enumerator
	.long	.Linfo_string29         @ DW_AT_name
	.byte	4                       @ DW_AT_const_value
	.byte	0                       @ End Of Children Mark
	.byte	10                      @ Abbrev [10] 0x17b:0x7 DW_TAG_base_type
	.long	.Linfo_string24         @ DW_AT_name
	.byte	8                       @ DW_AT_encoding
	.byte	1                       @ DW_AT_byte_size
	.byte	13                      @ Abbrev [13] 0x182:0x75 DW_TAG_enumeration_type
	.long	379                     @ DW_AT_type
	.byte	1                       @ DW_AT_byte_size
	.byte	4                       @ DW_AT_decl_file
	.byte	22                      @ DW_AT_decl_line
	.byte	14                      @ Abbrev [14] 0x18a:0x6 DW_TAG_enumerator
	.long	.Linfo_string30         @ DW_AT_name
	.byte	0                       @ DW_AT_const_value
	.byte	14                      @ Abbrev [14] 0x190:0x6 DW_TAG_enumerator
	.long	.Linfo_string31         @ DW_AT_name
	.byte	1                       @ DW_AT_const_value
	.byte	14                      @ Abbrev [14] 0x196:0x6 DW_TAG_enumerator
	.long	.Linfo_string32         @ DW_AT_name
	.byte	2                       @ DW_AT_const_value
	.byte	14                      @ Abbrev [14] 0x19c:0x6 DW_TAG_enumerator
	.long	.Linfo_string33         @ DW_AT_name
	.byte	3                       @ DW_AT_const_value
	.byte	14                      @ Abbrev [14] 0x1a2:0x6 DW_TAG_enumerator
	.long	.Linfo_string34         @ DW_AT_name
	.byte	4                       @ DW_AT_const_value
	.byte	14                      @ Abbrev [14] 0x1a8:0x6 DW_TAG_enumerator
	.long	.Linfo_string35         @ DW_AT_name
	.byte	5                       @ DW_AT_const_value
	.byte	14                      @ Abbrev [14] 0x1ae:0x6 DW_TAG_enumerator
	.long	.Linfo_string36         @ DW_AT_name
	.byte	6                       @ DW_AT_const_value
	.byte	14                      @ Abbrev [14] 0x1b4:0x6 DW_TAG_enumerator
	.long	.Linfo_string37         @ DW_AT_name
	.byte	7                       @ DW_AT_const_value
	.byte	14                      @ Abbrev [14] 0x1ba:0x6 DW_TAG_enumerator
	.long	.Linfo_string38         @ DW_AT_name
	.byte	8                       @ DW_AT_const_value
	.byte	14                      @ Abbrev [14] 0x1c0:0x6 DW_TAG_enumerator
	.long	.Linfo_string39         @ DW_AT_name
	.byte	9                       @ DW_AT_const_value
	.byte	14                      @ Abbrev [14] 0x1c6:0x6 DW_TAG_enumerator
	.long	.Linfo_string40         @ DW_AT_name
	.byte	10                      @ DW_AT_const_value
	.byte	14                      @ Abbrev [14] 0x1cc:0x6 DW_TAG_enumerator
	.long	.Linfo_string41         @ DW_AT_name
	.byte	11                      @ DW_AT_const_value
	.byte	14                      @ Abbrev [14] 0x1d2:0x6 DW_TAG_enumerator
	.long	.Linfo_string42         @ DW_AT_name
	.byte	12                      @ DW_AT_const_value
	.byte	14                      @ Abbrev [14] 0x1d8:0x6 DW_TAG_enumerator
	.long	.Linfo_string43         @ DW_AT_name
	.byte	13                      @ DW_AT_const_value
	.byte	14                      @ Abbrev [14] 0x1de:0x6 DW_TAG_enumerator
	.long	.Linfo_string44         @ DW_AT_name
	.byte	14                      @ DW_AT_const_value
	.byte	14                      @ Abbrev [14] 0x1e4:0x6 DW_TAG_enumerator
	.long	.Linfo_string45         @ DW_AT_name
	.byte	15                      @ DW_AT_const_value
	.byte	14                      @ Abbrev [14] 0x1ea:0x6 DW_TAG_enumerator
	.long	.Linfo_string46         @ DW_AT_name
	.byte	16                      @ DW_AT_const_value
	.byte	14                      @ Abbrev [14] 0x1f0:0x6 DW_TAG_enumerator
	.long	.Linfo_string47         @ DW_AT_name
	.byte	17                      @ DW_AT_const_value
	.byte	0                       @ End Of Children Mark
	.byte	13                      @ Abbrev [13] 0x1f7:0x15 DW_TAG_enumeration_type
	.long	379                     @ DW_AT_type
	.byte	1                       @ DW_AT_byte_size
	.byte	4                       @ DW_AT_decl_file
	.byte	45                      @ DW_AT_decl_line
	.byte	14                      @ Abbrev [14] 0x1ff:0x6 DW_TAG_enumerator
	.long	.Linfo_string48         @ DW_AT_name
	.byte	0                       @ DW_AT_const_value
	.byte	14                      @ Abbrev [14] 0x205:0x6 DW_TAG_enumerator
	.long	.Linfo_string49         @ DW_AT_name
	.byte	1                       @ DW_AT_const_value
	.byte	0                       @ End Of Children Mark
	.byte	6                       @ Abbrev [6] 0x20c:0xb DW_TAG_typedef
	.long	340                     @ DW_AT_type
	.long	.Linfo_string50         @ DW_AT_name
	.byte	4                       @ DW_AT_decl_file
	.byte	20                      @ DW_AT_decl_line
	.byte	6                       @ Abbrev [6] 0x217:0xb DW_TAG_typedef
	.long	386                     @ DW_AT_type
	.long	.Linfo_string51         @ DW_AT_name
	.byte	4                       @ DW_AT_decl_file
	.byte	43                      @ DW_AT_decl_line
	.byte	6                       @ Abbrev [6] 0x222:0xb DW_TAG_typedef
	.long	503                     @ DW_AT_type
	.long	.Linfo_string52         @ DW_AT_name
	.byte	4                       @ DW_AT_decl_file
	.byte	49                      @ DW_AT_decl_line
	.byte	10                      @ Abbrev [10] 0x22d:0x7 DW_TAG_base_type
	.long	.Linfo_string53         @ DW_AT_name
	.byte	5                       @ DW_AT_encoding
	.byte	4                       @ DW_AT_byte_size
	.byte	5                       @ Abbrev [5] 0x234:0x5 DW_TAG_pointer_type
	.long	569                     @ DW_AT_type
	.byte	15                      @ Abbrev [15] 0x239:0xc DW_TAG_typedef
	.long	581                     @ DW_AT_type
	.long	.Linfo_string58         @ DW_AT_name
	.byte	5                       @ DW_AT_decl_file
	.short	561                     @ DW_AT_decl_line
	.byte	16                      @ Abbrev [16] 0x245:0x3a DW_TAG_structure_type
	.byte	16                      @ DW_AT_byte_size
	.byte	5                       @ DW_AT_decl_file
	.short	555                     @ DW_AT_decl_line
	.byte	17                      @ Abbrev [17] 0x24a:0xd DW_TAG_member
	.long	.Linfo_string54         @ DW_AT_name
	.long	245                     @ DW_AT_type
	.byte	5                       @ DW_AT_decl_file
	.short	557                     @ DW_AT_decl_line
	.byte	0                       @ DW_AT_data_member_location
	.byte	17                      @ Abbrev [17] 0x257:0xd DW_TAG_member
	.long	.Linfo_string55         @ DW_AT_name
	.long	245                     @ DW_AT_type
	.byte	5                       @ DW_AT_decl_file
	.short	558                     @ DW_AT_decl_line
	.byte	4                       @ DW_AT_data_member_location
	.byte	17                      @ Abbrev [17] 0x264:0xd DW_TAG_member
	.long	.Linfo_string56         @ DW_AT_name
	.long	245                     @ DW_AT_type
	.byte	5                       @ DW_AT_decl_file
	.short	559                     @ DW_AT_decl_line
	.byte	8                       @ DW_AT_data_member_location
	.byte	17                      @ Abbrev [17] 0x271:0xd DW_TAG_member
	.long	.Linfo_string57         @ DW_AT_name
	.long	268                     @ DW_AT_type
	.byte	5                       @ DW_AT_decl_file
	.short	560                     @ DW_AT_decl_line
	.byte	12                      @ DW_AT_data_member_location
	.byte	0                       @ End Of Children Mark
	.byte	18                      @ Abbrev [18] 0x27f:0x12 DW_TAG_subprogram
	.long	.Lfunc_begin0           @ DW_AT_low_pc
	.long	.Lfunc_end0             @ DW_AT_high_pc
	.byte	1                       @ DW_AT_frame_base
	.byte	93
	.long	.Linfo_string59         @ DW_AT_name
	.byte	3                       @ DW_AT_decl_file
	.byte	24                      @ DW_AT_decl_line
	.byte	1                       @ DW_AT_external
	.byte	19                      @ Abbrev [19] 0x291:0x30 DW_TAG_subprogram
	.long	.Lfunc_begin1           @ DW_AT_low_pc
	.long	.Lfunc_end1             @ DW_AT_high_pc
	.byte	1                       @ DW_AT_frame_base
	.byte	93
	.long	.Linfo_string60         @ DW_AT_name
	.byte	3                       @ DW_AT_decl_file
	.byte	66                      @ DW_AT_decl_line
	.byte	1                       @ DW_AT_prototyped
	.byte	1                       @ DW_AT_external
	.byte	20                      @ Abbrev [20] 0x2a4:0xe DW_TAG_formal_parameter
	.byte	2                       @ DW_AT_location
	.byte	145
	.byte	20
	.long	.Linfo_string70         @ DW_AT_name
	.byte	3                       @ DW_AT_decl_file
	.byte	66                      @ DW_AT_decl_line
	.long	524                     @ DW_AT_type
	.byte	20                      @ Abbrev [20] 0x2b2:0xe DW_TAG_formal_parameter
	.byte	2                       @ DW_AT_location
	.byte	145
	.byte	16
	.long	.Linfo_string71         @ DW_AT_name
	.byte	3                       @ DW_AT_decl_file
	.byte	66                      @ DW_AT_decl_line
	.long	535                     @ DW_AT_type
	.byte	0                       @ End Of Children Mark
	.byte	19                      @ Abbrev [19] 0x2c1:0x30 DW_TAG_subprogram
	.long	.Lfunc_begin2           @ DW_AT_low_pc
	.long	.Lfunc_end2             @ DW_AT_high_pc
	.byte	1                       @ DW_AT_frame_base
	.byte	93
	.long	.Linfo_string61         @ DW_AT_name
	.byte	3                       @ DW_AT_decl_file
	.byte	84                      @ DW_AT_decl_line
	.byte	1                       @ DW_AT_prototyped
	.byte	1                       @ DW_AT_external
	.byte	20                      @ Abbrev [20] 0x2d4:0xe DW_TAG_formal_parameter
	.byte	2                       @ DW_AT_location
	.byte	145
	.byte	20
	.long	.Linfo_string70         @ DW_AT_name
	.byte	3                       @ DW_AT_decl_file
	.byte	84                      @ DW_AT_decl_line
	.long	524                     @ DW_AT_type
	.byte	20                      @ Abbrev [20] 0x2e2:0xe DW_TAG_formal_parameter
	.byte	2                       @ DW_AT_location
	.byte	145
	.byte	16
	.long	.Linfo_string71         @ DW_AT_name
	.byte	3                       @ DW_AT_decl_file
	.byte	84                      @ DW_AT_decl_line
	.long	535                     @ DW_AT_type
	.byte	0                       @ End Of Children Mark
	.byte	21                      @ Abbrev [21] 0x2f1:0x34 DW_TAG_subprogram
	.long	.Lfunc_begin3           @ DW_AT_low_pc
	.long	.Lfunc_end3             @ DW_AT_high_pc
	.byte	1                       @ DW_AT_frame_base
	.byte	93
	.long	.Linfo_string62         @ DW_AT_name
	.byte	3                       @ DW_AT_decl_file
	.byte	105                     @ DW_AT_decl_line
	.byte	1                       @ DW_AT_prototyped
	.long	546                     @ DW_AT_type
	.byte	1                       @ DW_AT_external
	.byte	20                      @ Abbrev [20] 0x308:0xe DW_TAG_formal_parameter
	.byte	2                       @ DW_AT_location
	.byte	145
	.byte	4
	.long	.Linfo_string70         @ DW_AT_name
	.byte	3                       @ DW_AT_decl_file
	.byte	105                     @ DW_AT_decl_line
	.long	524                     @ DW_AT_type
	.byte	20                      @ Abbrev [20] 0x316:0xe DW_TAG_formal_parameter
	.byte	2                       @ DW_AT_location
	.byte	145
	.byte	0
	.long	.Linfo_string71         @ DW_AT_name
	.byte	3                       @ DW_AT_decl_file
	.byte	105                     @ DW_AT_decl_line
	.long	535                     @ DW_AT_type
	.byte	0                       @ End Of Children Mark
	.byte	19                      @ Abbrev [19] 0x325:0x3e DW_TAG_subprogram
	.long	.Lfunc_begin4           @ DW_AT_low_pc
	.long	.Lfunc_end4             @ DW_AT_high_pc
	.byte	1                       @ DW_AT_frame_base
	.byte	93
	.long	.Linfo_string63         @ DW_AT_name
	.byte	3                       @ DW_AT_decl_file
	.byte	118                     @ DW_AT_decl_line
	.byte	1                       @ DW_AT_prototyped
	.byte	1                       @ DW_AT_external
	.byte	20                      @ Abbrev [20] 0x338:0xe DW_TAG_formal_parameter
	.byte	2                       @ DW_AT_location
	.byte	145
	.byte	8
	.long	.Linfo_string70         @ DW_AT_name
	.byte	3                       @ DW_AT_decl_file
	.byte	118                     @ DW_AT_decl_line
	.long	524                     @ DW_AT_type
	.byte	20                      @ Abbrev [20] 0x346:0xe DW_TAG_formal_parameter
	.byte	2                       @ DW_AT_location
	.byte	145
	.byte	4
	.long	.Linfo_string71         @ DW_AT_name
	.byte	3                       @ DW_AT_decl_file
	.byte	118                     @ DW_AT_decl_line
	.long	535                     @ DW_AT_type
	.byte	20                      @ Abbrev [20] 0x354:0xe DW_TAG_formal_parameter
	.byte	2                       @ DW_AT_location
	.byte	145
	.byte	0
	.long	.Linfo_string72         @ DW_AT_name
	.byte	3                       @ DW_AT_decl_file
	.byte	118                     @ DW_AT_decl_line
	.long	546                     @ DW_AT_type
	.byte	0                       @ End Of Children Mark
	.byte	18                      @ Abbrev [18] 0x363:0x12 DW_TAG_subprogram
	.long	.Lfunc_begin5           @ DW_AT_low_pc
	.long	.Lfunc_end5             @ DW_AT_high_pc
	.byte	1                       @ DW_AT_frame_base
	.byte	93
	.long	.Linfo_string64         @ DW_AT_name
	.byte	3                       @ DW_AT_decl_file
	.byte	135                     @ DW_AT_decl_line
	.byte	1                       @ DW_AT_external
	.byte	22                      @ Abbrev [22] 0x375:0x32 DW_TAG_subprogram
	.long	.Lfunc_begin6           @ DW_AT_low_pc
	.long	.Lfunc_end6             @ DW_AT_high_pc
	.byte	1                       @ DW_AT_frame_base
	.byte	93
	.long	.Linfo_string65         @ DW_AT_name
	.byte	6                       @ DW_AT_decl_file
	.short	581                     @ DW_AT_decl_line
	.byte	1                       @ DW_AT_prototyped
	.byte	23                      @ Abbrev [23] 0x388:0xf DW_TAG_formal_parameter
	.byte	2                       @ DW_AT_location
	.byte	145
	.byte	4
	.long	.Linfo_string73         @ DW_AT_name
	.byte	6                       @ DW_AT_decl_file
	.short	581                     @ DW_AT_decl_line
	.long	250                     @ DW_AT_type
	.byte	24                      @ Abbrev [24] 0x397:0xf DW_TAG_variable
	.byte	2                       @ DW_AT_location
	.byte	145
	.byte	0
	.long	.Linfo_string74         @ DW_AT_name
	.byte	6                       @ DW_AT_decl_file
	.short	583                     @ DW_AT_decl_line
	.long	250                     @ DW_AT_type
	.byte	0                       @ End Of Children Mark
	.byte	25                      @ Abbrev [25] 0x3a7:0x3d DW_TAG_subprogram
	.long	.Lfunc_begin7           @ DW_AT_low_pc
	.long	.Lfunc_end7             @ DW_AT_high_pc
	.byte	1                       @ DW_AT_frame_base
	.byte	93
	.long	.Linfo_string66         @ DW_AT_name
	.byte	3                       @ DW_AT_decl_file
	.byte	163                     @ DW_AT_decl_line
	.byte	1                       @ DW_AT_external
	.byte	26                      @ Abbrev [26] 0x3b9:0xe DW_TAG_variable
	.byte	2                       @ DW_AT_location
	.byte	145
	.byte	20
	.long	.Linfo_string70         @ DW_AT_name
	.byte	3                       @ DW_AT_decl_file
	.byte	165                     @ DW_AT_decl_line
	.long	524                     @ DW_AT_type
	.byte	26                      @ Abbrev [26] 0x3c7:0xe DW_TAG_variable
	.byte	2                       @ DW_AT_location
	.byte	145
	.byte	16
	.long	.Linfo_string71         @ DW_AT_name
	.byte	3                       @ DW_AT_decl_file
	.byte	166                     @ DW_AT_decl_line
	.long	535                     @ DW_AT_type
	.byte	26                      @ Abbrev [26] 0x3d5:0xe DW_TAG_variable
	.byte	2                       @ DW_AT_location
	.byte	145
	.byte	12
	.long	.Linfo_string72         @ DW_AT_name
	.byte	3                       @ DW_AT_decl_file
	.byte	167                     @ DW_AT_decl_line
	.long	546                     @ DW_AT_type
	.byte	0                       @ End Of Children Mark
	.byte	25                      @ Abbrev [25] 0x3e4:0x3d DW_TAG_subprogram
	.long	.Lfunc_begin8           @ DW_AT_low_pc
	.long	.Lfunc_end8             @ DW_AT_high_pc
	.byte	1                       @ DW_AT_frame_base
	.byte	93
	.long	.Linfo_string67         @ DW_AT_name
	.byte	3                       @ DW_AT_decl_file
	.byte	174                     @ DW_AT_decl_line
	.byte	1                       @ DW_AT_external
	.byte	26                      @ Abbrev [26] 0x3f6:0xe DW_TAG_variable
	.byte	2                       @ DW_AT_location
	.byte	145
	.byte	12
	.long	.Linfo_string75         @ DW_AT_name
	.byte	3                       @ DW_AT_decl_file
	.byte	176                     @ DW_AT_decl_line
	.long	557                     @ DW_AT_type
	.byte	26                      @ Abbrev [26] 0x404:0xe DW_TAG_variable
	.byte	2                       @ DW_AT_location
	.byte	145
	.byte	8
	.long	.Linfo_string70         @ DW_AT_name
	.byte	3                       @ DW_AT_decl_file
	.byte	177                     @ DW_AT_decl_line
	.long	524                     @ DW_AT_type
	.byte	26                      @ Abbrev [26] 0x412:0xe DW_TAG_variable
	.byte	2                       @ DW_AT_location
	.byte	145
	.byte	4
	.long	.Linfo_string71         @ DW_AT_name
	.byte	3                       @ DW_AT_decl_file
	.byte	178                     @ DW_AT_decl_line
	.long	535                     @ DW_AT_type
	.byte	0                       @ End Of Children Mark
	.byte	25                      @ Abbrev [25] 0x421:0x2f DW_TAG_subprogram
	.long	.Lfunc_begin9           @ DW_AT_low_pc
	.long	.Lfunc_end9             @ DW_AT_high_pc
	.byte	1                       @ DW_AT_frame_base
	.byte	93
	.long	.Linfo_string68         @ DW_AT_name
	.byte	3                       @ DW_AT_decl_file
	.byte	186                     @ DW_AT_decl_line
	.byte	1                       @ DW_AT_external
	.byte	26                      @ Abbrev [26] 0x433:0xe DW_TAG_variable
	.byte	2                       @ DW_AT_location
	.byte	145
	.byte	12
	.long	.Linfo_string70         @ DW_AT_name
	.byte	3                       @ DW_AT_decl_file
	.byte	188                     @ DW_AT_decl_line
	.long	524                     @ DW_AT_type
	.byte	26                      @ Abbrev [26] 0x441:0xe DW_TAG_variable
	.byte	2                       @ DW_AT_location
	.byte	145
	.byte	8
	.long	.Linfo_string71         @ DW_AT_name
	.byte	3                       @ DW_AT_decl_file
	.byte	189                     @ DW_AT_decl_line
	.long	535                     @ DW_AT_type
	.byte	0                       @ End Of Children Mark
	.byte	25                      @ Abbrev [25] 0x450:0x2f DW_TAG_subprogram
	.long	.Lfunc_begin10          @ DW_AT_low_pc
	.long	.Lfunc_end10            @ DW_AT_high_pc
	.byte	1                       @ DW_AT_frame_base
	.byte	93
	.long	.Linfo_string69         @ DW_AT_name
	.byte	3                       @ DW_AT_decl_file
	.byte	194                     @ DW_AT_decl_line
	.byte	1                       @ DW_AT_external
	.byte	26                      @ Abbrev [26] 0x462:0xe DW_TAG_variable
	.byte	2                       @ DW_AT_location
	.byte	145
	.byte	12
	.long	.Linfo_string70         @ DW_AT_name
	.byte	3                       @ DW_AT_decl_file
	.byte	196                     @ DW_AT_decl_line
	.long	524                     @ DW_AT_type
	.byte	26                      @ Abbrev [26] 0x470:0xe DW_TAG_variable
	.byte	2                       @ DW_AT_location
	.byte	145
	.byte	8
	.long	.Linfo_string71         @ DW_AT_name
	.byte	3                       @ DW_AT_decl_file
	.byte	197                     @ DW_AT_decl_line
	.long	535                     @ DW_AT_type
	.byte	0                       @ End Of Children Mark
	.byte	0                       @ End Of Children Mark
.Ldebug_info_end0:
	.ident	"Component: ARM Compiler 6.14 Tool: armclang [5db06c00]"
	.section	".note.GNU-stack","",%progbits
	.eabi_attribute	30, 6	@ Tag_ABI_optimization_goals
	.ARM_attribute	16, 1	@ Tag_AV_eba
	.section	.debug_line,"",%progbits
.Lline_table_start0:
