	.text
	.syntax unified
	.eabi_attribute	67, "2.09"	@ Tag_conformance
	.cpu	cortex-m23
	.eabi_attribute	6, 16	@ Tag_CPU_arch
	.eabi_attribute	7, 77	@ Tag_CPU_arch_profile
	.eabi_attribute	8, 0	@ Tag_ARM_ISA_use
	.eabi_attribute	9, 3	@ Tag_THUMB_ISA_use
	.eabi_attribute	34, 0	@ Tag_CPU_unaligned_access
	.eabi_attribute	17, 1	@ Tag_ABI_PCS_GOT_use
	.eabi_attribute	20, 2	@ Tag_ABI_FP_denormal
	.eabi_attribute	21, 0	@ Tag_ABI_FP_exceptions
	.eabi_attribute	23, 1	@ Tag_ABI_FP_number_model
	.eabi_attribute	24, 1	@ Tag_ABI_align_needed
	.eabi_attribute	25, 1	@ Tag_ABI_align_preserved
	.eabi_attribute	38, 1	@ Tag_ABI_FP_16bit_format
	.eabi_attribute	18, 2	@ Tag_ABI_PCS_wchar_t
	.eabi_attribute	26, 1	@ Tag_ABI_enum_size
	.eabi_attribute	14, 0	@ Tag_ABI_PCS_R9_use
	.file	"system_M251.c"
	.file	1 "C:\\" "Keil_v5\\ARM\\ARMCLANG\\Bin\\..\\include\\stdint.h"
	.file	2 "C:\\Work\\Keil WorkSpace\\Furbo\\Keil" "../../Library/Nuvoton/M251_252_Series/Device/Nuvoton/M251/Source/system_M251.c"
	.file	3 "C:\\Work\\Keil WorkSpace\\Furbo\\Keil" "../../Library/Nuvoton/M251_252_Series/Device/Nuvoton/M251/Include/clk_reg.h"
	.file	4 "C:\\Work\\Keil WorkSpace\\Furbo\\Keil" "../../Library/Nuvoton/M251_252_Series/Device/Nuvoton/M251/Include/fmc_reg.h"
	.file	5 "C:\\Work\\Keil WorkSpace\\Furbo\\Keil" "../../Library/Nuvoton/M251_252_Series/CMSIS/Include\\core_cm23.h"
	.file	6 "C:\\Work\\Keil WorkSpace\\Furbo\\Keil" "../../Library/Nuvoton/M251_252_Series/Device/Nuvoton/M251/Include/sys_reg.h"
	.hidden	SystemCoreClockUpdate   @ -- Begin function SystemCoreClockUpdate
	.globl	SystemCoreClockUpdate
	.p2align	2
	.type	SystemCoreClockUpdate,%function
	.code	16                      @ @SystemCoreClockUpdate
	.thumb_func
SystemCoreClockUpdate:
.Lfunc_begin0:
	.loc	2 42 0                  @ ../../Library/Nuvoton/M251_252_Series/Device/Nuvoton/M251/Source/system_M251.c:42:0
	.fnstart
	.cfi_sections .debug_frame
	.cfi_startproc
@ %bb.0:
	.save	{r7, lr}
	push	{r7, lr}
	.cfi_def_cfa_offset 8
	.cfi_offset lr, -4
	.cfi_offset r7, -8
	.pad	#16
	sub	sp, #16
	.cfi_def_cfa_offset 24
	ldr	r0, __arm_cp.0_0
.Ltmp0:
	.loc	2 46 22 prologue_end    @ ../../Library/Nuvoton/M251_252_Series/Device/Nuvoton/M251/Source/system_M251.c:46:22
	ldr	r0, [r0]
	movs	r1, #7
	.loc	2 46 30 is_stmt 0       @ ../../Library/Nuvoton/M251_252_Series/Device/Nuvoton/M251/Source/system_M251.c:46:30
	ands	r0, r1
	.loc	2 46 15                 @ ../../Library/Nuvoton/M251_252_Series/Device/Nuvoton/M251/Source/system_M251.c:46:15
	str	r0, [sp, #8]
	.loc	2 49 16 is_stmt 1       @ ../../Library/Nuvoton/M251_252_Series/Device/Nuvoton/M251/Source/system_M251.c:49:16
	bl	CLK_GetPLLClockFreq
	.loc	2 49 14 is_stmt 0       @ ../../Library/Nuvoton/M251_252_Series/Device/Nuvoton/M251/Source/system_M251.c:49:14
	ldr	r1, __arm_cp.0_1
	str	r0, [r1]
.Ltmp1:
	.loc	2 51 9 is_stmt 1        @ ../../Library/Nuvoton/M251_252_Series/Device/Nuvoton/M251/Source/system_M251.c:51:9
	ldr	r0, [sp, #8]
.Ltmp2:
	.loc	2 51 9 is_stmt 0        @ ../../Library/Nuvoton/M251_252_Series/Device/Nuvoton/M251/Source/system_M251.c:51:9
	cmp	r0, #2
	beq	.LBB0_2
	b	.LBB0_1
.LBB0_1:
.Ltmp3:
	.loc	2 54 34 is_stmt 1       @ ../../Library/Nuvoton/M251_252_Series/Device/Nuvoton/M251/Source/system_M251.c:54:34
	ldr	r0, [sp, #8]
	.loc	2 54 19 is_stmt 0       @ ../../Library/Nuvoton/M251_252_Series/Device/Nuvoton/M251/Source/system_M251.c:54:19
	lsls	r0, r0, #2
	ldr	r1, __arm_cp.0_2
	ldr	r0, [r1, r0]
	.loc	2 54 17                 @ ../../Library/Nuvoton/M251_252_Series/Device/Nuvoton/M251/Source/system_M251.c:54:17
	str	r0, [sp, #12]
	.loc	2 55 5 is_stmt 1        @ ../../Library/Nuvoton/M251_252_Series/Device/Nuvoton/M251/Source/system_M251.c:55:5
	b	.LBB0_3
.Ltmp4:
.LBB0_2:
	.loc	2 59 19                 @ ../../Library/Nuvoton/M251_252_Series/Device/Nuvoton/M251/Source/system_M251.c:59:19
	ldr	r0, __arm_cp.0_1
	ldr	r0, [r0]
	.loc	2 59 17 is_stmt 0       @ ../../Library/Nuvoton/M251_252_Series/Device/Nuvoton/M251/Source/system_M251.c:59:17
	str	r0, [sp, #12]
	b	.LBB0_3
.Ltmp5:
.LBB0_3:
	.loc	2 0 17                  @ ../../Library/Nuvoton/M251_252_Series/Device/Nuvoton/M251/Source/system_M251.c:0:17
	ldr	r0, __arm_cp.0_3
	.loc	2 62 24 is_stmt 1       @ ../../Library/Nuvoton/M251_252_Series/Device/Nuvoton/M251/Source/system_M251.c:62:24
	ldr	r0, [r0]
	movs	r1, #15
	.loc	2 62 32 is_stmt 0       @ ../../Library/Nuvoton/M251_252_Series/Device/Nuvoton/M251/Source/system_M251.c:62:32
	ands	r0, r1
	.loc	2 62 59                 @ ../../Library/Nuvoton/M251_252_Series/Device/Nuvoton/M251/Source/system_M251.c:62:59
	adds	r0, r0, #1
	.loc	2 62 16                 @ ../../Library/Nuvoton/M251_252_Series/Device/Nuvoton/M251/Source/system_M251.c:62:16
	str	r0, [sp, #4]
	.loc	2 65 23 is_stmt 1       @ ../../Library/Nuvoton/M251_252_Series/Device/Nuvoton/M251/Source/system_M251.c:65:23
	ldr	r0, [sp, #12]
	.loc	2 65 33 is_stmt 0       @ ../../Library/Nuvoton/M251_252_Series/Device/Nuvoton/M251/Source/system_M251.c:65:33
	ldr	r1, [sp, #4]
	.loc	2 65 31                 @ ../../Library/Nuvoton/M251_252_Series/Device/Nuvoton/M251/Source/system_M251.c:65:31
	udiv	r0, r0, r1
	.loc	2 65 21                 @ ../../Library/Nuvoton/M251_252_Series/Device/Nuvoton/M251/Source/system_M251.c:65:21
	ldr	r1, __arm_cp.0_4
	str	r0, [r1]
	.loc	2 67 20 is_stmt 1       @ ../../Library/Nuvoton/M251_252_Series/Device/Nuvoton/M251/Source/system_M251.c:67:20
	ldr	r0, [r1]
	ldr	r1, __arm_cp.0_5
	.loc	2 67 36 is_stmt 0       @ ../../Library/Nuvoton/M251_252_Series/Device/Nuvoton/M251/Source/system_M251.c:67:36
	adds	r0, r0, r1
	ldr	r1, __arm_cp.0_6
	.loc	2 67 46                 @ ../../Library/Nuvoton/M251_252_Series/Device/Nuvoton/M251/Source/system_M251.c:67:46
	udiv	r0, r0, r1
	.loc	2 67 17                 @ ../../Library/Nuvoton/M251_252_Series/Device/Nuvoton/M251/Source/system_M251.c:67:17
	ldr	r1, __arm_cp.0_7
	str	r0, [r1]
	.loc	2 68 1 is_stmt 1        @ ../../Library/Nuvoton/M251_252_Series/Device/Nuvoton/M251/Source/system_M251.c:68:1
	add	sp, #16
	pop	{r7, pc}
.Ltmp6:
	.p2align	2
@ %bb.4:
	.loc	2 0 1 is_stmt 0         @ ../../Library/Nuvoton/M251_252_Series/Device/Nuvoton/M251/Source/system_M251.c:0:1
__arm_cp.0_0:
	.long	1073742352              @ 0x40000210
.Lcpi_end0:
	.size	__arm_cp.0_0, .Lcpi_end0-__arm_cp.0_0
__arm_cp.0_1:
	.long	PllClock
.Lcpi_end1:
	.size	__arm_cp.0_1, .Lcpi_end1-__arm_cp.0_1
__arm_cp.0_2:
	.long	gau32ClkSrcTbl
.Lcpi_end2:
	.size	__arm_cp.0_2, .Lcpi_end2-__arm_cp.0_2
__arm_cp.0_3:
	.long	1073742368              @ 0x40000220
.Lcpi_end3:
	.size	__arm_cp.0_3, .Lcpi_end3-__arm_cp.0_3
__arm_cp.0_4:
	.long	SystemCoreClock
.Lcpi_end4:
	.size	__arm_cp.0_4, .Lcpi_end4-__arm_cp.0_4
__arm_cp.0_5:
	.long	500000                  @ 0x7a120
.Lcpi_end5:
	.size	__arm_cp.0_5, .Lcpi_end5-__arm_cp.0_5
__arm_cp.0_6:
	.long	1000000                 @ 0xf4240
.Lcpi_end6:
	.size	__arm_cp.0_6, .Lcpi_end6-__arm_cp.0_6
__arm_cp.0_7:
	.long	CyclesPerUs
.Lcpi_end7:
	.size	__arm_cp.0_7, .Lcpi_end7-__arm_cp.0_7
.Lfunc_end0:
	.size	SystemCoreClockUpdate, .Lfunc_end0-SystemCoreClockUpdate
	.cfi_endproc
	.cantunwind
	.fnend
                                        @ -- End function
	.hidden	SystemInit              @ -- Begin function SystemInit
	.globl	SystemInit
	.p2align	2
	.type	SystemInit,%function
	.code	16                      @ @SystemInit
	.thumb_func
SystemInit:
.Lfunc_begin1:
	.loc	2 82 0 is_stmt 1        @ ../../Library/Nuvoton/M251_252_Series/Device/Nuvoton/M251/Source/system_M251.c:82:0
	.fnstart
	.cfi_startproc
@ %bb.0:
	ldr	r0, __arm_cp.1_0
.Ltmp7:
	.loc	2 84 25 prologue_end    @ ../../Library/Nuvoton/M251_252_Series/Device/Nuvoton/M251/Source/system_M251.c:84:25
	ldr	r1, [r0]
	movw	r2, #259
	.loc	2 84 32 is_stmt 0       @ ../../Library/Nuvoton/M251_252_Series/Device/Nuvoton/M251/Source/system_M251.c:84:32
	orrs	r1, r2
	movs	r2, #12
	.loc	2 84 87                 @ ../../Library/Nuvoton/M251_252_Series/Device/Nuvoton/M251/Source/system_M251.c:84:87
	bics	r1, r2
	.loc	2 84 17                 @ ../../Library/Nuvoton/M251_252_Series/Device/Nuvoton/M251/Source/system_M251.c:84:17
	str	r1, [r0]
	.loc	2 87 15 is_stmt 1       @ ../../Library/Nuvoton/M251_252_Series/Device/Nuvoton/M251/Source/system_M251.c:87:15
	ldr	r0, __arm_cp.1_1
	ldr	r1, __arm_cp.1_2
	str	r0, [r1]
	.loc	2 100 1                 @ ../../Library/Nuvoton/M251_252_Series/Device/Nuvoton/M251/Source/system_M251.c:100:1
	bx	lr
.Ltmp8:
	.p2align	2
@ %bb.1:
	.loc	2 0 1 is_stmt 0         @ ../../Library/Nuvoton/M251_252_Series/Device/Nuvoton/M251/Source/system_M251.c:0:1
__arm_cp.1_0:
	.long	1073791052              @ 0x4000c04c
.Lcpi_end8:
	.size	__arm_cp.1_0, .Lcpi_end8-__arm_cp.1_0
__arm_cp.1_1:
	.long	__Vectors
.Lcpi_end9:
	.size	__arm_cp.1_1, .Lcpi_end9-__arm_cp.1_1
__arm_cp.1_2:
	.long	3758157064              @ 0xe000ed08
.Lcpi_end10:
	.size	__arm_cp.1_2, .Lcpi_end10-__arm_cp.1_2
.Lfunc_end1:
	.size	SystemInit, .Lfunc_end1-SystemInit
	.cfi_endproc
	.cantunwind
	.fnend
                                        @ -- End function
	.hidden	Uart0DefaultMPF         @ -- Begin function Uart0DefaultMPF
	.weak	Uart0DefaultMPF
	.p2align	2
	.type	Uart0DefaultMPF,%function
	.code	16                      @ @Uart0DefaultMPF
	.thumb_func
Uart0DefaultMPF:
.Lfunc_begin2:
	.loc	2 141 0 is_stmt 1       @ ../../Library/Nuvoton/M251_252_Series/Device/Nuvoton/M251/Source/system_M251.c:141:0
	.fnstart
	.cfi_startproc
@ %bb.0:
	.save	{r4, lr}
	push	{r4, lr}
	.cfi_def_cfa_offset 8
	.cfi_offset lr, -4
	.cfi_offset r4, -8
	ldr	r0, __arm_cp.2_0
.Ltmp9:
	.loc	2 144 27 prologue_end   @ ../../Library/Nuvoton/M251_252_Series/Device/Nuvoton/M251/Source/system_M251.c:144:27
	ldr	r1, [r0]
	movs	r2, #15
	lsls	r3, r2, #16
	.loc	2 144 36 is_stmt 0      @ ../../Library/Nuvoton/M251_252_Series/Device/Nuvoton/M251/Source/system_M251.c:144:36
	bics	r1, r3
	movs	r3, #3
	lsls	r4, r3, #17
	.loc	2 144 65                @ ../../Library/Nuvoton/M251_252_Series/Device/Nuvoton/M251/Source/system_M251.c:144:65
	adds	r1, r1, r4
	.loc	2 144 19                @ ../../Library/Nuvoton/M251_252_Series/Device/Nuvoton/M251/Source/system_M251.c:144:19
	str	r1, [r0]
	.loc	2 145 27 is_stmt 1      @ ../../Library/Nuvoton/M251_252_Series/Device/Nuvoton/M251/Source/system_M251.c:145:27
	ldr	r1, [r0]
	lsls	r2, r2, #20
	.loc	2 145 36 is_stmt 0      @ ../../Library/Nuvoton/M251_252_Series/Device/Nuvoton/M251/Source/system_M251.c:145:36
	bics	r1, r2
	lsls	r2, r3, #21
	.loc	2 145 65                @ ../../Library/Nuvoton/M251_252_Series/Device/Nuvoton/M251/Source/system_M251.c:145:65
	adds	r1, r1, r2
	.loc	2 145 19                @ ../../Library/Nuvoton/M251_252_Series/Device/Nuvoton/M251/Source/system_M251.c:145:19
	str	r1, [r0]
	.loc	2 147 1 is_stmt 1       @ ../../Library/Nuvoton/M251_252_Series/Device/Nuvoton/M251/Source/system_M251.c:147:1
	pop	{r4, pc}
.Ltmp10:
	.p2align	2
@ %bb.1:
	.loc	2 0 1 is_stmt 0         @ ../../Library/Nuvoton/M251_252_Series/Device/Nuvoton/M251/Source/system_M251.c:0:1
__arm_cp.2_0:
	.long	1073741884              @ 0x4000003c
.Lcpi_end11:
	.size	__arm_cp.2_0, .Lcpi_end11-__arm_cp.2_0
.Lfunc_end2:
	.size	Uart0DefaultMPF, .Lfunc_end2-Uart0DefaultMPF
	.cfi_endproc
	.cantunwind
	.fnend
                                        @ -- End function
	.hidden	SystemCoreClock         @ @SystemCoreClock
	.type	SystemCoreClock,%object
	.section	.data.SystemCoreClock,"aw",%progbits
	.globl	SystemCoreClock
	.p2align	2
SystemCoreClock:
.LSystemCoreClock$local:
	.long	48000000                @ 0x2dc6c00
	.size	SystemCoreClock, 4

	.hidden	CyclesPerUs             @ @CyclesPerUs
	.type	CyclesPerUs,%object
	.section	.data.CyclesPerUs,"aw",%progbits
	.globl	CyclesPerUs
	.p2align	2
CyclesPerUs:
.LCyclesPerUs$local:
	.long	48                      @ 0x30
	.size	CyclesPerUs, 4

	.hidden	PllClock                @ @PllClock
	.type	PllClock,%object
	.section	.data.PllClock,"aw",%progbits
	.globl	PllClock
	.p2align	2
PllClock:
.LPllClock$local:
	.long	48000000                @ 0x2dc6c00
	.size	PllClock, 4

	.hidden	gau32ClkSrcTbl          @ @gau32ClkSrcTbl
	.type	gau32ClkSrcTbl,%object
	.section	.rodata.gau32ClkSrcTbl,"a",%progbits
	.globl	gau32ClkSrcTbl
	.p2align	2
gau32ClkSrcTbl:
.Lgau32ClkSrcTbl$local:
	.long	12000000                @ 0xb71b00
	.long	32768                   @ 0x8000
	.long	0                       @ 0x0
	.long	38400                   @ 0x9600
	.long	0                       @ 0x0
	.long	4032000                 @ 0x3d8600
	.long	0                       @ 0x0
	.long	48000000                @ 0x2dc6c00
	.size	gau32ClkSrcTbl, 32

	.section	.debug_str,"MS",%progbits,1
.Linfo_string0:
	.asciz	"Component: ARM Compiler 6.14 Tool: armclang [5db06c00]" @ string offset=0
.Linfo_string1:
	.asciz	"../../Library/Nuvoton/M251_252_Series/Device/Nuvoton/M251/Source\\system_M251.c" @ string offset=55
.Linfo_string2:
	.asciz	"C:\\Work\\Keil WorkSpace\\Furbo\\Keil" @ string offset=134
.Linfo_string3:
	.asciz	"SystemCoreClock"       @ string offset=168
.Linfo_string4:
	.asciz	"unsigned int"          @ string offset=184
.Linfo_string5:
	.asciz	"uint32_t"              @ string offset=197
.Linfo_string6:
	.asciz	"CyclesPerUs"           @ string offset=206
.Linfo_string7:
	.asciz	"PllClock"              @ string offset=218
.Linfo_string8:
	.asciz	"gau32ClkSrcTbl"        @ string offset=227
.Linfo_string9:
	.asciz	"__ARRAY_SIZE_TYPE__"   @ string offset=242
.Linfo_string10:
	.asciz	"PWRCTL"                @ string offset=262
.Linfo_string11:
	.asciz	"AHBCLK"                @ string offset=269
.Linfo_string12:
	.asciz	"APBCLK0"               @ string offset=276
.Linfo_string13:
	.asciz	"APBCLK1"               @ string offset=284
.Linfo_string14:
	.asciz	"CLKSEL0"               @ string offset=292
.Linfo_string15:
	.asciz	"CLKSEL1"               @ string offset=300
.Linfo_string16:
	.asciz	"CLKSEL2"               @ string offset=308
.Linfo_string17:
	.asciz	"CLKSEL3"               @ string offset=316
.Linfo_string18:
	.asciz	"CLKDIV0"               @ string offset=324
.Linfo_string19:
	.asciz	"CLKDIV1"               @ string offset=332
.Linfo_string20:
	.asciz	"RESERVE0"              @ string offset=340
.Linfo_string21:
	.asciz	"CLKDIV4"               @ string offset=349
.Linfo_string22:
	.asciz	"PCLKDIV"               @ string offset=357
.Linfo_string23:
	.asciz	"RESERVE1"              @ string offset=365
.Linfo_string24:
	.asciz	"PLLCTL"                @ string offset=374
.Linfo_string25:
	.asciz	"RESERVE2"              @ string offset=381
.Linfo_string26:
	.asciz	"STATUS"                @ string offset=390
.Linfo_string27:
	.asciz	"RESERVE3"              @ string offset=397
.Linfo_string28:
	.asciz	"CLKOCTL"               @ string offset=406
.Linfo_string29:
	.asciz	"RESERVE4"              @ string offset=414
.Linfo_string30:
	.asciz	"CLKDCTL"               @ string offset=423
.Linfo_string31:
	.asciz	"CLKDSTS"               @ string offset=431
.Linfo_string32:
	.asciz	"CDUPB"                 @ string offset=439
.Linfo_string33:
	.asciz	"CDLOWB"                @ string offset=445
.Linfo_string34:
	.asciz	"RESERVE5"              @ string offset=452
.Linfo_string35:
	.asciz	"PMUCTL"                @ string offset=461
.Linfo_string36:
	.asciz	"PMUSTS"                @ string offset=468
.Linfo_string37:
	.asciz	"RESERVE6"              @ string offset=475
.Linfo_string38:
	.asciz	"HXTFSEL"               @ string offset=484
.Linfo_string39:
	.asciz	"CLK_T"                 @ string offset=492
.Linfo_string40:
	.asciz	"ISPCTL"                @ string offset=498
.Linfo_string41:
	.asciz	"ISPADDR"               @ string offset=505
.Linfo_string42:
	.asciz	"ISPDAT"                @ string offset=513
.Linfo_string43:
	.asciz	"ISPCMD"                @ string offset=520
.Linfo_string44:
	.asciz	"ISPTRG"                @ string offset=527
.Linfo_string45:
	.asciz	"FTCTL"                 @ string offset=534
.Linfo_string46:
	.asciz	"ISPSTS"                @ string offset=540
.Linfo_string47:
	.asciz	"CYCCTL"                @ string offset=547
.Linfo_string48:
	.asciz	"MPDAT0"                @ string offset=554
.Linfo_string49:
	.asciz	"MPDAT1"                @ string offset=561
.Linfo_string50:
	.asciz	"MPDAT2"                @ string offset=568
.Linfo_string51:
	.asciz	"MPDAT3"                @ string offset=575
.Linfo_string52:
	.asciz	"MPSTS"                 @ string offset=582
.Linfo_string53:
	.asciz	"MPADDR"                @ string offset=588
.Linfo_string54:
	.asciz	"XOMR0STS0"             @ string offset=595
.Linfo_string55:
	.asciz	"XOMR0STS1"             @ string offset=605
.Linfo_string56:
	.asciz	"XOMSTS"                @ string offset=615
.Linfo_string57:
	.asciz	"FMC_T"                 @ string offset=622
.Linfo_string58:
	.asciz	"CPUID"                 @ string offset=628
.Linfo_string59:
	.asciz	"ICSR"                  @ string offset=634
.Linfo_string60:
	.asciz	"VTOR"                  @ string offset=639
.Linfo_string61:
	.asciz	"AIRCR"                 @ string offset=644
.Linfo_string62:
	.asciz	"SCR"                   @ string offset=650
.Linfo_string63:
	.asciz	"CCR"                   @ string offset=654
.Linfo_string64:
	.asciz	"RESERVED1"             @ string offset=658
.Linfo_string65:
	.asciz	"SHPR"                  @ string offset=668
.Linfo_string66:
	.asciz	"SHCSR"                 @ string offset=673
.Linfo_string67:
	.asciz	"SCB_Type"              @ string offset=679
.Linfo_string68:
	.asciz	"PDID"                  @ string offset=688
.Linfo_string69:
	.asciz	"RSTSTS"                @ string offset=693
.Linfo_string70:
	.asciz	"IPRST0"                @ string offset=700
.Linfo_string71:
	.asciz	"IPRST1"                @ string offset=707
.Linfo_string72:
	.asciz	"IPRST2"                @ string offset=714
.Linfo_string73:
	.asciz	"BODCTL"                @ string offset=721
.Linfo_string74:
	.asciz	"IVSCTL"                @ string offset=728
.Linfo_string75:
	.asciz	"PORCTL0"               @ string offset=735
.Linfo_string76:
	.asciz	"VREFCTL"               @ string offset=743
.Linfo_string77:
	.asciz	"GPA_MFPL"              @ string offset=751
.Linfo_string78:
	.asciz	"GPA_MFPH"              @ string offset=760
.Linfo_string79:
	.asciz	"GPB_MFPL"              @ string offset=769
.Linfo_string80:
	.asciz	"GPB_MFPH"              @ string offset=778
.Linfo_string81:
	.asciz	"GPC_MFPL"              @ string offset=787
.Linfo_string82:
	.asciz	"GPC_MFPH"              @ string offset=796
.Linfo_string83:
	.asciz	"GPD_MFPL"              @ string offset=805
.Linfo_string84:
	.asciz	"GPD_MFPH"              @ string offset=814
.Linfo_string85:
	.asciz	"GPE_MFPL"              @ string offset=823
.Linfo_string86:
	.asciz	"GPE_MFPH"              @ string offset=832
.Linfo_string87:
	.asciz	"GPF_MFPL"              @ string offset=841
.Linfo_string88:
	.asciz	"GPF_MFPH"              @ string offset=850
.Linfo_string89:
	.asciz	"GPA_MFOS"              @ string offset=859
.Linfo_string90:
	.asciz	"GPB_MFOS"              @ string offset=868
.Linfo_string91:
	.asciz	"GPC_MFOS"              @ string offset=877
.Linfo_string92:
	.asciz	"GPD_MFOS"              @ string offset=886
.Linfo_string93:
	.asciz	"GPE_MFOS"              @ string offset=895
.Linfo_string94:
	.asciz	"GPF_MFOS"              @ string offset=904
.Linfo_string95:
	.asciz	"MODCTL"                @ string offset=913
.Linfo_string96:
	.asciz	"SRAM_BISTCTL"          @ string offset=920
.Linfo_string97:
	.asciz	"SRAM_BISTSTS"          @ string offset=933
.Linfo_string98:
	.asciz	"HIRCTRIMCTL"           @ string offset=946
.Linfo_string99:
	.asciz	"HIRCTRIMIEN"           @ string offset=958
.Linfo_string100:
	.asciz	"HIRCTRIMSTS"           @ string offset=970
.Linfo_string101:
	.asciz	"RESERVE7"              @ string offset=982
.Linfo_string102:
	.asciz	"REGLCTL"               @ string offset=991
.Linfo_string103:
	.asciz	"MIRCTRIMCTL"           @ string offset=999
.Linfo_string104:
	.asciz	"MIRCTRIMIEN"           @ string offset=1011
.Linfo_string105:
	.asciz	"MIRCTRIMSTS"           @ string offset=1023
.Linfo_string106:
	.asciz	"RESERVE8"              @ string offset=1035
.Linfo_string107:
	.asciz	"RTCLVRIEN"             @ string offset=1044
.Linfo_string108:
	.asciz	"RTCLVRSTS"             @ string offset=1054
.Linfo_string109:
	.asciz	"RESERVE9"              @ string offset=1064
.Linfo_string110:
	.asciz	"PORCTL1"               @ string offset=1073
.Linfo_string111:
	.asciz	"RESERVE10"             @ string offset=1081
.Linfo_string112:
	.asciz	"PLCTL"                 @ string offset=1091
.Linfo_string113:
	.asciz	"PLSTS"                 @ string offset=1097
.Linfo_string114:
	.asciz	"SYS_T"                 @ string offset=1103
.Linfo_string115:
	.asciz	"SystemCoreClockUpdate" @ string offset=1109
.Linfo_string116:
	.asciz	"SystemInit"            @ string offset=1131
.Linfo_string117:
	.asciz	"Uart0DefaultMPF"       @ string offset=1142
.Linfo_string118:
	.asciz	"u32Freq"               @ string offset=1158
.Linfo_string119:
	.asciz	"u32ClkSrc"             @ string offset=1166
.Linfo_string120:
	.asciz	"u32HclkDiv"            @ string offset=1176
	.section	.debug_abbrev,"",%progbits
	.byte	1                       @ Abbreviation Code
	.byte	17                      @ DW_TAG_compile_unit
	.byte	1                       @ DW_CHILDREN_yes
	.byte	37                      @ DW_AT_producer
	.byte	14                      @ DW_FORM_strp
	.byte	19                      @ DW_AT_language
	.byte	5                       @ DW_FORM_data2
	.byte	3                       @ DW_AT_name
	.byte	14                      @ DW_FORM_strp
	.byte	16                      @ DW_AT_stmt_list
	.byte	6                       @ DW_FORM_data4
	.byte	27                      @ DW_AT_comp_dir
	.byte	14                      @ DW_FORM_strp
	.byte	17                      @ DW_AT_low_pc
	.byte	1                       @ DW_FORM_addr
	.byte	18                      @ DW_AT_high_pc
	.byte	1                       @ DW_FORM_addr
	.byte	0                       @ EOM(1)
	.byte	0                       @ EOM(2)
	.byte	2                       @ Abbreviation Code
	.byte	52                      @ DW_TAG_variable
	.byte	0                       @ DW_CHILDREN_no
	.byte	3                       @ DW_AT_name
	.byte	14                      @ DW_FORM_strp
	.byte	73                      @ DW_AT_type
	.byte	19                      @ DW_FORM_ref4
	.byte	63                      @ DW_AT_external
	.byte	12                      @ DW_FORM_flag
	.byte	58                      @ DW_AT_decl_file
	.byte	11                      @ DW_FORM_data1
	.byte	59                      @ DW_AT_decl_line
	.byte	11                      @ DW_FORM_data1
	.byte	2                       @ DW_AT_location
	.byte	10                      @ DW_FORM_block1
	.byte	0                       @ EOM(1)
	.byte	0                       @ EOM(2)
	.byte	3                       @ Abbreviation Code
	.byte	22                      @ DW_TAG_typedef
	.byte	0                       @ DW_CHILDREN_no
	.byte	73                      @ DW_AT_type
	.byte	19                      @ DW_FORM_ref4
	.byte	3                       @ DW_AT_name
	.byte	14                      @ DW_FORM_strp
	.byte	58                      @ DW_AT_decl_file
	.byte	11                      @ DW_FORM_data1
	.byte	59                      @ DW_AT_decl_line
	.byte	11                      @ DW_FORM_data1
	.byte	0                       @ EOM(1)
	.byte	0                       @ EOM(2)
	.byte	4                       @ Abbreviation Code
	.byte	36                      @ DW_TAG_base_type
	.byte	0                       @ DW_CHILDREN_no
	.byte	3                       @ DW_AT_name
	.byte	14                      @ DW_FORM_strp
	.byte	62                      @ DW_AT_encoding
	.byte	11                      @ DW_FORM_data1
	.byte	11                      @ DW_AT_byte_size
	.byte	11                      @ DW_FORM_data1
	.byte	0                       @ EOM(1)
	.byte	0                       @ EOM(2)
	.byte	5                       @ Abbreviation Code
	.byte	1                       @ DW_TAG_array_type
	.byte	1                       @ DW_CHILDREN_yes
	.byte	73                      @ DW_AT_type
	.byte	19                      @ DW_FORM_ref4
	.byte	0                       @ EOM(1)
	.byte	0                       @ EOM(2)
	.byte	6                       @ Abbreviation Code
	.byte	33                      @ DW_TAG_subrange_type
	.byte	0                       @ DW_CHILDREN_no
	.byte	73                      @ DW_AT_type
	.byte	19                      @ DW_FORM_ref4
	.byte	55                      @ DW_AT_count
	.byte	11                      @ DW_FORM_data1
	.byte	0                       @ EOM(1)
	.byte	0                       @ EOM(2)
	.byte	7                       @ Abbreviation Code
	.byte	38                      @ DW_TAG_const_type
	.byte	0                       @ DW_CHILDREN_no
	.byte	73                      @ DW_AT_type
	.byte	19                      @ DW_FORM_ref4
	.byte	0                       @ EOM(1)
	.byte	0                       @ EOM(2)
	.byte	8                       @ Abbreviation Code
	.byte	36                      @ DW_TAG_base_type
	.byte	0                       @ DW_CHILDREN_no
	.byte	3                       @ DW_AT_name
	.byte	14                      @ DW_FORM_strp
	.byte	11                      @ DW_AT_byte_size
	.byte	11                      @ DW_FORM_data1
	.byte	62                      @ DW_AT_encoding
	.byte	11                      @ DW_FORM_data1
	.byte	0                       @ EOM(1)
	.byte	0                       @ EOM(2)
	.byte	9                       @ Abbreviation Code
	.byte	15                      @ DW_TAG_pointer_type
	.byte	0                       @ DW_CHILDREN_no
	.byte	73                      @ DW_AT_type
	.byte	19                      @ DW_FORM_ref4
	.byte	0                       @ EOM(1)
	.byte	0                       @ EOM(2)
	.byte	10                      @ Abbreviation Code
	.byte	22                      @ DW_TAG_typedef
	.byte	0                       @ DW_CHILDREN_no
	.byte	73                      @ DW_AT_type
	.byte	19                      @ DW_FORM_ref4
	.byte	3                       @ DW_AT_name
	.byte	14                      @ DW_FORM_strp
	.byte	58                      @ DW_AT_decl_file
	.byte	11                      @ DW_FORM_data1
	.byte	59                      @ DW_AT_decl_line
	.byte	5                       @ DW_FORM_data2
	.byte	0                       @ EOM(1)
	.byte	0                       @ EOM(2)
	.byte	11                      @ Abbreviation Code
	.byte	19                      @ DW_TAG_structure_type
	.byte	1                       @ DW_CHILDREN_yes
	.byte	11                      @ DW_AT_byte_size
	.byte	11                      @ DW_FORM_data1
	.byte	58                      @ DW_AT_decl_file
	.byte	11                      @ DW_FORM_data1
	.byte	59                      @ DW_AT_decl_line
	.byte	11                      @ DW_FORM_data1
	.byte	0                       @ EOM(1)
	.byte	0                       @ EOM(2)
	.byte	12                      @ Abbreviation Code
	.byte	13                      @ DW_TAG_member
	.byte	0                       @ DW_CHILDREN_no
	.byte	3                       @ DW_AT_name
	.byte	14                      @ DW_FORM_strp
	.byte	73                      @ DW_AT_type
	.byte	19                      @ DW_FORM_ref4
	.byte	58                      @ DW_AT_decl_file
	.byte	11                      @ DW_FORM_data1
	.byte	59                      @ DW_AT_decl_line
	.byte	5                       @ DW_FORM_data2
	.byte	56                      @ DW_AT_data_member_location
	.byte	11                      @ DW_FORM_data1
	.byte	0                       @ EOM(1)
	.byte	0                       @ EOM(2)
	.byte	13                      @ Abbreviation Code
	.byte	53                      @ DW_TAG_volatile_type
	.byte	0                       @ DW_CHILDREN_no
	.byte	73                      @ DW_AT_type
	.byte	19                      @ DW_FORM_ref4
	.byte	0                       @ EOM(1)
	.byte	0                       @ EOM(2)
	.byte	14                      @ Abbreviation Code
	.byte	19                      @ DW_TAG_structure_type
	.byte	1                       @ DW_CHILDREN_yes
	.byte	11                      @ DW_AT_byte_size
	.byte	11                      @ DW_FORM_data1
	.byte	58                      @ DW_AT_decl_file
	.byte	11                      @ DW_FORM_data1
	.byte	59                      @ DW_AT_decl_line
	.byte	5                       @ DW_FORM_data2
	.byte	0                       @ EOM(1)
	.byte	0                       @ EOM(2)
	.byte	15                      @ Abbreviation Code
	.byte	19                      @ DW_TAG_structure_type
	.byte	1                       @ DW_CHILDREN_yes
	.byte	11                      @ DW_AT_byte_size
	.byte	5                       @ DW_FORM_data2
	.byte	58                      @ DW_AT_decl_file
	.byte	11                      @ DW_FORM_data1
	.byte	59                      @ DW_AT_decl_line
	.byte	11                      @ DW_FORM_data1
	.byte	0                       @ EOM(1)
	.byte	0                       @ EOM(2)
	.byte	16                      @ Abbreviation Code
	.byte	13                      @ DW_TAG_member
	.byte	0                       @ DW_CHILDREN_no
	.byte	3                       @ DW_AT_name
	.byte	14                      @ DW_FORM_strp
	.byte	73                      @ DW_AT_type
	.byte	19                      @ DW_FORM_ref4
	.byte	58                      @ DW_AT_decl_file
	.byte	11                      @ DW_FORM_data1
	.byte	59                      @ DW_AT_decl_line
	.byte	5                       @ DW_FORM_data2
	.byte	56                      @ DW_AT_data_member_location
	.byte	5                       @ DW_FORM_data2
	.byte	0                       @ EOM(1)
	.byte	0                       @ EOM(2)
	.byte	17                      @ Abbreviation Code
	.byte	46                      @ DW_TAG_subprogram
	.byte	1                       @ DW_CHILDREN_yes
	.byte	17                      @ DW_AT_low_pc
	.byte	1                       @ DW_FORM_addr
	.byte	18                      @ DW_AT_high_pc
	.byte	1                       @ DW_FORM_addr
	.byte	64                      @ DW_AT_frame_base
	.byte	10                      @ DW_FORM_block1
	.byte	3                       @ DW_AT_name
	.byte	14                      @ DW_FORM_strp
	.byte	58                      @ DW_AT_decl_file
	.byte	11                      @ DW_FORM_data1
	.byte	59                      @ DW_AT_decl_line
	.byte	11                      @ DW_FORM_data1
	.byte	39                      @ DW_AT_prototyped
	.byte	12                      @ DW_FORM_flag
	.byte	63                      @ DW_AT_external
	.byte	12                      @ DW_FORM_flag
	.byte	0                       @ EOM(1)
	.byte	0                       @ EOM(2)
	.byte	18                      @ Abbreviation Code
	.byte	52                      @ DW_TAG_variable
	.byte	0                       @ DW_CHILDREN_no
	.byte	2                       @ DW_AT_location
	.byte	10                      @ DW_FORM_block1
	.byte	3                       @ DW_AT_name
	.byte	14                      @ DW_FORM_strp
	.byte	58                      @ DW_AT_decl_file
	.byte	11                      @ DW_FORM_data1
	.byte	59                      @ DW_AT_decl_line
	.byte	11                      @ DW_FORM_data1
	.byte	73                      @ DW_AT_type
	.byte	19                      @ DW_FORM_ref4
	.byte	0                       @ EOM(1)
	.byte	0                       @ EOM(2)
	.byte	19                      @ Abbreviation Code
	.byte	46                      @ DW_TAG_subprogram
	.byte	0                       @ DW_CHILDREN_no
	.byte	17                      @ DW_AT_low_pc
	.byte	1                       @ DW_FORM_addr
	.byte	18                      @ DW_AT_high_pc
	.byte	1                       @ DW_FORM_addr
	.byte	64                      @ DW_AT_frame_base
	.byte	10                      @ DW_FORM_block1
	.byte	3                       @ DW_AT_name
	.byte	14                      @ DW_FORM_strp
	.byte	58                      @ DW_AT_decl_file
	.byte	11                      @ DW_FORM_data1
	.byte	59                      @ DW_AT_decl_line
	.byte	11                      @ DW_FORM_data1
	.byte	39                      @ DW_AT_prototyped
	.byte	12                      @ DW_FORM_flag
	.byte	63                      @ DW_AT_external
	.byte	12                      @ DW_FORM_flag
	.byte	0                       @ EOM(1)
	.byte	0                       @ EOM(2)
	.byte	0                       @ EOM(3)
	.section	.debug_info,"",%progbits
.Lcu_begin0:
	.long	.Ldebug_info_end0-.Ldebug_info_start0 @ Length of Unit
.Ldebug_info_start0:
	.short	3                       @ DWARF version number
	.long	.debug_abbrev           @ Offset Into Abbrev. Section
	.byte	4                       @ Address Size (in bytes)
	.byte	1                       @ Abbrev [1] 0xb:0x7d5 DW_TAG_compile_unit
	.long	.Linfo_string0          @ DW_AT_producer
	.short	1                       @ DW_AT_language
	.long	.Linfo_string1          @ DW_AT_name
	.long	.Lline_table_start0     @ DW_AT_stmt_list
	.long	.Linfo_string2          @ DW_AT_comp_dir
	.long	.Lfunc_begin0           @ DW_AT_low_pc
	.long	.Lfunc_end2             @ DW_AT_high_pc
	.byte	2                       @ Abbrev [2] 0x26:0x12 DW_TAG_variable
	.long	.Linfo_string3          @ DW_AT_name
	.long	56                      @ DW_AT_type
	.byte	1                       @ DW_AT_external
	.byte	2                       @ DW_AT_decl_file
	.byte	25                      @ DW_AT_decl_line
	.byte	5                       @ DW_AT_location
	.byte	3
	.long	SystemCoreClock
	.byte	3                       @ Abbrev [3] 0x38:0xb DW_TAG_typedef
	.long	67                      @ DW_AT_type
	.long	.Linfo_string5          @ DW_AT_name
	.byte	1                       @ DW_AT_decl_file
	.byte	64                      @ DW_AT_decl_line
	.byte	4                       @ Abbrev [4] 0x43:0x7 DW_TAG_base_type
	.long	.Linfo_string4          @ DW_AT_name
	.byte	7                       @ DW_AT_encoding
	.byte	4                       @ DW_AT_byte_size
	.byte	2                       @ Abbrev [2] 0x4a:0x12 DW_TAG_variable
	.long	.Linfo_string6          @ DW_AT_name
	.long	56                      @ DW_AT_type
	.byte	1                       @ DW_AT_external
	.byte	2                       @ DW_AT_decl_file
	.byte	26                      @ DW_AT_decl_line
	.byte	5                       @ DW_AT_location
	.byte	3
	.long	CyclesPerUs
	.byte	2                       @ Abbrev [2] 0x5c:0x12 DW_TAG_variable
	.long	.Linfo_string7          @ DW_AT_name
	.long	56                      @ DW_AT_type
	.byte	1                       @ DW_AT_external
	.byte	2                       @ DW_AT_decl_file
	.byte	27                      @ DW_AT_decl_line
	.byte	5                       @ DW_AT_location
	.byte	3
	.long	PllClock
	.byte	2                       @ Abbrev [2] 0x6e:0x12 DW_TAG_variable
	.long	.Linfo_string8          @ DW_AT_name
	.long	128                     @ DW_AT_type
	.byte	1                       @ DW_AT_external
	.byte	2                       @ DW_AT_decl_file
	.byte	28                      @ DW_AT_decl_line
	.byte	5                       @ DW_AT_location
	.byte	3
	.long	gau32ClkSrcTbl
	.byte	5                       @ Abbrev [5] 0x80:0xc DW_TAG_array_type
	.long	140                     @ DW_AT_type
	.byte	6                       @ Abbrev [6] 0x85:0x6 DW_TAG_subrange_type
	.long	145                     @ DW_AT_type
	.byte	8                       @ DW_AT_count
	.byte	0                       @ End Of Children Mark
	.byte	7                       @ Abbrev [7] 0x8c:0x5 DW_TAG_const_type
	.long	56                      @ DW_AT_type
	.byte	8                       @ Abbrev [8] 0x91:0x7 DW_TAG_base_type
	.long	.Linfo_string9          @ DW_AT_name
	.byte	8                       @ DW_AT_byte_size
	.byte	7                       @ DW_AT_encoding
	.byte	9                       @ Abbrev [9] 0x98:0x5 DW_TAG_pointer_type
	.long	157                     @ DW_AT_type
	.byte	10                      @ Abbrev [10] 0x9d:0xc DW_TAG_typedef
	.long	169                     @ DW_AT_type
	.long	.Linfo_string39         @ DW_AT_name
	.byte	3                       @ DW_AT_decl_file
	.short	739                     @ DW_AT_decl_line
	.byte	11                      @ Abbrev [11] 0xa9:0x17e DW_TAG_structure_type
	.byte	184                     @ DW_AT_byte_size
	.byte	3                       @ DW_AT_decl_file
	.byte	27                      @ DW_AT_decl_line
	.byte	12                      @ Abbrev [12] 0xad:0xd DW_TAG_member
	.long	.Linfo_string10         @ DW_AT_name
	.long	551                     @ DW_AT_type
	.byte	3                       @ DW_AT_decl_file
	.short	709                     @ DW_AT_decl_line
	.byte	0                       @ DW_AT_data_member_location
	.byte	12                      @ Abbrev [12] 0xba:0xd DW_TAG_member
	.long	.Linfo_string11         @ DW_AT_name
	.long	551                     @ DW_AT_type
	.byte	3                       @ DW_AT_decl_file
	.short	710                     @ DW_AT_decl_line
	.byte	4                       @ DW_AT_data_member_location
	.byte	12                      @ Abbrev [12] 0xc7:0xd DW_TAG_member
	.long	.Linfo_string12         @ DW_AT_name
	.long	551                     @ DW_AT_type
	.byte	3                       @ DW_AT_decl_file
	.short	711                     @ DW_AT_decl_line
	.byte	8                       @ DW_AT_data_member_location
	.byte	12                      @ Abbrev [12] 0xd4:0xd DW_TAG_member
	.long	.Linfo_string13         @ DW_AT_name
	.long	551                     @ DW_AT_type
	.byte	3                       @ DW_AT_decl_file
	.short	712                     @ DW_AT_decl_line
	.byte	12                      @ DW_AT_data_member_location
	.byte	12                      @ Abbrev [12] 0xe1:0xd DW_TAG_member
	.long	.Linfo_string14         @ DW_AT_name
	.long	551                     @ DW_AT_type
	.byte	3                       @ DW_AT_decl_file
	.short	713                     @ DW_AT_decl_line
	.byte	16                      @ DW_AT_data_member_location
	.byte	12                      @ Abbrev [12] 0xee:0xd DW_TAG_member
	.long	.Linfo_string15         @ DW_AT_name
	.long	551                     @ DW_AT_type
	.byte	3                       @ DW_AT_decl_file
	.short	714                     @ DW_AT_decl_line
	.byte	20                      @ DW_AT_data_member_location
	.byte	12                      @ Abbrev [12] 0xfb:0xd DW_TAG_member
	.long	.Linfo_string16         @ DW_AT_name
	.long	551                     @ DW_AT_type
	.byte	3                       @ DW_AT_decl_file
	.short	715                     @ DW_AT_decl_line
	.byte	24                      @ DW_AT_data_member_location
	.byte	12                      @ Abbrev [12] 0x108:0xd DW_TAG_member
	.long	.Linfo_string17         @ DW_AT_name
	.long	551                     @ DW_AT_type
	.byte	3                       @ DW_AT_decl_file
	.short	716                     @ DW_AT_decl_line
	.byte	28                      @ DW_AT_data_member_location
	.byte	12                      @ Abbrev [12] 0x115:0xd DW_TAG_member
	.long	.Linfo_string18         @ DW_AT_name
	.long	551                     @ DW_AT_type
	.byte	3                       @ DW_AT_decl_file
	.short	717                     @ DW_AT_decl_line
	.byte	32                      @ DW_AT_data_member_location
	.byte	12                      @ Abbrev [12] 0x122:0xd DW_TAG_member
	.long	.Linfo_string19         @ DW_AT_name
	.long	551                     @ DW_AT_type
	.byte	3                       @ DW_AT_decl_file
	.short	718                     @ DW_AT_decl_line
	.byte	36                      @ DW_AT_data_member_location
	.byte	12                      @ Abbrev [12] 0x12f:0xd DW_TAG_member
	.long	.Linfo_string20         @ DW_AT_name
	.long	556                     @ DW_AT_type
	.byte	3                       @ DW_AT_decl_file
	.short	719                     @ DW_AT_decl_line
	.byte	40                      @ DW_AT_data_member_location
	.byte	12                      @ Abbrev [12] 0x13c:0xd DW_TAG_member
	.long	.Linfo_string21         @ DW_AT_name
	.long	551                     @ DW_AT_type
	.byte	3                       @ DW_AT_decl_file
	.short	720                     @ DW_AT_decl_line
	.byte	48                      @ DW_AT_data_member_location
	.byte	12                      @ Abbrev [12] 0x149:0xd DW_TAG_member
	.long	.Linfo_string22         @ DW_AT_name
	.long	551                     @ DW_AT_type
	.byte	3                       @ DW_AT_decl_file
	.short	721                     @ DW_AT_decl_line
	.byte	52                      @ DW_AT_data_member_location
	.byte	12                      @ Abbrev [12] 0x156:0xd DW_TAG_member
	.long	.Linfo_string23         @ DW_AT_name
	.long	556                     @ DW_AT_type
	.byte	3                       @ DW_AT_decl_file
	.short	722                     @ DW_AT_decl_line
	.byte	56                      @ DW_AT_data_member_location
	.byte	12                      @ Abbrev [12] 0x163:0xd DW_TAG_member
	.long	.Linfo_string24         @ DW_AT_name
	.long	551                     @ DW_AT_type
	.byte	3                       @ DW_AT_decl_file
	.short	723                     @ DW_AT_decl_line
	.byte	64                      @ DW_AT_data_member_location
	.byte	12                      @ Abbrev [12] 0x170:0xd DW_TAG_member
	.long	.Linfo_string25         @ DW_AT_name
	.long	573                     @ DW_AT_type
	.byte	3                       @ DW_AT_decl_file
	.short	724                     @ DW_AT_decl_line
	.byte	68                      @ DW_AT_data_member_location
	.byte	12                      @ Abbrev [12] 0x17d:0xd DW_TAG_member
	.long	.Linfo_string26         @ DW_AT_name
	.long	568                     @ DW_AT_type
	.byte	3                       @ DW_AT_decl_file
	.short	725                     @ DW_AT_decl_line
	.byte	80                      @ DW_AT_data_member_location
	.byte	12                      @ Abbrev [12] 0x18a:0xd DW_TAG_member
	.long	.Linfo_string27         @ DW_AT_name
	.long	573                     @ DW_AT_type
	.byte	3                       @ DW_AT_decl_file
	.short	726                     @ DW_AT_decl_line
	.byte	84                      @ DW_AT_data_member_location
	.byte	12                      @ Abbrev [12] 0x197:0xd DW_TAG_member
	.long	.Linfo_string28         @ DW_AT_name
	.long	551                     @ DW_AT_type
	.byte	3                       @ DW_AT_decl_file
	.short	727                     @ DW_AT_decl_line
	.byte	96                      @ DW_AT_data_member_location
	.byte	12                      @ Abbrev [12] 0x1a4:0xd DW_TAG_member
	.long	.Linfo_string29         @ DW_AT_name
	.long	573                     @ DW_AT_type
	.byte	3                       @ DW_AT_decl_file
	.short	728                     @ DW_AT_decl_line
	.byte	100                     @ DW_AT_data_member_location
	.byte	12                      @ Abbrev [12] 0x1b1:0xd DW_TAG_member
	.long	.Linfo_string30         @ DW_AT_name
	.long	551                     @ DW_AT_type
	.byte	3                       @ DW_AT_decl_file
	.short	729                     @ DW_AT_decl_line
	.byte	112                     @ DW_AT_data_member_location
	.byte	12                      @ Abbrev [12] 0x1be:0xd DW_TAG_member
	.long	.Linfo_string31         @ DW_AT_name
	.long	551                     @ DW_AT_type
	.byte	3                       @ DW_AT_decl_file
	.short	730                     @ DW_AT_decl_line
	.byte	116                     @ DW_AT_data_member_location
	.byte	12                      @ Abbrev [12] 0x1cb:0xd DW_TAG_member
	.long	.Linfo_string32         @ DW_AT_name
	.long	551                     @ DW_AT_type
	.byte	3                       @ DW_AT_decl_file
	.short	731                     @ DW_AT_decl_line
	.byte	120                     @ DW_AT_data_member_location
	.byte	12                      @ Abbrev [12] 0x1d8:0xd DW_TAG_member
	.long	.Linfo_string33         @ DW_AT_name
	.long	551                     @ DW_AT_type
	.byte	3                       @ DW_AT_decl_file
	.short	732                     @ DW_AT_decl_line
	.byte	124                     @ DW_AT_data_member_location
	.byte	12                      @ Abbrev [12] 0x1e5:0xd DW_TAG_member
	.long	.Linfo_string34         @ DW_AT_name
	.long	585                     @ DW_AT_type
	.byte	3                       @ DW_AT_decl_file
	.short	733                     @ DW_AT_decl_line
	.byte	128                     @ DW_AT_data_member_location
	.byte	12                      @ Abbrev [12] 0x1f2:0xd DW_TAG_member
	.long	.Linfo_string35         @ DW_AT_name
	.long	551                     @ DW_AT_type
	.byte	3                       @ DW_AT_decl_file
	.short	734                     @ DW_AT_decl_line
	.byte	144                     @ DW_AT_data_member_location
	.byte	12                      @ Abbrev [12] 0x1ff:0xd DW_TAG_member
	.long	.Linfo_string36         @ DW_AT_name
	.long	551                     @ DW_AT_type
	.byte	3                       @ DW_AT_decl_file
	.short	735                     @ DW_AT_decl_line
	.byte	148                     @ DW_AT_data_member_location
	.byte	12                      @ Abbrev [12] 0x20c:0xd DW_TAG_member
	.long	.Linfo_string37         @ DW_AT_name
	.long	597                     @ DW_AT_type
	.byte	3                       @ DW_AT_decl_file
	.short	736                     @ DW_AT_decl_line
	.byte	152                     @ DW_AT_data_member_location
	.byte	12                      @ Abbrev [12] 0x219:0xd DW_TAG_member
	.long	.Linfo_string38         @ DW_AT_name
	.long	551                     @ DW_AT_type
	.byte	3                       @ DW_AT_decl_file
	.short	737                     @ DW_AT_decl_line
	.byte	180                     @ DW_AT_data_member_location
	.byte	0                       @ End Of Children Mark
	.byte	13                      @ Abbrev [13] 0x227:0x5 DW_TAG_volatile_type
	.long	56                      @ DW_AT_type
	.byte	5                       @ Abbrev [5] 0x22c:0xc DW_TAG_array_type
	.long	568                     @ DW_AT_type
	.byte	6                       @ Abbrev [6] 0x231:0x6 DW_TAG_subrange_type
	.long	145                     @ DW_AT_type
	.byte	2                       @ DW_AT_count
	.byte	0                       @ End Of Children Mark
	.byte	7                       @ Abbrev [7] 0x238:0x5 DW_TAG_const_type
	.long	551                     @ DW_AT_type
	.byte	5                       @ Abbrev [5] 0x23d:0xc DW_TAG_array_type
	.long	568                     @ DW_AT_type
	.byte	6                       @ Abbrev [6] 0x242:0x6 DW_TAG_subrange_type
	.long	145                     @ DW_AT_type
	.byte	3                       @ DW_AT_count
	.byte	0                       @ End Of Children Mark
	.byte	5                       @ Abbrev [5] 0x249:0xc DW_TAG_array_type
	.long	568                     @ DW_AT_type
	.byte	6                       @ Abbrev [6] 0x24e:0x6 DW_TAG_subrange_type
	.long	145                     @ DW_AT_type
	.byte	4                       @ DW_AT_count
	.byte	0                       @ End Of Children Mark
	.byte	5                       @ Abbrev [5] 0x255:0xc DW_TAG_array_type
	.long	568                     @ DW_AT_type
	.byte	6                       @ Abbrev [6] 0x25a:0x6 DW_TAG_subrange_type
	.long	145                     @ DW_AT_type
	.byte	7                       @ DW_AT_count
	.byte	0                       @ End Of Children Mark
	.byte	9                       @ Abbrev [9] 0x261:0x5 DW_TAG_pointer_type
	.long	614                     @ DW_AT_type
	.byte	10                      @ Abbrev [10] 0x266:0xc DW_TAG_typedef
	.long	626                     @ DW_AT_type
	.long	.Linfo_string57         @ DW_AT_name
	.byte	4                       @ DW_AT_decl_file
	.short	318                     @ DW_AT_decl_line
	.byte	11                      @ Abbrev [11] 0x272:0x13d DW_TAG_structure_type
	.byte	228                     @ DW_AT_byte_size
	.byte	4                       @ DW_AT_decl_file
	.byte	27                      @ DW_AT_decl_line
	.byte	12                      @ Abbrev [12] 0x276:0xd DW_TAG_member
	.long	.Linfo_string40         @ DW_AT_name
	.long	551                     @ DW_AT_type
	.byte	4                       @ DW_AT_decl_file
	.short	293                     @ DW_AT_decl_line
	.byte	0                       @ DW_AT_data_member_location
	.byte	12                      @ Abbrev [12] 0x283:0xd DW_TAG_member
	.long	.Linfo_string41         @ DW_AT_name
	.long	551                     @ DW_AT_type
	.byte	4                       @ DW_AT_decl_file
	.short	294                     @ DW_AT_decl_line
	.byte	4                       @ DW_AT_data_member_location
	.byte	12                      @ Abbrev [12] 0x290:0xd DW_TAG_member
	.long	.Linfo_string42         @ DW_AT_name
	.long	551                     @ DW_AT_type
	.byte	4                       @ DW_AT_decl_file
	.short	295                     @ DW_AT_decl_line
	.byte	8                       @ DW_AT_data_member_location
	.byte	12                      @ Abbrev [12] 0x29d:0xd DW_TAG_member
	.long	.Linfo_string43         @ DW_AT_name
	.long	551                     @ DW_AT_type
	.byte	4                       @ DW_AT_decl_file
	.short	296                     @ DW_AT_decl_line
	.byte	12                      @ DW_AT_data_member_location
	.byte	12                      @ Abbrev [12] 0x2aa:0xd DW_TAG_member
	.long	.Linfo_string44         @ DW_AT_name
	.long	551                     @ DW_AT_type
	.byte	4                       @ DW_AT_decl_file
	.short	297                     @ DW_AT_decl_line
	.byte	16                      @ DW_AT_data_member_location
	.byte	12                      @ Abbrev [12] 0x2b7:0xd DW_TAG_member
	.long	.Linfo_string20         @ DW_AT_name
	.long	568                     @ DW_AT_type
	.byte	4                       @ DW_AT_decl_file
	.short	298                     @ DW_AT_decl_line
	.byte	20                      @ DW_AT_data_member_location
	.byte	12                      @ Abbrev [12] 0x2c4:0xd DW_TAG_member
	.long	.Linfo_string45         @ DW_AT_name
	.long	551                     @ DW_AT_type
	.byte	4                       @ DW_AT_decl_file
	.short	299                     @ DW_AT_decl_line
	.byte	24                      @ DW_AT_data_member_location
	.byte	12                      @ Abbrev [12] 0x2d1:0xd DW_TAG_member
	.long	.Linfo_string23         @ DW_AT_name
	.long	943                     @ DW_AT_type
	.byte	4                       @ DW_AT_decl_file
	.short	300                     @ DW_AT_decl_line
	.byte	28                      @ DW_AT_data_member_location
	.byte	12                      @ Abbrev [12] 0x2de:0xd DW_TAG_member
	.long	.Linfo_string46         @ DW_AT_name
	.long	551                     @ DW_AT_type
	.byte	4                       @ DW_AT_decl_file
	.short	301                     @ DW_AT_decl_line
	.byte	64                      @ DW_AT_data_member_location
	.byte	12                      @ Abbrev [12] 0x2eb:0xd DW_TAG_member
	.long	.Linfo_string25         @ DW_AT_name
	.long	556                     @ DW_AT_type
	.byte	4                       @ DW_AT_decl_file
	.short	302                     @ DW_AT_decl_line
	.byte	68                      @ DW_AT_data_member_location
	.byte	12                      @ Abbrev [12] 0x2f8:0xd DW_TAG_member
	.long	.Linfo_string47         @ DW_AT_name
	.long	551                     @ DW_AT_type
	.byte	4                       @ DW_AT_decl_file
	.short	303                     @ DW_AT_decl_line
	.byte	76                      @ DW_AT_data_member_location
	.byte	12                      @ Abbrev [12] 0x305:0xd DW_TAG_member
	.long	.Linfo_string27         @ DW_AT_name
	.long	955                     @ DW_AT_type
	.byte	4                       @ DW_AT_decl_file
	.short	304                     @ DW_AT_decl_line
	.byte	80                      @ DW_AT_data_member_location
	.byte	12                      @ Abbrev [12] 0x312:0xd DW_TAG_member
	.long	.Linfo_string48         @ DW_AT_name
	.long	551                     @ DW_AT_type
	.byte	4                       @ DW_AT_decl_file
	.short	305                     @ DW_AT_decl_line
	.byte	128                     @ DW_AT_data_member_location
	.byte	12                      @ Abbrev [12] 0x31f:0xd DW_TAG_member
	.long	.Linfo_string49         @ DW_AT_name
	.long	551                     @ DW_AT_type
	.byte	4                       @ DW_AT_decl_file
	.short	306                     @ DW_AT_decl_line
	.byte	132                     @ DW_AT_data_member_location
	.byte	12                      @ Abbrev [12] 0x32c:0xd DW_TAG_member
	.long	.Linfo_string50         @ DW_AT_name
	.long	551                     @ DW_AT_type
	.byte	4                       @ DW_AT_decl_file
	.short	307                     @ DW_AT_decl_line
	.byte	136                     @ DW_AT_data_member_location
	.byte	12                      @ Abbrev [12] 0x339:0xd DW_TAG_member
	.long	.Linfo_string51         @ DW_AT_name
	.long	551                     @ DW_AT_type
	.byte	4                       @ DW_AT_decl_file
	.short	308                     @ DW_AT_decl_line
	.byte	140                     @ DW_AT_data_member_location
	.byte	12                      @ Abbrev [12] 0x346:0xd DW_TAG_member
	.long	.Linfo_string29         @ DW_AT_name
	.long	955                     @ DW_AT_type
	.byte	4                       @ DW_AT_decl_file
	.short	309                     @ DW_AT_decl_line
	.byte	144                     @ DW_AT_data_member_location
	.byte	12                      @ Abbrev [12] 0x353:0xd DW_TAG_member
	.long	.Linfo_string52         @ DW_AT_name
	.long	568                     @ DW_AT_type
	.byte	4                       @ DW_AT_decl_file
	.short	310                     @ DW_AT_decl_line
	.byte	192                     @ DW_AT_data_member_location
	.byte	12                      @ Abbrev [12] 0x360:0xd DW_TAG_member
	.long	.Linfo_string53         @ DW_AT_name
	.long	568                     @ DW_AT_type
	.byte	4                       @ DW_AT_decl_file
	.short	311                     @ DW_AT_decl_line
	.byte	196                     @ DW_AT_data_member_location
	.byte	12                      @ Abbrev [12] 0x36d:0xd DW_TAG_member
	.long	.Linfo_string34         @ DW_AT_name
	.long	556                     @ DW_AT_type
	.byte	4                       @ DW_AT_decl_file
	.short	312                     @ DW_AT_decl_line
	.byte	200                     @ DW_AT_data_member_location
	.byte	12                      @ Abbrev [12] 0x37a:0xd DW_TAG_member
	.long	.Linfo_string54         @ DW_AT_name
	.long	568                     @ DW_AT_type
	.byte	4                       @ DW_AT_decl_file
	.short	313                     @ DW_AT_decl_line
	.byte	208                     @ DW_AT_data_member_location
	.byte	12                      @ Abbrev [12] 0x387:0xd DW_TAG_member
	.long	.Linfo_string55         @ DW_AT_name
	.long	568                     @ DW_AT_type
	.byte	4                       @ DW_AT_decl_file
	.short	314                     @ DW_AT_decl_line
	.byte	212                     @ DW_AT_data_member_location
	.byte	12                      @ Abbrev [12] 0x394:0xd DW_TAG_member
	.long	.Linfo_string37         @ DW_AT_name
	.long	556                     @ DW_AT_type
	.byte	4                       @ DW_AT_decl_file
	.short	315                     @ DW_AT_decl_line
	.byte	216                     @ DW_AT_data_member_location
	.byte	12                      @ Abbrev [12] 0x3a1:0xd DW_TAG_member
	.long	.Linfo_string56         @ DW_AT_name
	.long	568                     @ DW_AT_type
	.byte	4                       @ DW_AT_decl_file
	.short	316                     @ DW_AT_decl_line
	.byte	224                     @ DW_AT_data_member_location
	.byte	0                       @ End Of Children Mark
	.byte	5                       @ Abbrev [5] 0x3af:0xc DW_TAG_array_type
	.long	568                     @ DW_AT_type
	.byte	6                       @ Abbrev [6] 0x3b4:0x6 DW_TAG_subrange_type
	.long	145                     @ DW_AT_type
	.byte	9                       @ DW_AT_count
	.byte	0                       @ End Of Children Mark
	.byte	5                       @ Abbrev [5] 0x3bb:0xc DW_TAG_array_type
	.long	568                     @ DW_AT_type
	.byte	6                       @ Abbrev [6] 0x3c0:0x6 DW_TAG_subrange_type
	.long	145                     @ DW_AT_type
	.byte	12                      @ DW_AT_count
	.byte	0                       @ End Of Children Mark
	.byte	9                       @ Abbrev [9] 0x3c7:0x5 DW_TAG_pointer_type
	.long	972                     @ DW_AT_type
	.byte	10                      @ Abbrev [10] 0x3cc:0xc DW_TAG_typedef
	.long	984                     @ DW_AT_type
	.long	.Linfo_string67         @ DW_AT_name
	.byte	5                       @ DW_AT_decl_file
	.short	396                     @ DW_AT_decl_line
	.byte	14                      @ Abbrev [14] 0x3d8:0x7b DW_TAG_structure_type
	.byte	40                      @ DW_AT_byte_size
	.byte	5                       @ DW_AT_decl_file
	.short	381                     @ DW_AT_decl_line
	.byte	12                      @ Abbrev [12] 0x3dd:0xd DW_TAG_member
	.long	.Linfo_string58         @ DW_AT_name
	.long	568                     @ DW_AT_type
	.byte	5                       @ DW_AT_decl_file
	.short	383                     @ DW_AT_decl_line
	.byte	0                       @ DW_AT_data_member_location
	.byte	12                      @ Abbrev [12] 0x3ea:0xd DW_TAG_member
	.long	.Linfo_string59         @ DW_AT_name
	.long	551                     @ DW_AT_type
	.byte	5                       @ DW_AT_decl_file
	.short	384                     @ DW_AT_decl_line
	.byte	4                       @ DW_AT_data_member_location
	.byte	12                      @ Abbrev [12] 0x3f7:0xd DW_TAG_member
	.long	.Linfo_string60         @ DW_AT_name
	.long	551                     @ DW_AT_type
	.byte	5                       @ DW_AT_decl_file
	.short	386                     @ DW_AT_decl_line
	.byte	8                       @ DW_AT_data_member_location
	.byte	12                      @ Abbrev [12] 0x404:0xd DW_TAG_member
	.long	.Linfo_string61         @ DW_AT_name
	.long	551                     @ DW_AT_type
	.byte	5                       @ DW_AT_decl_file
	.short	390                     @ DW_AT_decl_line
	.byte	12                      @ DW_AT_data_member_location
	.byte	12                      @ Abbrev [12] 0x411:0xd DW_TAG_member
	.long	.Linfo_string62         @ DW_AT_name
	.long	551                     @ DW_AT_type
	.byte	5                       @ DW_AT_decl_file
	.short	391                     @ DW_AT_decl_line
	.byte	16                      @ DW_AT_data_member_location
	.byte	12                      @ Abbrev [12] 0x41e:0xd DW_TAG_member
	.long	.Linfo_string63         @ DW_AT_name
	.long	551                     @ DW_AT_type
	.byte	5                       @ DW_AT_decl_file
	.short	392                     @ DW_AT_decl_line
	.byte	20                      @ DW_AT_data_member_location
	.byte	12                      @ Abbrev [12] 0x42b:0xd DW_TAG_member
	.long	.Linfo_string64         @ DW_AT_name
	.long	56                      @ DW_AT_type
	.byte	5                       @ DW_AT_decl_file
	.short	393                     @ DW_AT_decl_line
	.byte	24                      @ DW_AT_data_member_location
	.byte	12                      @ Abbrev [12] 0x438:0xd DW_TAG_member
	.long	.Linfo_string65         @ DW_AT_name
	.long	1107                    @ DW_AT_type
	.byte	5                       @ DW_AT_decl_file
	.short	394                     @ DW_AT_decl_line
	.byte	28                      @ DW_AT_data_member_location
	.byte	12                      @ Abbrev [12] 0x445:0xd DW_TAG_member
	.long	.Linfo_string66         @ DW_AT_name
	.long	551                     @ DW_AT_type
	.byte	5                       @ DW_AT_decl_file
	.short	395                     @ DW_AT_decl_line
	.byte	36                      @ DW_AT_data_member_location
	.byte	0                       @ End Of Children Mark
	.byte	5                       @ Abbrev [5] 0x453:0xc DW_TAG_array_type
	.long	551                     @ DW_AT_type
	.byte	6                       @ Abbrev [6] 0x458:0x6 DW_TAG_subrange_type
	.long	145                     @ DW_AT_type
	.byte	2                       @ DW_AT_count
	.byte	0                       @ End Of Children Mark
	.byte	9                       @ Abbrev [9] 0x45f:0x5 DW_TAG_pointer_type
	.long	1124                    @ DW_AT_type
	.byte	10                      @ Abbrev [10] 0x464:0xc DW_TAG_typedef
	.long	1136                    @ DW_AT_type
	.long	.Linfo_string114        @ DW_AT_name
	.byte	6                       @ DW_AT_decl_file
	.short	1521                    @ DW_AT_decl_line
	.byte	15                      @ Abbrev [15] 0x470:0x2c3 DW_TAG_structure_type
	.short	512                     @ DW_AT_byte_size
	.byte	6                       @ DW_AT_decl_file
	.byte	27                      @ DW_AT_decl_line
	.byte	12                      @ Abbrev [12] 0x475:0xd DW_TAG_member
	.long	.Linfo_string68         @ DW_AT_name
	.long	568                     @ DW_AT_type
	.byte	6                       @ DW_AT_decl_file
	.short	1468                    @ DW_AT_decl_line
	.byte	0                       @ DW_AT_data_member_location
	.byte	12                      @ Abbrev [12] 0x482:0xd DW_TAG_member
	.long	.Linfo_string69         @ DW_AT_name
	.long	551                     @ DW_AT_type
	.byte	6                       @ DW_AT_decl_file
	.short	1469                    @ DW_AT_decl_line
	.byte	4                       @ DW_AT_data_member_location
	.byte	12                      @ Abbrev [12] 0x48f:0xd DW_TAG_member
	.long	.Linfo_string70         @ DW_AT_name
	.long	551                     @ DW_AT_type
	.byte	6                       @ DW_AT_decl_file
	.short	1470                    @ DW_AT_decl_line
	.byte	8                       @ DW_AT_data_member_location
	.byte	12                      @ Abbrev [12] 0x49c:0xd DW_TAG_member
	.long	.Linfo_string71         @ DW_AT_name
	.long	551                     @ DW_AT_type
	.byte	6                       @ DW_AT_decl_file
	.short	1471                    @ DW_AT_decl_line
	.byte	12                      @ DW_AT_data_member_location
	.byte	12                      @ Abbrev [12] 0x4a9:0xd DW_TAG_member
	.long	.Linfo_string72         @ DW_AT_name
	.long	551                     @ DW_AT_type
	.byte	6                       @ DW_AT_decl_file
	.short	1472                    @ DW_AT_decl_line
	.byte	16                      @ DW_AT_data_member_location
	.byte	12                      @ Abbrev [12] 0x4b6:0xd DW_TAG_member
	.long	.Linfo_string20         @ DW_AT_name
	.long	1843                    @ DW_AT_type
	.byte	6                       @ DW_AT_decl_file
	.short	1473                    @ DW_AT_decl_line
	.byte	20                      @ DW_AT_data_member_location
	.byte	12                      @ Abbrev [12] 0x4c3:0xd DW_TAG_member
	.long	.Linfo_string73         @ DW_AT_name
	.long	551                     @ DW_AT_type
	.byte	6                       @ DW_AT_decl_file
	.short	1474                    @ DW_AT_decl_line
	.byte	24                      @ DW_AT_data_member_location
	.byte	12                      @ Abbrev [12] 0x4d0:0xd DW_TAG_member
	.long	.Linfo_string74         @ DW_AT_name
	.long	551                     @ DW_AT_type
	.byte	6                       @ DW_AT_decl_file
	.short	1475                    @ DW_AT_decl_line
	.byte	28                      @ DW_AT_data_member_location
	.byte	12                      @ Abbrev [12] 0x4dd:0xd DW_TAG_member
	.long	.Linfo_string23         @ DW_AT_name
	.long	1843                    @ DW_AT_type
	.byte	6                       @ DW_AT_decl_file
	.short	1476                    @ DW_AT_decl_line
	.byte	32                      @ DW_AT_data_member_location
	.byte	12                      @ Abbrev [12] 0x4ea:0xd DW_TAG_member
	.long	.Linfo_string75         @ DW_AT_name
	.long	551                     @ DW_AT_type
	.byte	6                       @ DW_AT_decl_file
	.short	1477                    @ DW_AT_decl_line
	.byte	36                      @ DW_AT_data_member_location
	.byte	12                      @ Abbrev [12] 0x4f7:0xd DW_TAG_member
	.long	.Linfo_string76         @ DW_AT_name
	.long	551                     @ DW_AT_type
	.byte	6                       @ DW_AT_decl_file
	.short	1478                    @ DW_AT_decl_line
	.byte	40                      @ DW_AT_data_member_location
	.byte	12                      @ Abbrev [12] 0x504:0xd DW_TAG_member
	.long	.Linfo_string25         @ DW_AT_name
	.long	1843                    @ DW_AT_type
	.byte	6                       @ DW_AT_decl_file
	.short	1479                    @ DW_AT_decl_line
	.byte	44                      @ DW_AT_data_member_location
	.byte	12                      @ Abbrev [12] 0x511:0xd DW_TAG_member
	.long	.Linfo_string77         @ DW_AT_name
	.long	551                     @ DW_AT_type
	.byte	6                       @ DW_AT_decl_file
	.short	1480                    @ DW_AT_decl_line
	.byte	48                      @ DW_AT_data_member_location
	.byte	12                      @ Abbrev [12] 0x51e:0xd DW_TAG_member
	.long	.Linfo_string78         @ DW_AT_name
	.long	551                     @ DW_AT_type
	.byte	6                       @ DW_AT_decl_file
	.short	1481                    @ DW_AT_decl_line
	.byte	52                      @ DW_AT_data_member_location
	.byte	12                      @ Abbrev [12] 0x52b:0xd DW_TAG_member
	.long	.Linfo_string79         @ DW_AT_name
	.long	551                     @ DW_AT_type
	.byte	6                       @ DW_AT_decl_file
	.short	1482                    @ DW_AT_decl_line
	.byte	56                      @ DW_AT_data_member_location
	.byte	12                      @ Abbrev [12] 0x538:0xd DW_TAG_member
	.long	.Linfo_string80         @ DW_AT_name
	.long	551                     @ DW_AT_type
	.byte	6                       @ DW_AT_decl_file
	.short	1483                    @ DW_AT_decl_line
	.byte	60                      @ DW_AT_data_member_location
	.byte	12                      @ Abbrev [12] 0x545:0xd DW_TAG_member
	.long	.Linfo_string81         @ DW_AT_name
	.long	551                     @ DW_AT_type
	.byte	6                       @ DW_AT_decl_file
	.short	1484                    @ DW_AT_decl_line
	.byte	64                      @ DW_AT_data_member_location
	.byte	12                      @ Abbrev [12] 0x552:0xd DW_TAG_member
	.long	.Linfo_string82         @ DW_AT_name
	.long	551                     @ DW_AT_type
	.byte	6                       @ DW_AT_decl_file
	.short	1485                    @ DW_AT_decl_line
	.byte	68                      @ DW_AT_data_member_location
	.byte	12                      @ Abbrev [12] 0x55f:0xd DW_TAG_member
	.long	.Linfo_string83         @ DW_AT_name
	.long	551                     @ DW_AT_type
	.byte	6                       @ DW_AT_decl_file
	.short	1486                    @ DW_AT_decl_line
	.byte	72                      @ DW_AT_data_member_location
	.byte	12                      @ Abbrev [12] 0x56c:0xd DW_TAG_member
	.long	.Linfo_string84         @ DW_AT_name
	.long	551                     @ DW_AT_type
	.byte	6                       @ DW_AT_decl_file
	.short	1487                    @ DW_AT_decl_line
	.byte	76                      @ DW_AT_data_member_location
	.byte	12                      @ Abbrev [12] 0x579:0xd DW_TAG_member
	.long	.Linfo_string85         @ DW_AT_name
	.long	551                     @ DW_AT_type
	.byte	6                       @ DW_AT_decl_file
	.short	1488                    @ DW_AT_decl_line
	.byte	80                      @ DW_AT_data_member_location
	.byte	12                      @ Abbrev [12] 0x586:0xd DW_TAG_member
	.long	.Linfo_string86         @ DW_AT_name
	.long	551                     @ DW_AT_type
	.byte	6                       @ DW_AT_decl_file
	.short	1489                    @ DW_AT_decl_line
	.byte	84                      @ DW_AT_data_member_location
	.byte	12                      @ Abbrev [12] 0x593:0xd DW_TAG_member
	.long	.Linfo_string87         @ DW_AT_name
	.long	551                     @ DW_AT_type
	.byte	6                       @ DW_AT_decl_file
	.short	1490                    @ DW_AT_decl_line
	.byte	88                      @ DW_AT_data_member_location
	.byte	12                      @ Abbrev [12] 0x5a0:0xd DW_TAG_member
	.long	.Linfo_string88         @ DW_AT_name
	.long	551                     @ DW_AT_type
	.byte	6                       @ DW_AT_decl_file
	.short	1491                    @ DW_AT_decl_line
	.byte	92                      @ DW_AT_data_member_location
	.byte	12                      @ Abbrev [12] 0x5ad:0xd DW_TAG_member
	.long	.Linfo_string27         @ DW_AT_name
	.long	1855                    @ DW_AT_type
	.byte	6                       @ DW_AT_decl_file
	.short	1492                    @ DW_AT_decl_line
	.byte	96                      @ DW_AT_data_member_location
	.byte	12                      @ Abbrev [12] 0x5ba:0xd DW_TAG_member
	.long	.Linfo_string89         @ DW_AT_name
	.long	551                     @ DW_AT_type
	.byte	6                       @ DW_AT_decl_file
	.short	1493                    @ DW_AT_decl_line
	.byte	128                     @ DW_AT_data_member_location
	.byte	12                      @ Abbrev [12] 0x5c7:0xd DW_TAG_member
	.long	.Linfo_string90         @ DW_AT_name
	.long	551                     @ DW_AT_type
	.byte	6                       @ DW_AT_decl_file
	.short	1494                    @ DW_AT_decl_line
	.byte	132                     @ DW_AT_data_member_location
	.byte	12                      @ Abbrev [12] 0x5d4:0xd DW_TAG_member
	.long	.Linfo_string91         @ DW_AT_name
	.long	551                     @ DW_AT_type
	.byte	6                       @ DW_AT_decl_file
	.short	1495                    @ DW_AT_decl_line
	.byte	136                     @ DW_AT_data_member_location
	.byte	12                      @ Abbrev [12] 0x5e1:0xd DW_TAG_member
	.long	.Linfo_string92         @ DW_AT_name
	.long	551                     @ DW_AT_type
	.byte	6                       @ DW_AT_decl_file
	.short	1496                    @ DW_AT_decl_line
	.byte	140                     @ DW_AT_data_member_location
	.byte	12                      @ Abbrev [12] 0x5ee:0xd DW_TAG_member
	.long	.Linfo_string93         @ DW_AT_name
	.long	551                     @ DW_AT_type
	.byte	6                       @ DW_AT_decl_file
	.short	1497                    @ DW_AT_decl_line
	.byte	144                     @ DW_AT_data_member_location
	.byte	12                      @ Abbrev [12] 0x5fb:0xd DW_TAG_member
	.long	.Linfo_string94         @ DW_AT_name
	.long	551                     @ DW_AT_type
	.byte	6                       @ DW_AT_decl_file
	.short	1498                    @ DW_AT_decl_line
	.byte	148                     @ DW_AT_data_member_location
	.byte	12                      @ Abbrev [12] 0x608:0xd DW_TAG_member
	.long	.Linfo_string29         @ DW_AT_name
	.long	1867                    @ DW_AT_type
	.byte	6                       @ DW_AT_decl_file
	.short	1499                    @ DW_AT_decl_line
	.byte	152                     @ DW_AT_data_member_location
	.byte	12                      @ Abbrev [12] 0x615:0xd DW_TAG_member
	.long	.Linfo_string95         @ DW_AT_name
	.long	551                     @ DW_AT_type
	.byte	6                       @ DW_AT_decl_file
	.short	1500                    @ DW_AT_decl_line
	.byte	192                     @ DW_AT_data_member_location
	.byte	12                      @ Abbrev [12] 0x622:0xd DW_TAG_member
	.long	.Linfo_string34         @ DW_AT_name
	.long	573                     @ DW_AT_type
	.byte	6                       @ DW_AT_decl_file
	.short	1501                    @ DW_AT_decl_line
	.byte	196                     @ DW_AT_data_member_location
	.byte	12                      @ Abbrev [12] 0x62f:0xd DW_TAG_member
	.long	.Linfo_string96         @ DW_AT_name
	.long	551                     @ DW_AT_type
	.byte	6                       @ DW_AT_decl_file
	.short	1502                    @ DW_AT_decl_line
	.byte	208                     @ DW_AT_data_member_location
	.byte	12                      @ Abbrev [12] 0x63c:0xd DW_TAG_member
	.long	.Linfo_string97         @ DW_AT_name
	.long	568                     @ DW_AT_type
	.byte	6                       @ DW_AT_decl_file
	.short	1503                    @ DW_AT_decl_line
	.byte	212                     @ DW_AT_data_member_location
	.byte	12                      @ Abbrev [12] 0x649:0xd DW_TAG_member
	.long	.Linfo_string37         @ DW_AT_name
	.long	1879                    @ DW_AT_type
	.byte	6                       @ DW_AT_decl_file
	.short	1504                    @ DW_AT_decl_line
	.byte	216                     @ DW_AT_data_member_location
	.byte	12                      @ Abbrev [12] 0x656:0xd DW_TAG_member
	.long	.Linfo_string98         @ DW_AT_name
	.long	551                     @ DW_AT_type
	.byte	6                       @ DW_AT_decl_file
	.short	1505                    @ DW_AT_decl_line
	.byte	240                     @ DW_AT_data_member_location
	.byte	12                      @ Abbrev [12] 0x663:0xd DW_TAG_member
	.long	.Linfo_string99         @ DW_AT_name
	.long	551                     @ DW_AT_type
	.byte	6                       @ DW_AT_decl_file
	.short	1506                    @ DW_AT_decl_line
	.byte	244                     @ DW_AT_data_member_location
	.byte	12                      @ Abbrev [12] 0x670:0xd DW_TAG_member
	.long	.Linfo_string100        @ DW_AT_name
	.long	551                     @ DW_AT_type
	.byte	6                       @ DW_AT_decl_file
	.short	1507                    @ DW_AT_decl_line
	.byte	248                     @ DW_AT_data_member_location
	.byte	12                      @ Abbrev [12] 0x67d:0xd DW_TAG_member
	.long	.Linfo_string101        @ DW_AT_name
	.long	1843                    @ DW_AT_type
	.byte	6                       @ DW_AT_decl_file
	.short	1508                    @ DW_AT_decl_line
	.byte	252                     @ DW_AT_data_member_location
	.byte	16                      @ Abbrev [16] 0x68a:0xe DW_TAG_member
	.long	.Linfo_string102        @ DW_AT_name
	.long	551                     @ DW_AT_type
	.byte	6                       @ DW_AT_decl_file
	.short	1509                    @ DW_AT_decl_line
	.short	256                     @ DW_AT_data_member_location
	.byte	16                      @ Abbrev [16] 0x698:0xe DW_TAG_member
	.long	.Linfo_string103        @ DW_AT_name
	.long	551                     @ DW_AT_type
	.byte	6                       @ DW_AT_decl_file
	.short	1510                    @ DW_AT_decl_line
	.short	260                     @ DW_AT_data_member_location
	.byte	16                      @ Abbrev [16] 0x6a6:0xe DW_TAG_member
	.long	.Linfo_string104        @ DW_AT_name
	.long	551                     @ DW_AT_type
	.byte	6                       @ DW_AT_decl_file
	.short	1511                    @ DW_AT_decl_line
	.short	264                     @ DW_AT_data_member_location
	.byte	16                      @ Abbrev [16] 0x6b4:0xe DW_TAG_member
	.long	.Linfo_string105        @ DW_AT_name
	.long	551                     @ DW_AT_type
	.byte	6                       @ DW_AT_decl_file
	.short	1512                    @ DW_AT_decl_line
	.short	268                     @ DW_AT_data_member_location
	.byte	16                      @ Abbrev [16] 0x6c2:0xe DW_TAG_member
	.long	.Linfo_string106        @ DW_AT_name
	.long	1891                    @ DW_AT_type
	.byte	6                       @ DW_AT_decl_file
	.short	1513                    @ DW_AT_decl_line
	.short	272                     @ DW_AT_data_member_location
	.byte	16                      @ Abbrev [16] 0x6d0:0xe DW_TAG_member
	.long	.Linfo_string107        @ DW_AT_name
	.long	551                     @ DW_AT_type
	.byte	6                       @ DW_AT_decl_file
	.short	1514                    @ DW_AT_decl_line
	.short	324                     @ DW_AT_data_member_location
	.byte	16                      @ Abbrev [16] 0x6de:0xe DW_TAG_member
	.long	.Linfo_string108        @ DW_AT_name
	.long	551                     @ DW_AT_type
	.byte	6                       @ DW_AT_decl_file
	.short	1515                    @ DW_AT_decl_line
	.short	328                     @ DW_AT_data_member_location
	.byte	16                      @ Abbrev [16] 0x6ec:0xe DW_TAG_member
	.long	.Linfo_string109        @ DW_AT_name
	.long	1903                    @ DW_AT_type
	.byte	6                       @ DW_AT_decl_file
	.short	1516                    @ DW_AT_decl_line
	.short	332                     @ DW_AT_data_member_location
	.byte	16                      @ Abbrev [16] 0x6fa:0xe DW_TAG_member
	.long	.Linfo_string110        @ DW_AT_name
	.long	551                     @ DW_AT_type
	.byte	6                       @ DW_AT_decl_file
	.short	1517                    @ DW_AT_decl_line
	.short	492                     @ DW_AT_data_member_location
	.byte	16                      @ Abbrev [16] 0x708:0xe DW_TAG_member
	.long	.Linfo_string111        @ DW_AT_name
	.long	556                     @ DW_AT_type
	.byte	6                       @ DW_AT_decl_file
	.short	1518                    @ DW_AT_decl_line
	.short	496                     @ DW_AT_data_member_location
	.byte	16                      @ Abbrev [16] 0x716:0xe DW_TAG_member
	.long	.Linfo_string112        @ DW_AT_name
	.long	551                     @ DW_AT_type
	.byte	6                       @ DW_AT_decl_file
	.short	1519                    @ DW_AT_decl_line
	.short	504                     @ DW_AT_data_member_location
	.byte	16                      @ Abbrev [16] 0x724:0xe DW_TAG_member
	.long	.Linfo_string113        @ DW_AT_name
	.long	568                     @ DW_AT_type
	.byte	6                       @ DW_AT_decl_file
	.short	1520                    @ DW_AT_decl_line
	.short	508                     @ DW_AT_data_member_location
	.byte	0                       @ End Of Children Mark
	.byte	5                       @ Abbrev [5] 0x733:0xc DW_TAG_array_type
	.long	568                     @ DW_AT_type
	.byte	6                       @ Abbrev [6] 0x738:0x6 DW_TAG_subrange_type
	.long	145                     @ DW_AT_type
	.byte	1                       @ DW_AT_count
	.byte	0                       @ End Of Children Mark
	.byte	5                       @ Abbrev [5] 0x73f:0xc DW_TAG_array_type
	.long	568                     @ DW_AT_type
	.byte	6                       @ Abbrev [6] 0x744:0x6 DW_TAG_subrange_type
	.long	145                     @ DW_AT_type
	.byte	8                       @ DW_AT_count
	.byte	0                       @ End Of Children Mark
	.byte	5                       @ Abbrev [5] 0x74b:0xc DW_TAG_array_type
	.long	568                     @ DW_AT_type
	.byte	6                       @ Abbrev [6] 0x750:0x6 DW_TAG_subrange_type
	.long	145                     @ DW_AT_type
	.byte	10                      @ DW_AT_count
	.byte	0                       @ End Of Children Mark
	.byte	5                       @ Abbrev [5] 0x757:0xc DW_TAG_array_type
	.long	568                     @ DW_AT_type
	.byte	6                       @ Abbrev [6] 0x75c:0x6 DW_TAG_subrange_type
	.long	145                     @ DW_AT_type
	.byte	6                       @ DW_AT_count
	.byte	0                       @ End Of Children Mark
	.byte	5                       @ Abbrev [5] 0x763:0xc DW_TAG_array_type
	.long	568                     @ DW_AT_type
	.byte	6                       @ Abbrev [6] 0x768:0x6 DW_TAG_subrange_type
	.long	145                     @ DW_AT_type
	.byte	13                      @ DW_AT_count
	.byte	0                       @ End Of Children Mark
	.byte	5                       @ Abbrev [5] 0x76f:0xc DW_TAG_array_type
	.long	568                     @ DW_AT_type
	.byte	6                       @ Abbrev [6] 0x774:0x6 DW_TAG_subrange_type
	.long	145                     @ DW_AT_type
	.byte	40                      @ DW_AT_count
	.byte	0                       @ End Of Children Mark
	.byte	17                      @ Abbrev [17] 0x77b:0x3e DW_TAG_subprogram
	.long	.Lfunc_begin0           @ DW_AT_low_pc
	.long	.Lfunc_end0             @ DW_AT_high_pc
	.byte	1                       @ DW_AT_frame_base
	.byte	93
	.long	.Linfo_string115        @ DW_AT_name
	.byte	2                       @ DW_AT_decl_file
	.byte	41                      @ DW_AT_decl_line
	.byte	1                       @ DW_AT_prototyped
	.byte	1                       @ DW_AT_external
	.byte	18                      @ Abbrev [18] 0x78e:0xe DW_TAG_variable
	.byte	2                       @ DW_AT_location
	.byte	145
	.byte	12
	.long	.Linfo_string118        @ DW_AT_name
	.byte	2                       @ DW_AT_decl_file
	.byte	43                      @ DW_AT_decl_line
	.long	56                      @ DW_AT_type
	.byte	18                      @ Abbrev [18] 0x79c:0xe DW_TAG_variable
	.byte	2                       @ DW_AT_location
	.byte	145
	.byte	8
	.long	.Linfo_string119        @ DW_AT_name
	.byte	2                       @ DW_AT_decl_file
	.byte	43                      @ DW_AT_decl_line
	.long	56                      @ DW_AT_type
	.byte	18                      @ Abbrev [18] 0x7aa:0xe DW_TAG_variable
	.byte	2                       @ DW_AT_location
	.byte	145
	.byte	4
	.long	.Linfo_string120        @ DW_AT_name
	.byte	2                       @ DW_AT_decl_file
	.byte	44                      @ DW_AT_decl_line
	.long	56                      @ DW_AT_type
	.byte	0                       @ End Of Children Mark
	.byte	19                      @ Abbrev [19] 0x7b9:0x13 DW_TAG_subprogram
	.long	.Lfunc_begin1           @ DW_AT_low_pc
	.long	.Lfunc_end1             @ DW_AT_high_pc
	.byte	1                       @ DW_AT_frame_base
	.byte	93
	.long	.Linfo_string116        @ DW_AT_name
	.byte	2                       @ DW_AT_decl_file
	.byte	81                      @ DW_AT_decl_line
	.byte	1                       @ DW_AT_prototyped
	.byte	1                       @ DW_AT_external
	.byte	19                      @ Abbrev [19] 0x7cc:0x13 DW_TAG_subprogram
	.long	.Lfunc_begin2           @ DW_AT_low_pc
	.long	.Lfunc_end2             @ DW_AT_high_pc
	.byte	1                       @ DW_AT_frame_base
	.byte	93
	.long	.Linfo_string117        @ DW_AT_name
	.byte	2                       @ DW_AT_decl_file
	.byte	140                     @ DW_AT_decl_line
	.byte	1                       @ DW_AT_prototyped
	.byte	1                       @ DW_AT_external
	.byte	0                       @ End Of Children Mark
.Ldebug_info_end0:
	.ident	"Component: ARM Compiler 6.14 Tool: armclang [5db06c00]"
	.section	".note.GNU-stack","",%progbits
	.eabi_attribute	30, 6	@ Tag_ABI_optimization_goals
	.ARM_attribute	16, 1	@ Tag_AV_eba
	.section	.debug_line,"",%progbits
.Lline_table_start0:
